upgrade test failures with weme 6.1.    Since activating the upgrade tests for weme6.1 (and resolving some of the failures) I can now see 1 new error and 13 new failures. Some of these may warrant their own bug; some are probably caused by the initial problem.(In the section below  I'm skipping the junit.extensions.* part of the stack.)error:2) testProcedureSignature(org.apache.derbyTesting.functionTests.tests.upgradeTests.Changes10_1)java.sql.SQLException: PROCEDURE 'GC' already exists. at org.apache.derby.iapi.error.StandardException.newException(Unknown Source) at org.apache.derby.impl.sql.execute.CreateAliasConstantAction.executeConstantAction(Unknown Source) at org.apache.derby.impl.sql.execute.MiscResultSet.open(Unknown Source) at org.apache.derby.impl.sql.GenericPreparedStatement.execute(Unknown Source) at org.apache.derby.impl.jdbc.EmbedStatement.executeStatement(Unknown Source) at org.apache.derby.impl.jdbc.EmbedStatement.execute(Unknown Source) at org.apache.derby.impl.jdbc.EmbedStatement.execute(Unknown Source) at org.apache.derbyTesting.functionTests.tests.upgradeTests.Changes10_1.testProcedureSignature(Changes10_1.java:87) at org.apache.derbyTesting.junit.BaseTestCase.runBare(BaseTestCase.java:88) ....------------------failures: 6) testProcedureSignature(org.apache.derbyTesting.functionTests.tests.upgradeTests.Changes10_1)junit.framework.AssertionFailedError: Expected error 'XCL47' but no error was thrown. at org.apache.derbyTesting.junit.BaseJDBCTestCase.assertStatementError(BaseJDBCTestCase.java:703) at org.apache.derbyTesting.functionTests.tests.upgradeTests.Changes10_1.testProcedureSignature(Changes10_1.java:82) at java.lang.reflect.AccessibleObject.invokeV(AccessibleObject.java:205) at &lt;unknown class&gt;.&lt;unknown method&gt;(Unknown Source) at org.apache.derbyTesting.junit.BaseTestCase.runBare(BaseTestCase.java:88) ...2) and  11) testOldVersion(org.apache.derbyTesting.functionTests.tests.upgradeTests.BasicSetup)junit.framework.AssertionFailedError: Old minor (driver): expected:&lt;0&gt; but was:&lt;3&gt; at org.apache.derbyTesting.functionTests.tests.upgradeTests.BasicSetup.testOldVersion(BasicSetup.java:61) at java.lang.reflect.AccessibleObject.invokeV(AccessibleObject.java:205) at &lt;unknown class&gt;.&lt;unknown method&gt;(Unknown Source) at org.apache.derbyTesting.junit.BaseTestCase.runBare(BaseTestCase.java:88) ...--------------------3)  7) and 12)  with a variation in originating line number in Changes10_2:(marked (#) in the stack below).and expected error numbertestGrantRevokeStatements(org.apache.derbyTesting.functionTests.tests.upgradeTests.Changes10_2)(3  12) junit.framework.ComparisonFailure: Unexpected SQL state. expected:&lt;...X01&gt; but was:&lt;...Z60&gt;(7)junit.framework.ComparisonFailure: Unexpected SQL state. expected:&lt;XCL47&gt; but was:&lt;42Z60&gt; at org.apache.derbyTesting.junit.BaseJDBCTestCase.assertSQLState(BaseJDBCTestCase.java:523) at org.apache.derbyTesting.junit.BaseJDBCTestCase.assertSQLState(BaseJDBCTestCase.java:585) at org.apache.derbyTesting.junit.BaseJDBCTestCase.assertStatementError(BaseJDBCTestCase.java:706)(3  12) at org.apache.derbyTesting.functionTests.tests.upgradeTests.Changes10_2.testGrantRevokeStatements(Changes10_2.java:241)(7) at org.apache.derbyTesting.functionTests.tests.upgradeTests.Changes10_2.testGrantRevokeStatements(Changes10_2.java:250) at java.lang.reflect.AccessibleObject.invokeV(AccessibleObject.java:205) at &lt;unknown class&gt;.&lt;unknown method&gt;(Unknown Source) at org.apache.derbyTesting.junit.BaseTestCase.runBare(BaseTestCase.java:88) ...Caused by: java.sql.SQLException: GRANT not allowed unless database property derby.database.sqlAuthorization has value 'TRUE'. at org.apache.derby.iapi.error.StandardException.newException(Unknown Source) at org.apache.derby.impl.sql.compile.SQLParser.checkSqlStandardAccess(Unknown Source) at org.apache.derby.impl.sql.compile.SQLParser.grantStatement(Unknown Source) at org.apache.derby.impl.sql.compile.SQLParser.StatementPart(Unknown Source) at org.apache.derby.impl.sql.compile.SQLParser.Statement(Unknown Source) at org.apache.derby.impl.sql.compile.ParserImpl.parseStatement(Unknown Source) at org.apache.derby.impl.sql.GenericStatement.prepMinion(Unknown Source) at org.apache.derby.impl.sql.GenericStatement.prepare(Unknown Source) at org.apache.derby.impl.sql.conn.GenericLanguageConnectionContext.prepareInternalStatement(Unknown Source) at org.apache.derby.impl.jdbc.EmbedStatement.execute(Unknown Source) at org.apache.derby.impl.jdbc.EmbedStatement.execute(Unknown Source) at org.apache.derbyTesting.junit.BaseJDBCTestCase.assertStatementError(BaseJDBCTestCase.java:701)(3  12) at org.apache.derbyTesting.functionTests.tests.upgradeTests.Changes10_2.testGrantRevokeStatements(Changes10_2.java:241)(7) at org.apache.derbyTesting.functionTests.tests.upgradeTests.Changes10_2.testGrantRevokeStatements(Changes10_2.java:250) at at java.lang.reflect.AccessibleObject.invokeV(AccessibleObject.java:205) ... 64 more------------------4)  8) and 13) testDatabaseOwnerChange(org.apache.derbyTesting.functionTests.tests.upgradeTests.Changes10_2)junit.framework.ComparisonFailure: AUTHORIZATIONID not valid for SYSIBM expected:&lt;DBA&gt; but was:&lt;APP&gt; at org.apache.derbyTesting.functionTests.tests.upgradeTests.Changes10_2.checkSystemSchemasOwner(Changes10_2.java:300) at org.apache.derbyTesting.functionTests.tests.upgradeTests.Changes10_2.testDatabaseOwnerChange(Changes10_2.java:282) at java.lang.reflect.AccessibleObject.invokeV(AccessibleObject.java:205) at &lt;unknown class&gt;.&lt;unknown method&gt;(Unknown Source) at org.apache.derbyTesting.junit.BaseTestCase.runBare(BaseTestCase.java:88) ...------------------5)   10) and 14)testPolicyReloadingProcedure(org.apache.derbyTesting.functionTests.tests.upgradeTests.Changes10_3)junit.framework.AssertionFailedError: Reloading results. expected:&lt;false&gt; but was:&lt;true&gt; at org.apache.derbyTesting.functionTests.tests.upgradeTests.Changes10_3.tryReloading(Changes10_3.java:362) at org.apache.derbyTesting.functionTests.tests.upgradeTests.Changes10_3.assertPolicyReloaderDoesNotExist(Changes10_3.java:340) at org.apache.derbyTesting.functionTests.tests.upgradeTests.Changes10_3.testPolicyReloadingProcedure(Changes10_3.java:311) at java.lang.reflect.AccessibleObject.invokeV(AccessibleObject.java:205) at &lt;unknown class&gt;.&lt;unknown method&gt;(Unknown Source) at org.apache.derbyTesting.junit.BaseTestCase.runBare(BaseTestCase.java:88) ...------------------9) testImportExportLobsProcedures(org.apache.derbyTesting.functionTests.tests.upgradeTests.Changes10_3)junit.framework.AssertionFailedError: Expected error '42Y03' but no error was thrown. at org.apache.derbyTesting.junit.BaseJDBCTestCase.assertStatementError(BaseJDBCTestCase.java:703) at org.apache.derbyTesting.functionTests.tests.upgradeTests.Changes10_3.testImportExportLobsProcedures(Changes10_3.java:252) at java.lang.reflect.AccessibleObject.invokeV(AccessibleObject.java:205) at &lt;unknown class&gt;.&lt;unknown method&gt;(Unknown Source) at org.apache.derbyTesting.junit.BaseTestCase.runBare(BaseTestCase.java:88) ...------------------   