'No method was found that matched the method call ....' in testPayment and testSubmitter (org.apache.derbyTesting.system.oe.test.OperationsTester) on 10.5.1.1 (RC2)    Seen when running testPayment(org.apache.derbyTesting.system.oe.test.OperationsTester) with 10.5.1.1 (RC2).The test passed with no failures on 10.4.2.0.1) testPayment(org.apache.derbyTesting.system.oe.test.OperationsTester)java.sql.SQLSyntaxErrorException: No method was found that matched the method call org.apache.derbyTesting.system.oe.routines.Data.dataForBadCredit(java.lang.String  short  short  short  short  int  java.math.BigDecimal)  tried all combinations of object and primitive types and any possible type conversion for any parameters the method call may have. The method might exist but it is not public and/or static  or the parameter types are not method invocation convertible. at org.apache.derby.impl.jdbc.SQLExceptionFactory40.getSQLException(Unknown Source) at org.apache.derby.impl.jdbc.Util.generateCsSQLException(Unknown Source) at org.apache.derby.impl.jdbc.TransactionResourceImpl.wrapInSQLException(Unknown Source) at org.apache.derby.impl.jdbc.TransactionResourceImpl.handleException(Unknown Source) at org.apache.derby.impl.jdbc.EmbedConnection.handleException(Unknown Source) at org.apache.derby.impl.jdbc.ConnectionChild.handleException(Unknown Source) at org.apache.derby.impl.jdbc.EmbedPreparedStatement.&lt;init&gt;(Unknown Source) at org.apache.derby.impl.jdbc.EmbedPreparedStatement20.&lt;init&gt;(Unknown Source) at org.apache.derby.impl.jdbc.EmbedPreparedStatement30.&lt;init&gt;(Unknown Source) at org.apache.derby.impl.jdbc.EmbedPreparedStatement40.&lt;init&gt;(Unknown Source) at org.apache.derby.jdbc.Driver40.newEmbedPreparedStatement(Unknown Source) at org.apache.derby.impl.jdbc.EmbedConnection.prepareStatement(Unknown Source) at org.apache.derby.impl.jdbc.EmbedConnection.prepareStatement(Unknown Source) at org.apache.derbyTesting.system.oe.direct.StatementHelper.prepareStatement(StatementHelper.java:76) at org.apache.derbyTesting.system.oe.direct.Standard.paymentById(Standard.java:420) at org.apache.derbyTesting.system.oe.direct.Standard.payment(Standard.java:375) at org.apache.derbyTesting.system.oe.test.OperationsTester.testPayment(OperationsTester.java:134) at sun.reflect.NativeMethodAccessorImpl.invoke0(Native Method) at sun.reflect.NativeMethodAccessorImpl.invoke(NativeMethodAccessorImpl.java:39) at sun.reflect.DelegatingMethodAccessorImpl.invoke(DelegatingMethodAccessorImpl.java:25) at org.apache.derbyTesting.junit.BaseTestCase.runBare(BaseTestCase.java:105) at junit.extensions.TestDecorator.basicRun(TestDecorator.java:24) at junit.extensions.TestSetup$1.protect(TestSetup.java:21) at junit.extensions.TestSetup.run(TestSetup.java:25) at org.apache.derbyTesting.junit.BaseTestSetup.run(BaseTestSetup.java:57)2) testSubmitter(org.apache.derbyTesting.system.oe.test.OperationsTester)java.sql.SQLSyntaxErrorException: No method was found that matched the method call org.apache.derbyTesting.system.oe.routines.Data.dataForBadCredit(java.lang.String  short  short  short  short  int  java.math.BigDecimal)  tried all combinations of object and primitive types and any possible type conversion for any parameters the method call may have. The method might exist but it is not public and/or static  or the parameter types are not method invocation convertible. at org.apache.derby.impl.jdbc.SQLExceptionFactory40.getSQLException(Unknown Source) at org.apache.derby.impl.jdbc.Util.generateCsSQLException(Unknown Source) at org.apache.derby.impl.jdbc.TransactionResourceImpl.wrapInSQLException(Unknown Source) at org.apache.derby.impl.jdbc.TransactionResourceImpl.handleException(Unknown Source) at org.apache.derby.impl.jdbc.EmbedConnection.handleException(Unknown Source) at org.apache.derby.impl.jdbc.ConnectionChild.handleException(Unknown Source) at org.apache.derby.impl.jdbc.EmbedPreparedStatement.&lt;init&gt;(Unknown Source) at org.apache.derby.impl.jdbc.EmbedPreparedStatement20.&lt;init&gt;(Unknown Source) at org.apache.derby.impl.jdbc.EmbedPreparedStatement30.&lt;init&gt;(Unknown Source) at org.apache.derby.impl.jdbc.EmbedPreparedStatement40.&lt;init&gt;(Unknown Source) at org.apache.derby.jdbc.Driver40.newEmbedPreparedStatement(Unknown Source) at org.apache.derby.impl.jdbc.EmbedConnection.prepareStatement(Unknown Source) at org.apache.derby.impl.jdbc.EmbedConnection.prepareStatement(Unknown Source) at org.apache.derbyTesting.system.oe.direct.StatementHelper.prepareStatement(StatementHelper.java:76) at org.apache.derbyTesting.system.oe.direct.Standard.paymentById(Standard.java:420) at org.apache.derbyTesting.system.oe.direct.Standard.payment(Standard.java:395) at org.apache.derbyTesting.system.oe.client.Submitter.runPayment(Submitter.java:437) at org.apache.derbyTesting.system.oe.client.Submitter.runTransaction(Submitter.java:316) at org.apache.derbyTesting.system.oe.test.OperationsTester.testSubmitter(OperationsTester.java:259) at sun.reflect.NativeMethodAccessorImpl.invoke0(Native Method) at sun.reflect.NativeMethodAccessorImpl.invoke(NativeMethodAccessorImpl.java:39) at sun.reflect.DelegatingMethodAccessorImpl.invoke(DelegatingMethodAccessorImpl.java:25) at org.apache.derbyTesting.junit.BaseTestCase.runBare(BaseTestCase.java:105) at junit.extensions.TestDecorator.basicRun(TestDecorator.java:24) at junit.extensions.TestSetup$1.protect(TestSetup.java:21) at junit.extensions.TestSetup.run(TestSetup.java:25) at org.apache.derbyTesting.junit.BaseTestSetup.run(BaseTestSetup.java:57)Related to DERBY-1483  DERBY-3119  DERBY-2179  DERBY-3652?   