SysDiagVTIMappingTest.test_5391() failed: java.text.ParseException: Unparseable date: 'Thu Sep 15 14:00:16 CEST 2011'    Seen when testing the 10.8.2.1 release candidate on Windows 7:http://dbtg.foundry.sun.com/derby/test/10.8.2.1_RC/logs/jvm1.6/win7/suitesAll/report.txtThere were 2 errors:1) test_5391(org.apache.derbyTesting.functionTests.tests.lang.SysDiagVTIMappingTest)java.text.ParseException: Unparseable date: 'Thu Sep 15 14:00:16 CEST 2011' at java.text.DateFormat.parse(DateFormat.java:337) at org.apache.derbyTesting.functionTests.tests.lang.SysDiagVTIMappingTest.vetTimestamp(SysDiagVTIMappingTest.java:744) at org.apache.derbyTesting.functionTests.tests.lang.SysDiagVTIMappingTest.test_5391(SysDiagVTIMappingTest.java:728) at sun.reflect.NativeMethodAccessorImpl.invoke0(Native Method) at sun.reflect.NativeMethodAccessorImpl.invoke(NativeMethodAccessorImpl.java:39) at sun.reflect.DelegatingMethodAccessorImpl.invoke(DelegatingMethodAccessorImpl.java:25) at org.apache.derbyTesting.junit.BaseTestCase.runBare(BaseTestCase.java:113) at junit.extensions.TestDecorator.basicRun(TestDecorator.java:24) at junit.extensions.TestSetup$1.protect(TestSetup.java:21) at junit.extensions.TestSetup.run(TestSetup.java:25) at org.apache.derbyTesting.junit.BaseTestSetup.run(BaseTestSetup.java:57) at junit.extensions.TestDecorator.basicRun(TestDecorator.java:24) at junit.extensions.TestSetup$1.protect(TestSetup.java:21) at junit.extensions.TestSetup.run(TestSetup.java:25) at junit.extensions.TestDecorator.basicRun(TestDecorator.java:24) at junit.extensions.TestSetup$1.protect(TestSetup.java:21) at junit.extensions.TestSetup.run(TestSetup.java:25) at junit.extensions.TestDecorator.basicRun(TestDecorator.java:24) at junit.extensions.TestSetup$1.protect(TestSetup.java:21) at junit.extensions.TestSetup.run(TestSetup.java:25)2) test_5391(org.apache.derbyTesting.functionTests.tests.lang.SysDiagVTIMappingTest)java.text.ParseException: Unparseable date: 'Thu Sep 15 14:00:16 CEST 2011' at java.text.DateFormat.parse(DateFormat.java:337) at org.apache.derbyTesting.functionTests.tests.lang.SysDiagVTIMappingTest.vetTimestamp(SysDiagVTIMappingTest.java:744) at org.apache.derbyTesting.functionTests.tests.lang.SysDiagVTIMappingTest.test_5391(SysDiagVTIMappingTest.java:728) at sun.reflect.NativeMethodAccessorImpl.invoke0(Native Method) at sun.reflect.NativeMethodAccessorImpl.invoke(NativeMethodAccessorImpl.java:39) at sun.reflect.DelegatingMethodAccessorImpl.invoke(DelegatingMethodAccessorImpl.java:25) at org.apache.derbyTesting.junit.BaseTestCase.runBare(BaseTestCase.java:113) at junit.extensions.TestDecorator.basicRun(TestDecorator.java:24) at junit.extensions.TestSetup$1.protect(TestSetup.java:21) at junit.extensions.TestSetup.run(TestSetup.java:25) at org.apache.derbyTesting.junit.BaseTestSetup.run(BaseTestSetup.java:57) at junit.extensions.TestDecorator.basicRun(TestDecorator.java:24) at junit.extensions.TestSetup$1.protect(TestSetup.java:21) at junit.extensions.TestSetup.run(TestSetup.java:25) at junit.extensions.TestDecorator.basicRun(TestDecorator.java:24) at junit.extensions.TestSetup$1.protect(TestSetup.java:21) at junit.extensions.TestSetup.run(TestSetup.java:25) at org.apache.derbyTesting.junit.BaseTestSetup.run(BaseTestSetup.java:57) at junit.extensions.TestDecorator.basicRun(TestDecorator.java:24) at junit.extensions.TestSetup$1.protect(TestSetup.java:21) at junit.extensions.TestSetup.run(TestSetup.java:25) at junit.extensions.TestDecorator.basicRun(TestDecorator.java:24) at junit.extensions.TestSetup$1.protect(TestSetup.java:21) at junit.extensions.TestSetup.run(TestSetup.java:25) at junit.extensions.TestDecorator.basicRun(TestDecorator.java:24) at junit.extensions.TestSetup$1.protect(TestSetup.java:21) at junit.extensions.TestSetup.run(TestSetup.java:25)   