<title>Issue 23858 -   chromium -    Interactive_UI_Tests: Temporarily disable a bunch of DevToolsSanityTests - Project Hosting on Google Code</title> <pre> The following 16 tests started failing with the WebKit merge from 49050:49097.  There were several   inspector changes in there.    [  FAILED  ] DevToolsSanityTest.TestElementsTreeRoot  [  FAILED  ] DevToolsSanityTest.TestMainResource  [  FAILED  ] DevToolsSanityTest.TestEnableResourcesTab  [  FAILED  ] DevToolsSanityTest.TestProfilerTab  [  FAILED  ] DevToolsSanityTest.TestShowScriptsTab  [  FAILED  ] DevToolsSanityTest.TestNoScriptDuplicatesOnPanelSwitch  [  FAILED  ] DevToolsSanityTest.TestSetBreakpoint  [  FAILED  ] DevToolsSanityTest.TestEvalOnCallFrame  [  FAILED  ] DevToolsSanityTest.TestStepOver  [  FAILED  ] DevToolsSanityTest.TestStepOut  [  FAILED  ] DevToolsSanityTest.TestStepIn  [  FAILED  ] DevToolsSanityTest.TestExpandScope  [  FAILED  ] DevToolsSanityTest.TestAutoContinueOnSyntaxError  [  FAILED  ] DevToolsSanityTest.TestConsoleEval  [  FAILED  ] DevToolsSanityTest.TestConsoleLog  [  FAILED  ] DevToolsSanityTest.TestEvalGlobal    Example failures:  DevToolsSanityTest.TestElementsTreeRoot  [20994:20994:1005/123019:4055600674365:INFO:CONSOLE(0)] &quot;Uncaught TypeError: Cannot call method   'addEventListener' of null &quot; source: chrome://devtools/inspector.js (463)  /b/slave/chromium-dbg-linux-  interactive/build/src/chrome/browser/debugger/devtools_sanity_unittest.cc:90: Failure  Value of: result    Actual: &quot;[FAILED] TypeError: Cannot read property 'documentElement' of null&quot;  Expected: &quot;[OK]&quot;    DevToolsSanityTest.TestMainResource  [20994:20994:1005/123023:4055604348340:INFO:CONSOLE(0)] &quot;Uncaught TypeError: Cannot call method   'addEventListener' of null &quot; source: chrome://devtools/inspector.js (463)  /b/slave/chromium-dbg-linux-  interactive/build/src/chrome/browser/debugger/devtools_sanity_unittest.cc:90: Failure  Value of: result    Actual: &quot;[FAILED] Expected: &quot;simple_page.html&quot;  but was &quot;&quot;&quot;  Expected: &quot;[OK]&quot;    Others exceed timeout. </pre>