<title>Issue 26325 -   chromium -    DownloadTest.PerWindowShelf random failures - Project Hosting on Google Code</title> <pre> Example of flaky test:    [----------] 2 tests from DownloadTest  [ RUN      ] DownloadTest.DownloadMimeType  [       OK ] DownloadTest.DownloadMimeType (5953 ms)  [ RUN      ] DownloadTest.PerWindowShelf  C:bslavechromium-dbg-  builderbuildsrcchromebrowserdownloaddownload_uitest.cc(170): error:   Failed  Could not detect Internet ZoneIndentifier  [  FAILED  ] DownloadTest.PerWindowShelf (44505 ms)  [----------] 2 tests from DownloadTest (50458 ms total) </pre>