<title>Issue 26964 -   chromium -    Invalid read of size 4 in  findElementGivenHash (/b/slave/chromium-rel-mac-valgrind-ui-3/build/src/third_party/sqlite/src/hash.c:159) - Project Hosting on Google Code</title> <pre> http://chrome-  buildbot.corp.google.com:8010/builders/Chromium%20Mac%20UI%20(valgrind)(3)/  builds/483  http://chrome-  buildbot.corp.google.com:8010/builders/Chromium%20Mac%20UI%20(valgrind)(3)/  builds/483/steps/valgrind%20test:%20ui/logs/stdio  10:55:24 memcheck_analyze.py [ERROR] FAIL! There were 1 errors:  10:56:47 memcheck_analyze.py [ERROR] InvalidRead  Command: /b/slave/chromium-rel-mac-valgrind-ui-  3/build/src/xcodebuild/Debug/Chromium.app/Contents/MacOS/Chromium --no-  first-run --no-default-browser-check --enable-file-cookies --dom-automation   --testing-channel=ChromeTestingInterface:92823.22 --homepage=about:blank --  disable-web-resources --user-data-dir=/private/var/folders/pA/pAFAklSwHlKv-  nkZRJzCU++++TM/-Tmp-/org.chromium.hpRCVi/test_user_data --metrics-  recording-only --enable-logging --test-  name=AutomationProxyTest.NavigateToURL --lang=en-US  Invalid read of size 4    findElementGivenHash (/b/slave/chromium-rel-mac-valgrind-ui-  3/build/src/third_party/sqlite/src/hash.c:159)    sqlite3HashFind (/b/slave/chromium-rel-mac-valgrind-ui-  3/build/src/third_party/sqlite/src/hash.c:217)    sqlite3FindTable (/b/slave/chromium-rel-mac-valgrind-ui-  3/build/src/third_party/sqlite/src/build.c:277)    sqlite3LocateTable (/b/slave/chromium-rel-mac-valgrind-ui-  3/build/src/third_party/sqlite/src/build.c:307)    selectExpander (/b/slave/chromium-rel-mac-valgrind-ui-  3/build/src/third_party/sqlite/src/select.c:3066)    sqlite3WalkSelect (/b/slave/chromium-rel-mac-valgrind-ui-  3/build/src/third_party/sqlite/src/walker.c:131)    sqlite3SelectExpand (/b/slave/chromium-rel-mac-valgrind-ui-  3/build/src/third_party/sqlite/src/select.c:3262)    sqlite3SelectPrep (/b/slave/chromium-rel-mac-valgrind-ui-  3/build/src/third_party/sqlite/src/select.c:3345)    sqlite3Select (/b/slave/chromium-rel-mac-valgrind-ui-  3/build/src/third_party/sqlite/src/select.c:3557)    yy_reduce (parse.y:404)    sqlite3Parser (parse.c:3691)    sqlite3RunParser (/b/slave/chromium-rel-mac-valgrind-ui-  3/build/src/third_party/sqlite/src/tokenize.c:471)    sqlite3Prepare (/b/slave/chromium-rel-mac-valgrind-ui-  3/build/src/third_party/sqlite/src/prepare.c:612)    sqlite3LockAndPrepare (/b/slave/chromium-rel-mac-valgrind-ui-  3/build/src/third_party/sqlite/src/prepare.c:710)    sqlite3_prepare_v2 (/b/slave/chromium-rel-mac-valgrind-ui-  3/build/src/third_party/sqlite/src/prepare.c:785)    sql::Connection::GetUniqueStatement(char const*) (connection.cc:198)    sql::Connection::GetCachedStatement(sql::StatementID const&amp;  char const*)   (connection.cc:186)    history::VisitDatabase::GetStartDate(base::Time*) (visit_database.cc:445)    history::HistoryBackend::InitImpl() (history_backend.cc:602)    history::HistoryBackend::Init(bool) (history_backend.cc:221)    void DispatchToMethod&lt;history::HistoryBackend  void   (history::HistoryBackend::*)(bool)  bool&gt;(history::HistoryBackend*  void   (history::HistoryBackend::*)(bool)  Tuple1&lt;bool&gt; const&amp;) (tuple.h:422)    RunnableMethod&lt;history::HistoryBackend  void   (history::HistoryBackend::*)(bool)  Tuple1&lt;bool&gt; &gt;::Run() (task.h:277)    MessageLoop::RunTask(Task*) (message_loop.cc:320)    MessageLoop::DeferOrRunPendingTask(MessageLoop::PendingTask const&amp;)   (message_loop.cc:328)    MessageLoop::DoWork() (message_loop.cc:435)    base::MessagePumpDefault::Run(base::MessagePump::Delegate*)   (message_pump_default.cc:23)    MessageLoop::RunInternal() (message_loop.cc:205)    MessageLoop::RunHandler() (message_loop.cc:177)    MessageLoop::Run() (message_loop.cc:155)    (anonymous namespace)::ChromeHistoryThread::Run(MessageLoop*)   (history.cc:79) </pre>