<title>Issue 27271 -   chromium -    ExtensionApiTest.Popup is failing consistently - Project Hosting on Google Code</title> <pre> Got EXTENSION_LOADED notification.  ( RUN      ) show  Got EXTENSION_HOST_DID_STOP_LOADING notification.  Got EXTENSION_HOST_DID_STOP_LOADING notification.  (  SUCCESS )  ( RUN      ) accessPopup  (  SUCCESS )  ( RUN      ) accessHost  (  SUCCESS )  ( RUN      ) closePopup  (  FAILED  ) closePopup  Got EXTENSION_TEST_FAILED notification.  C:bslavechromium-rel-  builderbuildsrcchromebrowserextensionsextension_popup_apitest.cc  (12): error: Value of: RunExtensionTest(&quot;popup_api&quot;)    Actual: false  Expected: true  FAIL (no message)      at Object.assertTrue (chrome/extensionapitest:101:18)      at chrome-  extension://jhnldfhljghnhaoinpkffoknlhlelaip/toolband.html:46:20      at safeFunctionApply (chrome/extensionapitest:127:13)      at chrome/extensionapitest:173:6      at [object Object].dispatch (chrome/EventBindings:132:27)      at Object.&lt;anonymous&gt; (chrome/EventBindings:58:48)    Failed this way 7 time(s). First failure was on 2009-11-05  and last on   2009-11-09.  Got EXTENSION_LOADED notification.  ( RUN      ) show  Got EXTENSION_HOST_DID_STOP_LOADING notification.  Got EXTENSION_HOST_DID_STOP_LOADING notification.  (  SUCCESS )  ( RUN      ) accessPopup  (  SUCCESS )  ( RUN      ) accessHost  (  SUCCESS )  ( RUN      ) closePopup  (  FAILED  ) closePopup  Got EXTENSION_TEST_FAILED notification.  C:bslavechromium-dbg-  builderbuildsrcchromebrowserextensionsextension_popup_apitest.cc  (12): error: Value of: RunExtensionTest(&quot;popup_api&quot;)    Actual: false  Expected: true  FAIL (no message)      at Object.assertTrue (chrome/extensionapitest:101:18)      at chrome-  extension://plmakbcdgiacbgedcoeghmoamncpejfj/toolband.html:46:20      at safeFunctionApply (chrome/extensionapitest:127:13)      at chrome/extensionapitest:173:6      at [object Object].dispatch (chrome/EventBindings:132:27)      at Object.&lt;anonymous&gt; (chrome/EventBindings:58:48)    Failed this way 4 time(s). First failure was on 2009-11-04  and last on   2009-11-09. </pre>