<title>Issue 27936 -   chromium -    Leak in history::ExpireHistoryBackend::BroadcastDeleteNotifications - Project Hosting on Google Code</title> <pre> From   <a href="http://build.chromium.org/buildbot/waterfall/builders/Linux%20Tests%20(valg">http://build.chromium.org/buildbot/waterfall/builders/Linux%20Tests%20(valg</a>  rind)(1)/builds/1252/steps/valgrind%20test:%20ui/logs/stdio    18:22:52 memcheck_analyze.py [ERROR] FAIL! There were 1 errors:  18:22:52 memcheck_analyze.py [ERROR] Leak_DefinitelyLost  Command: /b/slave/chromium-rel-linux-valgrind-tests-  1/build/src/sconsbuild/Release/chrome --no-first-run --no-default-browser-  check --enable-file-cookies --dom-automation --testing-  channel=ChromeTestingInterface:31498.35 --disable-web-resources --user-  data-dir=/tmp/org.chromium.lgX7AC/test_user_data --metrics-recording-only -  -enable-logging --test-name=NewTabUITest.ChromeInternalLoadsNTP  525 (32 direct  493 indirect) bytes in 1 blocks are definitely lost in loss   record 6 461 of 6 740    operator new(unsigned int) (ome/chrome-bot/valgrind-10880-  redzone/coregrind/m_replacemalloc/vg_replace_malloc.c:214)      history::ExpireHistoryBackend::BroadcastDeleteNotifications(history::Expire  HistoryBackend::DeleteDependencies*)   (uilder/build/src/chrome/browser/history/expire_history_backend.cc:314)    history::ExpireHistoryBackend::ArchiveSomeOldHistory(base::Time    history::ExpiringVisitsReader const*  int)   (uilder/build/src/chrome/browser/history/expire_history_backend.cc:619)    history::ExpireHistoryBackend::DoArchiveIteration()   (uilder/build/src/chrome/browser/history/expire_history_backend.cc:553)    void DispatchToMethod&lt;history::ExpireHistoryBackend  void   (history::ExpireHistoryBackend::*)()&gt;(history::ExpireHistoryBackend*  void   (history::ExpireHistoryBackend::*)()  Tuple0 const&amp;)   (uilder/build/src/base/tuple.h:412)      ScopedRunnableMethodFactory&lt;history::ExpireHistoryBackend&gt;::RunnableMethod&lt;  void (history::ExpireHistoryBackend::*)()  Tuple0&gt;::Run()   (uilder/build/src/base/task.h:147)    MessageLoop::RunTask(Task*) (uilder/build/src/base/message_loop.cc:320)    MessageLoop::DeferOrRunPendingTask(MessageLoop::PendingTask const&amp;)   (uilder/build/src/base/message_loop.cc:328)    MessageLoop::DoDelayedWork(base::Time*)   (uilder/build/src/base/message_loop.cc:462)    base::MessagePumpDefault::Run(base::MessagePump::Delegate*)   (uilder/build/src/base/message_pump_default.cc:27)    MessageLoop::RunInternal() (uilder/build/src/base/message_loop.cc:205)    MessageLoop::RunHandler() (uilder/build/src/base/message_loop.cc:177)    MessageLoop::Run() (uilder/build/src/base/message_loop.cc:155)    base::Thread::Run(MessageLoop*) (uilder/build/src/base/thread.cc:132)    base::Thread::ThreadMain() (uilder/build/src/base/thread.cc:153)    ThreadFunc(void*) (uilder/build/src/base/platform_thread_posix.cc:26)    start_thread (/lib/tls/i686/cmov/libpthread-2.7.so)    Blame list is:    agl@chromium.org  dglazkov@chromium.org  erikkay@chromium.org  estade@chromium.org  ojan@chromium.org  pkasting@chromium.org </pre>