<title>Issue 28824 -   chromium -    Memory leak in CreateProfile - Project Hosting on Google Code</title> <pre> Valgrind output:    13:46:57 memcheck_analyze.py [ERROR] FAIL! There were 1 errors:  13:46:57 memcheck_analyze.py [ERROR] Leak_DefinitelyLost  Command: src/sconsbuild/Release/unit_tests --gtest_filter=-  VisitedLinkEventsTest.Coalescense:VisitedLinkRelayTest.Basics:RenderViewTest.ImeComposition  :DnsMasterTest.MassiveConcurrentLookupTest --gtest_print_time  156 (108 direct  48 indirect) bytes in 1 blocks are definitely lost in loss record 21 133   of 22 452    operator new(unsigned int) (ome/chrome-bot/valgrind-10880-  redzone/coregrind/m_replacemalloc/vg_replace_malloc.c:214)    ProfileImpl::ProfileImpl(FilePath const&amp;)   (uilder/build/src/chrome/browser/profile.cc:596)    Profile::CreateProfile(FilePath const&amp;) (uilder/build/src/chrome/browser/profile.cc:164)    ProfileManager::CreateProfile(FilePath const&amp;  std::basic_string&lt;wchar_t    std::char_traits&lt;wchar_t&gt;  std::allocator&lt;wchar_t&gt; &gt; const&amp;  std::basic_string&lt;wchar_t    std::char_traits&lt;wchar_t&gt;  std::allocator&lt;wchar_t&gt; &gt; const&amp;  std::basic_string&lt;wchar_t    std::char_traits&lt;wchar_t&gt;  std::allocator&lt;wchar_t&gt; &gt; const&amp;)   (uilder/build/src/chrome/browser/profile_manager.cc:306)    ProfileManagerTest_CreateProfile_Test::TestBody()   (uilder/build/src/chrome/browser/profile_manager_unittest.cc:67)    testing::Test::Run() (uilder/build/src/testing/gtest/src/gtest.cc:2099)    testing::internal::TestInfoImpl::Run() (uilder/build/src/testing/gtest/src/gtest.cc:2318)    testing::TestCase::Run() (uilder/build/src/testing/gtest/src/gtest.cc:2426)    testing::internal::UnitTestImpl::RunAllTests()   (uilder/build/src/testing/gtest/src/gtest.cc:4026)    testing::UnitTest::Run() (uilder/build/src/testing/gtest/src/gtest.cc:3694)    TestSuite::Run() (uilder/build/src/base/test/test_suite.h:123)    main (uilder/build/src/chrome/test/unit/run_all_unittests.cc:8)  Suppression:  {     &lt;insert_a_suppression_name_here&gt;     Memcheck:Leak     fun:_Znw*     fun:_ZN11ProfileImplC1ERK8FilePath     fun:_ZN7Profile13CreateProfileERK8FilePath     fun:_ZN14ProfileManager13CreateProfileERK8FilePathRKSbIwSt11char_traitsIwESaIwEES8_S8_     fun:_ZN37ProfileManagerTest_CreateProfile_Test8TestBodyEv     fun:_ZN7testing4Test3RunEv     fun:_ZN7testing8internal12TestInfoImpl3RunEv     fun:_ZN7testing8TestCase3RunEv     fun:_ZN7testing8internal12UnitTestImpl11RunAllTestsEv     fun:_ZN7testing8UnitTest3RunEv     fun:_ZN9TestSuite3RunEv     fun:main  }   </pre>