<title>Issue 29079 -   chromium -    ExternalTabUITest.CreateExternalTab2 is flaky - Project Hosting on Google Code</title> <pre> Marking test as flaky.    <a href="http://build.chromium.org/buildbot/waterfall/builders/XP%20Tests%20(dbg)(4)">http://build.chromium.org/buildbot/waterfall/builders/XP%20Tests%20(dbg)(4)</a>  /builds/1514/steps/ui_tests/logs/stdio    [ RUN      ] ExternalTabUITest.CreateExternalTab2  unknown file: error:  Unexpected mock function call - returning directly.      Function call: HandleClosed(2)  Google Mock tried the following 1 expectation  but it didn't match:    C:bslavechromium-dbg-  builderbuildsrcchrometestautomationautomation_proxy_uitest.cc:1049:    Expected arg #0: is equal to 1             Actual: 2           Expected: to be called once             Actual: called once - saturated and active  [  FAILED  ] ExternalTabUITest.CreateExternalTab2 (1406 ms) </pre>