<title>Issue 29113 -   chromium -    BlacklistManagerBrowserTest.Basic is flaky - Project Hosting on Google Code</title> <pre> <a href="http://build.chromium.org/buildbot/waterfall/builders/XP%20Tests%20(dbg)(4)">http://build.chromium.org/buildbot/waterfall/builders/XP%20Tests%20(dbg)(4)</a>  /builds/1530/steps/browser_tests/logs/stdio    Note: Google Test filter = BlacklistManagerBrowserTest.Basic  [==========] Running 1 test from 1 test case.  [----------] Global test environment set-up.  [----------] 1 test from BlacklistManagerBrowserTest  [ RUN      ] BlacklistManagerBrowserTest.Basic  Got EXTENSION_LOADED notification.  C:bslavechromium-dbg-  builderbuildsrcchromebrowserprivacy_blacklistblacklist_manager_browse  rtest.cc(108): error: Value of: BlacklistHasMatch(kTestUrl)    Actual: false  Expected: true  [  FAILED  ] BlacklistManagerBrowserTest.Basic (1031 ms)  [----------] 1 test from BlacklistManagerBrowserTest (1031 ms total)    [----------] Global test environment tear-down  [==========] 1 test from 1 test case ran. (1031 ms total)  [  PASSED  ] 0 tests.  [  FAILED  ] 1 test  listed below:  [  FAILED  ] BlacklistManagerBrowserTest.Basic     1 FAILED TEST </pre>