<title>Issue 32529 -   chromium -    Some ChromeMainTest and ResourceDispatcherTest tests fail under ThreadSanitizer - Project Hosting on Google Code</title> <pre> Seems like they time-out or don't wait long enough for conditions to be met.    [ RUN      ] ChromeMainTest.SecondLaunch  [15269:15269:0117/220910:413608855354:INFO:chrome/test/ui/ui_test.cc(1163)] BROWSER_WRAPPER was set  prefixing command_line with /b/slave/chromium-rel-linux-tsan-ui/build/valgrind.tmp/browser_wrapper.Cs2oqX  [15269:15269:0117/221007:413664951100:INFO:chrome/test/ui/ui_test.cc(1163)] BROWSER_WRAPPER was set  prefixing command_line with /b/slave/chromium-rel-linux-tsan-ui/build/valgrind.tmp/browser_wrapper.Cs2oqX  Segmentation fault  chrome/app/chrome_main_uitest.cc:50: Failure  Value of: automation()-&gt;WaitForWindowCountToBecome(2  action_timeout_ms())    Actual: false  Expected: true  [  FAILED  ] ChromeMainTest.SecondLaunch (145679 ms)  [ RUN      ] ChromeMainTest.ReuseBrowserInstanceWhenOpeningFile  [16004:16004:0117/222821:414758915278:INFO:chrome/test/ui/ui_test.cc(1163)] BROWSER_WRAPPER was set  prefixing command_line with /b/slave/chromium-rel-linux-tsan-ui/build/valgrind.tmp/browser_wrapper.azBN6b  [16004:16004:0117/222917:414815043195:INFO:chrome/test/ui/ui_test.cc(1163)] BROWSER_WRAPPER was set  prefixing command_line with /b/slave/chromium-rel-linux-tsan-ui/build/valgrind.tmp/browser_wrapper.azBN6b  Segmentation fault  chrome/app/chrome_main_uitest.cc:63: Failure  Value of: automation()-&gt;IsURLDisplayed(net::FilePathToFileURL(test_file))    Actual: false  Expected: true  [  FAILED  ] ChromeMainTest.ReuseBrowserInstanceWhenOpeningFile (65841 ms)  [ RUN      ] ResourceDispatcherTest.CrossSiteOnunloadCookie  [16657:16657:0117/223759:415337372202:INFO:chrome/test/ui/ui_test.cc(1163)] BROWSER_WRAPPER was set  prefixing command_line with /b/slave/chromium-rel-linux-tsan-ui/build/valgrind.tmp/browser_wrapper.sWm9gU  [16657:16657:0117/223855:415393014628:INFO:net/socket/ssl_test_util.cc(288)] Trying to launch python ...  [16657:16657:0117/223856:415394018404:INFO:net/socket/ssl_test_util.cc(304)] Started on port 1337  chrome/browser/renderer_host/resource_dispatcher_host_uitest.cc:192: Failure  Value of: value_result.empty()    Actual: true  Expected: false  [16657:16657:0117/223939:415437095849:INFO:net/socket/ssl_test_util.cc(347)] Stopped.  [  FAILED  ] ResourceDispatcherTest.CrossSiteOnunloadCookie (104028 ms)  [ RUN      ] ResourceDispatcherTest.CrossSiteNavigationErrorPage  [18531:18531:0117/233135:418553131638:INFO:chrome/test/ui/ui_test.cc(1163)] BROWSER_WRAPPER was set  prefixing command_line with /b/slave/chromium-rel-linux-tsan-ui/build/valgrind.tmp/browser_wrapper.iV72PX  [18531:18531:0117/233231:418608918253:INFO:net/socket/ssl_test_util.cc(288)] Trying to launch python ...  [18531:18531:0117/233232:418609922028:INFO:net/socket/ssl_test_util.cc(304)] Started on port 1337  chrome/browser/renderer_host/resource_dispatcher_host_uitest.cc:289: Failure  Value of: value_result.empty()    Actual: true  Expected: false  chrome/browser/renderer_host/resource_dispatcher_host_uitest.cc:290: Failure  Value of: value_result.c_str()    Actual: &quot;&quot;  Expected: &quot;foo&quot;  [18531:18531:0117/233331:418668873440:INFO:net/socket/ssl_test_util.cc(347)] Stopped.  [  FAILED  ] ResourceDispatcherTest.CrossSiteNavigationErrorPage (120364 ms)   </pre>