<title>Issue 32566 -   chromium -    UI tests ICU build problem (unicode/stringpiece.h: No such file or directory) - Project Hosting on Google Code</title> <pre> Chrome Version : 36487  OS + version : debian squeeze+sid  CPU architecture: 64-bit    I've tried to build full svn snapshot using instruction from the wiki.  My build configuration (look like gentoo ebuild):  ---------------------------------------------------------------------------  export CHROMIUM_HOME=/usr/local/lib/chromium-browser    myconf=&quot;-Dtarget_arch=x64 -Duse_system_zlib=1 -Duse_system_bzip2=1  -Duse_system_libjpeg=1 -Duse_system_libpng=1 -Duse_system_libxml=1  -Duse_system_libxslt=1 -Duse_system_ffmpeg=1  -Dlinux_sandbox_path=${CHROMIUM_HOME}/chrome_sandbox  -Dlinux_sandbox_chrome_path=${CHROMIUM_HOME}/chrome&quot;     build/gyp_chromium -f make build/all.gyp ${myconf} --depth=.  ---------------------------------------------------------------------------    UI tests (interactive_ui_tests) haven't compiled.    ---    CXX(target)  out/Debug/obj.target/interactive_ui_tests/chrome/browser/blocked_popup_container_interactive_uitest.o        In file included from ./app/l10n_util.h:23                                                                                                  from  chrome/browser/blocked_popup_container_interactive_uitest.cc:7:                                      third_party/icu/public/i18n/unicode/coll.h:63:33: error:  unicode/stringpiece.h: No such file or directory             In file included from ./app/l10n_util.h:23                                                                                                  from  chrome/browser/blocked_popup_container_interactive_uitest.cc:7:                                      third_party/icu/public/i18n/unicode/coll.h:470: error: expected ��_��_��_ ��_��_��_ or  ��_��_��_...��_��_��_ before ��_��_��_&amp;��_��_��_ token                             third_party/icu/public/i18n/unicode/coll.h:472: error: ISO C++ forbids  declaration of ��_��_��_StringPiece��_��_��_ with no type  make: ***  [out/Debug/obj.target/interactive_ui_tests/chrome/browser/blocked_popup_container_interactive_uitest.o]  __��___��__��____��_ 1  ---    This temporary hack works for me.  ---------------------------------------------------------------------------  --- interactive_ui_tests.target.mk.0    2010-01-19 08:52:03.000000000 +0600  +++ interactive_ui_tests.target.mk      2010-01-19 08:58:31.000000000 +0600  @@ -52 6 +52 7 @@ CFLAGS_CC_Debug := -fno-rtti           -fvisibility-inlines-hidden     INCS_Debug := -Ithird_party/icu/public/i18n   +       -Ithird_party/icu/public/common           -I.           -Igpu/command_buffer/common           -Ithird_party/glew/include   ---------------------------------------------------------------------------    I haven't examined yet how build system works  perhaps this way is correct  ---------------------------------------------------------------------------  --- /usr/src/chromium/src/third_party/icu/icu.gyp       (<a href="/p/chromium/source/detail?r=36487">revision 36487</a>)  +++ /usr/src/chromium/src/third_party/icu/icu.gyp       (working copy)  @@ -205 6 +205 7 @@           # merged into &quot;target_defaults&quot;.-           'include_dirs++': [             'public/i18n'   +          'public/common'            ]          }          'conditions': [  ---------------------------------------------------------------------------   </pre>