<title>Issue 32765 -   chromium -    Shared build is broken. - Project Hosting on Google Code</title> <pre> Here is the output log for the failure.    $ time make CC=&quot;ccache gcc&quot; CXX=&quot;ccache g++&quot; -k chrome    CXX(target) out/Debug/obj.target/protobuf_lite/third_party/protobuf2/src/src/google/protobuf/stubs/common.o    CXX(target) out/Debug/obj.target/protobuf_lite/third_party/protobuf2/src/src/google/protobuf/stubs/once.o    CXX(target) out/Debug/obj.target/protobuf_lite/third_party/protobuf2/src/src/google/protobuf/stubs/hash.o  In file included from /usr/include/c++/4.4/ext/hash_map:59                    from third_party/protobuf2/src/src/google/protobuf/stubs/hash.h:43                    from third_party/protobuf2/src/src/google/protobuf/stubs/hash.cc:33:  /usr/include/c++/4.4/backward/backward_warning.h:28:2: warning: #warning This file includes at least one deprecated or antiquated   header which may be removed without further notice at a future date. Please use a non-deprecated interface with equivalent   functionality instead. For a listing of replacement headers and interfaces  consult the file backward_warning.h. To disable this   warning use -Wno-deprecated.    CXX(target) out/Debug/obj.target/protobuf_lite/third_party/protobuf2/src/src/google/protobuf/extension_set.o  In file included from /usr/include/c++/4.4/ext/hash_map:59                    from third_party/protobuf2/src/src/google/protobuf/stubs/hash.h:43                    from third_party/protobuf2/src/src/google/protobuf/extension_set.cc:35:  /usr/include/c++/4.4/backward/backward_warning.h:28:2: warning: #warning This file includes at least one deprecated or antiquated   header which may be removed without further notice at a future date. Please use a non-deprecated interface with equivalent   functionality instead. For a listing of replacement headers and interfaces  consult the file backward_warning.h. To disable this   warning use -Wno-deprecated.    CXX(target) out/Debug/obj.target/protobuf_lite/third_party/protobuf2/src/src/google/protobuf/generated_message_util.o    CXX(target) out/Debug/obj.target/protobuf_lite/third_party/protobuf2/src/src/google/protobuf/message_lite.o    CXX(target) out/Debug/obj.target/protobuf_lite/third_party/protobuf2/src/src/google/protobuf/repeated_field.o    CXX(target) out/Debug/obj.target/protobuf_lite/third_party/protobuf2/src/src/google/protobuf/wire_format_lite.o    CXX(target) out/Debug/obj.target/protobuf_lite/third_party/protobuf2/src/src/google/protobuf/io/coded_stream.o    CXX(target) out/Debug/obj.target/protobuf_lite/third_party/protobuf2/src/src/google/protobuf/io/zero_copy_stream.o    CXX(target) out/Debug/obj.target/protobuf_lite/third_party/protobuf2/src/src/google/protobuf/io/zero_copy_stream_impl_lite.o    SOLINK(target) out/Debug/lib.target/third_party/protobuf2/libprotobuf_lite.so    COPY out/Debug/lib.target/libprotobuf_lite.so    RULE sync_proto_genproto_0 out/Debug/obj/gen/protoc_out/chrome/browser/sync/protocol/sync.pb.h  /home/tfarina/chromium/src/out/Debug/protoc: error while loading shared libraries: libprotobuf.so: cannot open shared object file: No   such file or directory  make: *** [out/Debug/obj/gen/protoc_out/chrome/browser/sync/protocol/sync.pb.h] Error 127    RULE sync_proto_genproto_1 out/Debug/obj/gen/protoc_out/chrome/browser/sync/protocol/bookmark_specifics.pb.h  /home/tfarina/chromium/src/out/Debug/protoc: error while loading shared libraries: libprotobuf.so: cannot open shared object file: No   such file or directory  make: *** [out/Debug/obj/gen/protoc_out/chrome/browser/sync/protocol/bookmark_specifics.pb.h] Error 127  make: Target `chrome' not remade because of errors.    real	0m37.139s  user	0m24.278s  sys	0m10.381s    Also in my build libprotobuf.so is located at out/Debug/lib.host/libprotobuf.so  while libprotobuf_lite.so is located at   out/Debug/lib.target/libprotobuf_lite.so  not sure it the root of this failure is that libprotobuf.so is not copied to lib.target.    Hope someone can fix that.    Thanks.     </pre>