<title>Issue 34764 -   chromium -    buildbot log parser is confused with crashing browser tests - Project Hosting on Google Code</title> <pre>   1. Have a browser test crash and browser_tests continue      <a href="http://build.chromium.org/buildbot/try-server/builders/win/builds/17584/steps/browser_tests/logs/stdio">http://build.chromium.org/buildbot/try-server/builders/win/builds/17584/steps/browser_tests/logs/stdio</a>  (...)  Note: Google Test filter = TaskManagerBrowserTest.ReloadExtension  [==========] Running 1 test from 1 test case.  [----------] Global test environment set-up.  [----------] 1 test from TaskManagerBrowserTest  [ RUN      ] TaskManagerBrowserTest.ReloadExtension  Got EXTENSION_LOADED notification.  Got EXTENSION_HOST_DID_STOP_LOADING notification.  c:bslavewinbuildsrcchrometestin_process_browser_test.cc(300): error: Test timed out. Each test   runs for a max of 30000 ms (kInitialTimeoutInMS).  c:bslavewinbuildsrcchromebrowsertask_manager_browsertest.cc(170): error: Value of: model()-  &gt;ResourceCount()    Actual: 2  Expected: 3  ..base/test/test_suite.h(162): error: Failed  [133196:133200:0205/091653:2678343:FATAL:task_manager.cc(373)] Check failed: index &lt; ResourceCount().   Backtrace:  	UninitializeTest [0x00D1B181+9463025]  	UninitializeTest [0x00CD62C4+9180724]  	UninitializeTest [0x004C9B2B+741019]  	UninitializeTest [0x0041B181+25841]  	(No symbol) [0x00404618]  	UninitializeTest [0x0065D50C+2394236]  	UninitializeTest [0x00701021+3064721]  	UninitializeTest [0x00CD83A9+9189145]  	UninitializeTest [0x00CD8455+9189317]  	UninitializeTest [0x00CD89A9+9190681]  	UninitializeTest [0x00D2F774+9546468]  	UninitializeTest [0x00D2F0E2+9544786]  	UninitializeTest [0x00CD7CBF+9187375]  	UninitializeTest [0x00CD7AAB+9186843]  	UninitializeTest [0x00CD9019+9192329]  	UninitializeTest [0x0048895E+474318]  	UninitializeTest [0x0048B003+484211]  	(No symbol) [0x004018CE]  	UninitializeTest [0x00DBD073+10126307]  	UninitializeTest [0x00DBDAB3+10128931]  	UninitializeTest [0x00DBE051+10130369]  	UninitializeTest [0x00DC278E+10148606]  	UninitializeTest [0x00DC17F6+10144614]  	RunTests [0x00413A1E+318]  	UninitializeTest [0x00415E6F+4575]  	UninitializeTest [0x00474E1A+393610]  	RegisterWaitForInputIdle [0x7C817077+73]    [133196:133200:0205/091653:2678343:FATAL:task_manager.cc(373)] Check failed: index &lt; ResourceCount().     Note: Google Test filter = TaskManagerBrowserTest.PopulateWebCacheFields  [==========] Running 1 test from 1 test case.  (...)    Here's the buildbot's step box:  &quot;&quot;&quot;  browser_tests  640 flaky  did not complete  failed 2  stdio    FLAKY_ExecuteScript  &quot;&quot;&quot;    The empty line is probably the detection of the failure but lacks the test name.  Note the large amount of noted flaky test. </pre>