<title>Issue 34772 -   chromium -    host_resolver_imple.cc check failed: !found_job - Project Hosting on Google Code</title> <pre> This causes a flaky test failure. I'm not giving a test reference because it seems to be random. Feel free to reassign  but please make sure this has   an owner.    C:bslavechromium-dbg-builderbuildsrcchromebrowsersession_history_uitest.cc(174): error: Value of: tab_-&gt;NavigateToURL(frames)    Actual: false  Expected: true  C:bslavechromium-dbg-builderbuildsrcchrometestuiui_test.cc(153): error: Value of: assertions.size()    Actual: 1  Expected: expected_errors_  Which is: 0  The following error(s) occurred in the application during this test:    [FATAL:host_resolver_impl.cc(758)] Check failed: !found_job.   C:bslavechromium-dbg-builderbuildsrcchrometestuiui_test.cc(167): error: Value of: actual_crashes    Actual: 1  Expected: expected_crashes_  Which is: 0  Encountered an unexpected crash in the program during this test. </pre>