<title>Issue 34773 -   chromium -    [FATAL:url_request_job.cc(476)] Check failed: !done_. Job sending done notification twic - Project Hosting on Google Code</title> <pre> This causes a flaky test failure  and happens when running NPAPITester.PluginThreadAsyncCall (but may be just random). Please make sure   this gets an owner.    C:bslavechromium-dbg-builderbuildsrcchrometestuiui_test.cc(524): error: Value of: tab_proxy.get()    Actual: false  Expected: true  C:bslavechromium-dbg-builderbuildsrcchrometestuiui_test.cc(864): error: Value of: tab.get()    Actual: false  Expected: true  C:bslavechromium-dbg-builderbuildsrcchrometestuiui_test.cc(431): error: Value of: automation()-  &gt;GetBrowserWindowCount(&amp;window_count)    Actual: false  Expected: true  C:bslavechromium-dbg-builderbuildsrcchrometestuiui_test.cc(153): error: Value of: assertions.size()    Actual: 1  Expected: expected_errors_  Which is: 0  The following error(s) occurred in the application during this test:    [FATAL:url_request_job.cc(476)] Check failed: !done_. Job sending done notification twice   241:1[ERROR:automation_proxy.cc(234)] GetWindowCount did not complete in a timely fashion    [ERROR:automation_proxy.cc(397)] GetBrowserWindow did not complete in a timely fashion     10001:0C:bslavechromium-dbg-builderbuildsrcchrometestuiui_test.cc(167): error: Value of: actual_crashes    Actual: 1  Expected: expected_crashes_  Which is: 0  Encountered an unexpected crash in the program during this test.   </pre>