<title>Issue 34785 -   chromium -    PlatformSpellCheckTest.IgnoreWords_EN_US &amp; PlatformSpellCheckTest.SpellCheckSuggestions_EN_US always fail on 10.6 - Project Hosting on Google Code</title> <pre> [ RUN      ] PlatformSpellCheckTest.IgnoreWords_EN_US  /b2/slave/chromium-mac-experimental/build/src/chrome/browser/spellchecker_platform_engine_unittest.cc:43: Failure  Value of: result    Actual: true  Expected: kTestCases[i].input_result  Which is: false  /b2/slave/chromium-mac-experimental/build/src/chrome/browser/spellchecker_platform_engine_unittest.cc:62: Failure  Value of: result    Actual: true  Expected: kTestCases[i].input_result  Which is: false  /b2/slave/chromium-mac-experimental/build/src/chrome/browser/spellchecker_platform_engine_unittest.cc:43: Failure  Value of: result    Actual: true  Expected: kTestCases[i].input_result  Which is: false  /b2/slave/chromium-mac-experimental/build/src/chrome/browser/spellchecker_platform_engine_unittest.cc:62: Failure  Value of: result    Actual: true  Expected: kTestCases[i].input_result  Which is: false  [  FAILED  ] PlatformSpellCheckTest.IgnoreWords_EN_US (306 ms)  [ RUN      ] PlatformSpellCheckTest.SpellCheckSuggestions_EN_US  /b2/slave/chromium-mac-experimental/build/src/chrome/browser/spellchecker_platform_engine_unittest.cc:374: Failure  Value of: result    Actual: true  Expected: false  /b2/slave/chromium-mac-experimental/build/src/chrome/browser/spellchecker_platform_engine_unittest.cc:374: Failure  Value of: result    Actual: true  Expected: false  /b2/slave/chromium-mac-experimental/build/src/chrome/browser/spellchecker_platform_engine_unittest.cc:374: Failure  Value of: result    Actual: true  Expected: false  /b2/slave/chromium-mac-experimental/build/src/chrome/browser/spellchecker_platform_engine_unittest.cc:374: Failure  Value of: result    Actual: true  Expected: false  /b2/slave/chromium-mac-experimental/build/src/chrome/browser/spellchecker_platform_engine_unittest.cc:374: Failure  Value of: result    Actual: true  Expected: false  /b2/slave/chromium-mac-experimental/build/src/chrome/browser/spellchecker_platform_engine_unittest.cc:374: Failure  Value of: result    Actual: true  Expected: false  /b2/slave/chromium-mac-experimental/build/src/chrome/browser/spellchecker_platform_engine_unittest.cc:374: Failure  Value of: result    Actual: true  Expected: false  /b2/slave/chromium-mac-experimental/build/src/chrome/browser/spellchecker_platform_engine_unittest.cc:374: Failure  Value of: result    Actual: true  Expected: false  /b2/slave/chromium-mac-experimental/build/src/chrome/browser/spellchecker_platform_engine_unittest.cc:374: Failure  Value of: result    Actual: true  Expected: false  /b2/slave/chromium-mac-experimental/build/src/chrome/browser/spellchecker_platform_engine_unittest.cc:374: Failure  Value of: result    Actual: true  Expected: false  /b2/slave/chromium-mac-experimental/build/src/chrome/browser/spellchecker_platform_engine_unittest.cc:374: Failure  Value of: result    Actual: true  Expected: false  /b2/slave/chromium-mac-experimental/build/src/chrome/browser/spellchecker_platform_engine_unittest.cc:374: Failure  Value of: result    Actual: true  Expected: false  /b2/slave/chromium-mac-experimental/build/src/chrome/browser/spellchecker_platform_engine_unittest.cc:374: Failure  Value of: result    Actual: true  Expected: false  /b2/slave/chromium-mac-experimental/build/src/chrome/browser/spellchecker_platform_engine_unittest.cc:374: Failure  Value of: result    Actual: true  Expected: false  /b2/slave/chromium-mac-experimental/build/src/chrome/browser/spellchecker_platform_engine_unittest.cc:374: Failure  Value of: result    Actual: true  Expected: false  /b2/slave/chromium-mac-experimental/build/src/chrome/browser/spellchecker_platform_engine_unittest.cc:374: Failure  Value of: result    Actual: true  Expected: false  /b2/slave/chromium-mac-experimental/build/src/chrome/browser/spellchecker_platform_engine_unittest.cc:374: Failure  Value of: result    Actual: true  Expected: false  /b2/slave/chromium-mac-experimental/build/src/chrome/browser/spellchecker_platform_engine_unittest.cc:374: Failure  Value of: result    Actual: true  Expected: false  /b2/slave/chromium-mac-experimental/build/src/chrome/browser/spellchecker_platform_engine_unittest.cc:374: Failure  Value of: result    Actual: true  Expected: false  /b2/slave/chromium-mac-experimental/build/src/chrome/browser/spellchecker_platform_engine_unittest.cc:374: Failure  Value of: result    Actual: true  Expected: false  /b2/slave/chromium-mac-experimental/build/src/chrome/browser/spellchecker_platform_engine_unittest.cc:374: Failure  Value of: result    Actual: true  Expected: false  /b2/slave/chromium-mac-experimental/build/src/chrome/browser/spellchecker_platform_engine_unittest.cc:374: Failure  Value of: result    Actual: true  Expected: false  /b2/slave/chromium-mac-experimental/build/src/chrome/browser/spellchecker_platform_engine_unittest.cc:374: Failure  Value of: result    Actual: true  Expected: false  /b2/slave/chromium-mac-experimental/build/src/chrome/browser/spellchecker_platform_engine_unittest.cc:374: Failure  Value of: result    Actual: true  Expected: false  /b2/slave/chromium-mac-experimental/build/src/chrome/browser/spellchecker_platform_engine_unittest.cc:374: Failure  Value of: result    Actual: true  Expected: false  /b2/slave/chromium-mac-experimental/build/src/chrome/browser/spellchecker_platform_engine_unittest.cc:374: Failure  Value of: result    Actual: true  Expected: false  [  FAILED  ] PlatformSpellCheckTest.SpellCheckSuggestions_EN_US (2621 ms)   </pre>