<title>Issue 34997 -   chromium -    NPAPIVisiblePluginTester.VerifyNPObjectLifetimeTest is flaky - Project Hosting on Google Code</title> <pre> Assigning rather for triage.    C:bslavechromium-rel-builderbuildsrcchrometestuiui_test.cc(551): error: Value of:   tab_proxy-&gt;NavigateToURLWithTimeout( url  number_of_navigations    command_execution_timeout_ms()  &amp;is_timeout)    Actual: false  Expected: true  file:///C:/b/slave/chromium-rel-xp-  tests/build/src/chrome/test/data/npapi/npobject_lifetime_test.html  C:bslavechromium-rel-builderbuildsrcchrometestuiui_test.cc(869): error: Value of:   test_result    Actual: false  Expected: true    Failed this way 6 time(s). First failure was on 2010-01-27  and last on 2010-02-07. </pre>