<title>Issue 35181 -   chromium -    Can not build release for a few days now - Project Hosting on Google Code</title> <pre> Chrome Version (from the about:version page): Always Latest Trunk (Green)  Is this the most recent version: yes  OS + version: Ubuntu 10.04 Alpha  CPU architecture (32-bit / 64-bit): 64  Window manager: gnome            1. Trying to build release version of chromium          It builds      seth@Twilight-Linux:~/Tobuild$ ./chromebuild.sh    ________ running '/usr/bin/python src/build/gyp_chromium' in   '/home/seth/Tobuild/chrome_root'  Updating projects from gyp files...    ________ running '/usr/bin/python   src/build/win/clobber_generated_headers.py' in   '/home/seth/Tobuild/chrome_root'    ________ running '/usr/bin/python   src/build/mac/clobber_generated_headers.py' in   '/home/seth/Tobuild/chrome_root'    ACTION v8_snapshot_run_mksnapshot out/Release/obj.target/geni/snapshot.cc  Segmentation fault (core dumped)  make: *** [out/Release/obj.target/geni/snapshot.cc] Error 139    RULE sync_proto_genproto_0   out/Release/obj/gen/protoc_out/chrome/browser/sync/protocol/sync.pb.h    RULE sync_proto_genproto_1   out/Release/obj/gen/protoc_out/chrome/browser/sync/protocol/autofill_specif  ics.pb.h    RULE sync_proto_genproto_2   out/Release/obj/gen/protoc_out/chrome/browser/sync/protocol/bookmark_specif  ics.pb.h    RULE sync_proto_genproto_3   out/Release/obj/gen/protoc_out/chrome/browser/sync/protocol/preference_spec  ifics.pb.h  Segmentation fault (core dumped)  make: ***   [out/Release/obj/gen/protoc_out/chrome/browser/sync/protocol/autofill_speci  fics.pb.h] Error 139  Segmentation fault (core dumped)    ACTION Extracting last change to   /home/seth/Tobuild/chrome_root/src/out/Release/obj/gen/build/LASTCHANGE   out/Release/obj/gen/build/LASTCHANGE.always  Segmentation fault (core dumped)  make: ***   [out/Release/obj/gen/protoc_out/chrome/browser/sync/protocol/sync.pb.h]   Error 139  make: ***   [out/Release/obj/gen/protoc_out/chrome/browser/sync/protocol/bookmark_speci  fics.pb.h] Error 139  Segmentation fault (core dumped)  make: ***   [out/Release/obj/gen/protoc_out/chrome/browser/sync/protocol/preference_spe  cifics.pb.h] Error 139    CXX(target) out/Release/obj.target/app_base/app/active_window_watcher_x.o    CXX(target)   out/Release/obj.target/app_base/app/clipboard/clipboard_linux.o    CXX(target) out/Release/obj.target/app_base/app/gfx/canvas_linux.o    CXX(target) out/Release/obj.target/app_base/app/gfx/font_gtk.o    CXX(target) out/Release/obj.target/app_base/app/gfx/font_skia.o    CXX(target) out/Release/obj.target/app_base/app/gfx/gtk_util.o    CXX(target) out/Release/obj.target/app_base/app/gfx/insets.o    CXX(target)   out/Release/obj.target/app_base/app/gfx/gtk_native_view_id_manager.o    CXX(target) out/Release/obj.target/app_base/app/gfx/path_gtk.o    CXX(target) out/Release/obj.target/app_base/app/gtk_dnd_util.o    CXX(target) out/Release/obj.target/app_base/app/l10n_util.o    CXX(target) out/Release/obj.target/app_base/app/resource_bundle_linux.o    CXX(target) out/Release/obj.target/skia/skia/ext/skia_utils_gtk.o    RULE generate_files_generate_gperf_0   out/Release/obj/gen/third_party/yasm/x86cpu.c    RULE generate_files_generate_gperf_1   out/Release/obj/gen/third_party/yasm/x86regtmod.c    ACTION yasm genmacro for source/patched-yasm/modules/parsers/nasm/nasm-  std.mac. out/Release/obj.host/geni/third_party/yasm/nasm-macros.c  Segmentation fault (core dumped)  make: *** [out/Release/obj/gen/third_party/yasm/x86cpu.c] Error 139    ACTION yasm genmacro for   /home/seth/Tobuild/chrome_root/src/out/Release/obj/gen/third_party/yasm/ver  sion.mac. out/Release/obj.host/geni/third_party/yasm/nasm-version.c  Segmentation fault (core dumped)  make: *** [out/Release/obj/gen/third_party/yasm/x86regtmod.c] Error 139    ACTION yasm genmacro for source/patched-yasm/modules/objfmts/coff/win64-  gas.mac. out/Release/obj.host/geni/third_party/yasm/win64-gas.c  Segmentation fault (core dumped)  make: *** [out/Release/obj.host/geni/third_party/yasm/nasm-macros.c] Error   139    ACTION yasm genmacro for source/patched-yasm/modules/objfmts/coff/win64-  nasm.mac. out/Release/obj.host/geni/third_party/yasm/win64-nasm.c  Segmentation fault (core dumped)  make: *** [out/Release/obj.host/geni/third_party/yasm/nasm-version.c] Error   139    ACTION Generating yasm embeddable license.   out/Release/obj.host/geni/third_party/yasm/license.c  Segmentation fault (core dumped)  make: *** [out/Release/obj.host/geni/third_party/yasm/win64-gas.c] Error   139    ACTION Generating yasm tokens for lc3b.   out/Release/obj.host/geni/third_party/yasm/lc3bid.c  Segmentation fault (core dumped)  make: *** [out/Release/obj.host/geni/third_party/yasm/win64-nasm.c] Error   139    ACTION Generating yasm module information.   out/Release/obj.host/geni/third_party/yasm/module.c    RULE yasm_generate_gperf_0   out/Release/obj.host/geni/third_party/yasm/x86insn_nasm.c  Illegal instruction (core dumped)  make: *** [out/Release/obj.host/geni/third_party/yasm/license.c] Error 132    RULE yasm_generate_gperf_1   out/Release/obj.host/geni/third_party/yasm/x86insn_gas.c  Segmentation fault (core dumped)  make: *** [out/Release/obj.host/geni/third_party/yasm/lc3bid.c] Error 139    RULE yasm_generate_re2c_0 out/Release/obj.host/geni/third_party/yasm/gas-  token.c  Segmentation fault (core dumped)  make: *** [out/Release/obj.host/geni/third_party/yasm/x86insn_nasm.c] Error   139    RULE yasm_generate_re2c_1   out/Release/obj.host/geni/third_party/yasm/nasm-token.c  Segmentation fault (core dumped)  make: *** [out/Release/obj.host/geni/third_party/yasm/x86insn_gas.c] Error   139  Segmentation fault (core dumped)  make: *** [out/Release/obj.host/geni/third_party/yasm/module.c] Error 139  Segmentation fault (core dumped)  make: *** [out/Release/obj.host/geni/third_party/yasm/gas-token.c] Error   139  Segmentation fault (core dumped)  make: *** [out/Release/obj.host/geni/third_party/yasm/nasm-token.c] Error   139    ACTION Running ncdecode_table   out/Release/obj/gen/gen/native_client/src/trusted/validator_x86/ncdecodetab  .h  Segmentation fault (core dumped)  make: ***   [out/Release/obj/gen/gen/native_client/src/trusted/validator_x86/ncdecodeta  b.h] Error 139    CXX(target) out/Release/obj.target/base/base/gfx/rect.o    CXX(target) out/Release/obj.target/base/base/linux_util.o    CXX(target) out/Release/obj.target/base/base/message_pump_glib.o    CXX(target) out/Release/obj.target/base/base/mime_util_linux.o    CXX(target) out/Release/obj.target/base/base/sys_info_posix.o    AR+RANLIB(target) out/Release/obj.target/app/libapp_base.a    AR+RANLIB(target) out/Release/obj.target/skia/libskia.a    AR+RANLIB(target) out/Release/obj.target/base/libbase.a  make: Target `chrome' not remade because of errors.      I also attached the script I made to build it just in case I am doing something wrong. I can build the debug just fine. </pre>