<title>Issue 35221 -   chromium -    Failed assertion in MessagePort code - Project Hosting on Google Code</title> <pre> I saw the following worker test failure on the windows try bot (the key part   is the final failed assertion in message_port_dispatcher.cc which causes the   preceding test-framework errors):    <a href="http://build.chromium.org/buildbot/try-">http://build.chromium.org/buildbot/try-</a>  server/builders/win/builds/18110/steps/ui_tests/logs/stdio    [ RUN      ] WorkerTest.FLAKY_SharedWorkerFastLayoutTests  c:bslavewinbuildsrcchrometestuiui_layout_test.cc(194): error:   Value of: tab-&gt;NavigateToURL(*new_test_url.get())    Actual: false  Expected: true  Google Test trace:  c:bslavewinbuildsrcchrometestuiui_layout_test.cc(153): shared-  worker-simple.html  c:bslavewinbuildsrcchromeworkerworker_uitest.cc(290): error:   Value of: automation()-&gt;GetBrowserWindowCount(&amp;window_count)    Actual: false  Expected: true  c:bslavewinbuildsrcchrometestuiui_test.cc(431): error: Value of:   automation()-&gt;GetBrowserWindowCount(&amp;window_count)    Actual: false  Expected: true  c:bslavewinbuildsrcchrometestuiui_test.cc(153): error: Value of:   assertions.size()    Actual: 1  Expected: expected_errors_  Which is: 0  The following error(s) occurred in the application during this test:    [3172:2260:3038515:FATAL:message_port_dispatcher.cc(305)] Check   failed: entangled_item-&gt;second.entangled_message_port_id == iter-  &gt;first.     I'm not certain what might cause this - it sounds like one port is not   pointing back at the other side of the entangled pair?       </pre>