<title>Issue 35867 -   chromium -    WorkerFastLayoutTests0 is flaky - Project Hosting on Google Code</title> <pre> WorkerFastLayoutTests0 has been failing frequently lately. Looking at the   last few builds from build 39100  I see failures in these revisions:    Chromium-XP: 39100  39089  39047  39046  39044  Vista Tests: 39098  39097  39092    Will disable and try to find an owner.      [----------] 6 tests from WorkerTest  [ RUN      ] WorkerTest.SingleSharedWorker  [       OK ] WorkerTest.SingleSharedWorker (2250 ms)  [ RUN      ] WorkerTest.WorkerFastLayoutTests0  Test: stress-js-execution.html  Test: worker-cloneport.html  C:bslavechromium-dbg-  builderbuildsrcchrometestuiui_layout_test.cc(226): error: Value of:   value.c_str()    Actual: &quot;  &quot;  Expected: expected_result_value.c_str()  Which is: &quot;Test MessagePort messaging/entangle/detangle across threads.   Should print &quot;SUCCESS&quot; when done.    PASS: Received request for 50000 messages  SUCCESS - received 50000 messages.  DONE    &quot;  Google Test trace:  C:bslavechromium-dbg-  builderbuildsrcchrometestuiui_layout_test.cc(153): worker-  cloneport.html  C:bslavechromium-dbg-  builderbuildsrcchromeworkerworker_uitest.cc(227):   Test: worker-context-gc.html  Test: worker-gc.html  Test: worker-messageport-gc.html  Test: worker-replace-global-constructor.html  Test: worker-terminate.html  [  FAILED  ] WorkerTest.WorkerFastLayoutTests0 (97172 ms) </pre>