<title>Issue 35885 -   chromium -    ExtensionBrowserTest.IncognitoYesScript is flaky - Project Hosting on Google Code</title> <pre>   Example failures:  http://chrome-buildbot:8010/builders/Mac10.5%20Tests%20(dbg)(3)/builds/2228/steps/browser_tests/logs/stdio  http://chrome-  buildbot:8010/builders/XP%20Tests%20%28dbg%29%284%29/builds/3957/steps/browser_tests/logs/stdio  http://chrome-buildbot:8010/builders/Chromium%20Linux%20x64/builds/5279/steps/browser_tests/logs/stdio    [----------] 1 test from ExtensionBrowserTest  [ RUN      ] ExtensionBrowserTest.IncognitoYesScript  Got EXTENSION_LOADED notification.  ( RUN      ) onRequest  Creating tab...  Got EXTENSION_HOST_DID_STOP_LOADING notification.  Got EXTENSION_LOADED notification.  Got EXTENSION_LOADED notification.  Creating tab...  Got EXTENSION_HOST_DID_STOP_LOADING notification.  Got update event: {&quot;status&quot;:&quot;complete&quot;}  got connect  got message: 2  (  SUCCESS )  C:bslavechromium-dbg-builderbuildsrcchromebrowserextensionsincognito_noscript_apitest.cc(77):   error: Value of: UTF16ToASCII(title)    Actual: &quot;Unmodified&quot;  Expected: &quot;modified&quot;  [  FAILED  ] ExtensionBrowserTest.IncognitoYesScript (2859 ms)  [----------] 1 test from ExtensionBrowserTest (2859 ms total)    [----------] Global test environment tear-down  [==========] 1 test from 1 test case ran. (2859 ms total)  [  PASSED  ] 0 tests.  [  FAILED  ] 1 test  listed below:  [  FAILED  ] ExtensionBrowserTest.IncognitoYesScript   </pre>