<title>Issue 36262 -   chromium -    DevTools interactive tests broken by 54944:54996 WebKit roll - Project Hosting on Google Code</title> <pre> The last webkit roll (54944:54996) broke 3 interactive tests on a couple of the bots  but I cannot reproduce on my machine.  It'd be great if someone on the dev tools team could take a look   ASAP.    Until known otherwise  blocks the dev channel.    [ RUN      ] DevToolsSanityTest.TestEvalOnCallFrame  C:bslavechromium-dbg-builderbuildsrcchromebrowserdebuggerdevtools_sanity_unittest.cc(106): error: Value of: result    Actual: &quot;[FAILED] Unexpected &quot;e+1&quot; value.(Expected: '124'  but was '[object Object]')&quot;  Expected: &quot;[OK]&quot;  [  FAILED  ] DevToolsSanityTest.TestEvalOnCallFrame (5860 ms)  [----------] 1 test from DevToolsSanityTest (5860 ms total)      Note: Google Test filter = DevToolsSanityTest.TestEvalOnCallFrame  [==========] Running 1 test from 1 test case.  [----------] Global test environment set-up.  [----------] 1 test from DevToolsSanityTest  [ RUN      ] DevToolsSanityTest.TestEvalOnCallFrame  C:bslavechromium-dbg-builderbuildsrcchromebrowserdebuggerdevtools_sanity_unittest.cc(106): error: Value of: result    Actual: &quot;[FAILED] Unexpected &quot;e+1&quot; value.(Expected: '124'  but was '[object Object]')&quot;  Expected: &quot;[OK]&quot;  [  FAILED  ] DevToolsSanityTest.TestEvalOnCallFrame (5860 ms)  [----------] 1 test from DevToolsSanityTest (5860 ms total)    [----------] Global test environment tear-down  [==========] 1 test from 1 test case ran. (5860 ms total)  [  PASSED  ] 0 tests.  [  FAILED  ] 1 test  listed below:  [  FAILED  ] DevToolsSanityTest.TestEvalOnCallFrame     1 FAILED TEST    YOU HAVE 2 FLAKY TESTS    Note: Google Test filter = DevToolsSanityTest.TestExpandScope  [==========] Running 1 test from 1 test case.  [----------] Global test environment set-up.  [----------] 1 test from DevToolsSanityTest  [ RUN      ] DevToolsSanityTest.TestExpandScope  C:bslavechromium-dbg-builderbuildsrcchromebrowserdebuggerdevtools_sanity_unittest.cc(106): error: Value of: result    Actual: &quot;[FAILED] Unexpected &quot;innerFunctionLocalVar&quot; property value.(Expected: '2011'  but was '0')&quot;  Expected: &quot;[OK]&quot;  [  FAILED  ] DevToolsSanityTest.TestExpandScope (5750 ms)  [----------] 1 test from DevToolsSanityTest (5750 ms total)    [----------] Global test environment tear-down  [==========] 1 test from 1 test case ran. (5750 ms total)  [  PASSED  ] 0 tests.  [  FAILED  ] 1 test  listed below:  [  FAILED  ] DevToolsSanityTest.TestExpandScope     1 FAILED TEST    YOU HAVE 2 FLAKY TESTS    Note: Google Test filter = DevToolsSanityTest.TestDebugIntrinsicProperties  [==========] Running 1 test from 1 test case.  [----------] Global test environment set-up.  [----------] 1 test from DevToolsSanityTest  [ RUN      ] DevToolsSanityTest.TestDebugIntrinsicProperties  C:bslavechromium-dbg-builderbuildsrcchromebrowserdebuggerdevtools_sanity_unittest.cc(106): error: Value of: result    Actual: &quot;[FAILED] Unexpected &quot;&lt;Local Scope&gt;.a&quot; description.(Expected: 'Object'  but was '0')&quot;  Expected: &quot;[OK]&quot;  [  FAILED  ] DevToolsSanityTest.TestDebugIntrinsicProperties (5516 ms)  [----------] 1 test from DevToolsSanityTest (5516 ms total)    [----------] Global test environment tear-down  [==========] 1 test from 1 test case ran. (5516 ms total)  [  PASSED  ] 0 tests.  [  FAILED  ] 1 test  listed below:  [  FAILED  ] DevToolsSanityTest.TestDebugIntrinsicProperties     1 FAILED TEST    YOU HAVE 2 FLAKY TESTS </pre>