<title>Issue 37557 -   chromium -    Link errors due to NaCL symbols on windows - Project Hosting on Google Code</title> <pre> Trying to build target 'chrome_dll' or 'chrome' on Windows and getting the following errors:    8&gt;------ Build started: Project: chrome_dll  Configuration: Release Win32 ------  8&gt;Linking...  8&gt;LINK : warning LNK4224: /OPT:NOWIN98 is no longer supported;  ignored  8&gt;   Creating library D:srcchromesrcchromeReleaselibchrome_dll.lib and object D:srcchromesrcchromeReleaselibchrome_dll.exp  8&gt;service_runtime_x86_32.lib(sel_ldr_x86_32.obj) : error LNK2001: unresolved external symbol _NaCl_trampoline_seg_code  8&gt;service_runtime_x86_32.lib(sel_ldr_x86_32.obj) : error LNK2001: unresolved external symbol _NaCl_trampoline_seg_end  8&gt;service_runtime_x86_32.lib(sel_ldr_x86_32.obj) : error LNK2001: unresolved external symbol _NaCl_tramp_dseg_patch  8&gt;service_runtime_x86_32.lib(sel_ldr_x86_32.obj) : error LNK2001: unresolved external symbol _NaCl_tramp_cseg_patch  8&gt;service_runtime_x86_32.lib(sel_ldr_x86_32.obj) : error LNK2001: unresolved external symbol _NaCl_springboard  8&gt;service_runtime_x86_32.lib(sel_ldr_x86_32.obj) : error LNK2001: unresolved external symbol _NaCl_springboard_end  8&gt;service_runtime_x86_32.lib(nacl_switch_to_app_32.obj) : error LNK2019: unresolved external symbol _NaClSwitch referenced in function   _NaClStartThreadInApp  8&gt;D:srcchromesrcchromeReleasechrome.dll : fatal error LNK1120: 7 unresolved externals  8&gt;Build log was saved at &quot;file://D:srcchromesrcchromeReleaseobjchrome_dllBuildLog.htm&quot;  8&gt;chrome_dll - 8 error(s)  1 warning(s)    It looks like some dependency is not being tracked correctly.  Nuking Releaseobjglobal_intermediatenative_client is not sufficient to   resolve it  neither is forcing a rebuild of the 'service_runtime_x86_32' project.  I'm about to do a clean rebuild  but that's a huge   productivity waste.    I'm at <a href="/p/chromium/source/detail?r=40473">r40473</a> </pre>