<title>Issue 38225 -   chromium -    ExtensionApiTest.FLAKY_WebSocket failing consistently - Project Hosting on Google Code</title> <pre> This test is marked FLAKY  but it's failing consistently now on XP Tests   (dbg)(4).    Example:    <a href="http://build.chromium.org/buildbot/waterfall/builders/XP%20Tests%20(dbg)(4)">http://build.chromium.org/buildbot/waterfall/builders/XP%20Tests%20(dbg)(4)</a>  /builds/4893/steps/browser_tests/logs/FLAKY_WebSocket    Here's a snippet of the log.    The builder always shows green  but looking through the waterfall  this   tests seems to be always failing.      Note: Google Test filter = ExtensionApiTest.FLAKY_WebSocket  [==========] Running 1 test from 1 test case.  [----------] Global test environment set-up.  [----------] 1 test from ExtensionApiTest  [ RUN      ] ExtensionApiTest.FLAKY_WebSocket  c:bslavechromium-dbg-xp-tests-  4buildsrcthird_partypython_24python.exe: can't open file   'c:bslavechromium-dbg-xp-tests-  4buildsrcwebkittoolslayout_testswebkitpylayout_testslayout_package  websocket_server.py': [Errno 2] No such file or directory  Got EXTENSION_LOADED notification.  ( RUN      ) echoTest  Got EXTENSION_HOST_DID_STOP_LOADING notification.  websocket closed.  C:bslavechromium-dbg-  builderbuildsrcchrometestin_process_browser_test.cc(300): error: Test   timed out. Each test runs for a max of 30000 ms (kInitialTimeoutInMS).  C:bslavechromium-dbg-  builderbuildsrcchromebrowserextensionsextension_websocket_apitest.cc(  16): error: Value of: RunExtensionTest(&quot;websocket&quot;)    Actual: false  Expected: true  No response from message loop.  c:bslavechromium-dbg-xp-tests-  4buildsrcthird_partypython_24python.exe: can't open file   'c:bslavechromium-dbg-xp-tests-  4buildsrcwebkittoolslayout_testswebkitpylayout_testslayout_package  websocket_server.py': [Errno 2] No such file or directory  [  FAILED  ] ExtensionApiTest.FLAKY_WebSocket (30906 ms)  [----------] 1 test from ExtensionApiTest (30906 ms total) </pre>