<title>Issue 38580 -   chromium -    LoginPromptTest.TestDigestAuth failing on Chromium OS Valgrind - Project Hosting on Google Code</title> <pre> It's a bit flaky?    <a href="http://build.chromium.org/buildbot/memory/builders/Chromium%20OS%20UI%20(va">http://build.chromium.org/buildbot/memory/builders/Chromium%20OS%20UI%20(va</a>  lgrind)(2)/builds/2229/steps/valgrind%20test:%20ui/logs/stdio says:    Also failed on run 2225  but not on some of the runs in between.    [----------] 1 test from LoginPromptTest  [ RUN      ] LoginPromptTest.TestDigestAuth  [20783:20783:0318/160447:7606038635974:INFO:/b/slave/chromium-rel-chromeos-  valgrind-tests-2/build/src/chrome/test/ui/ui_test.cc(1180)] BROWSER_WRAPPER   was set  prefixing command_line with /b/slave/chromium-rel-chromeos-  valgrind-tests-2/build/valgrind.tmp/browser_wrapper.I4twYd  [21549:21549:7606046458365:ERROR:/b/slave/chromium-rel-chromeos-valgrind-  tests-2/build/src/chrome/browser/chromeos/cros/cros_library.cc(35)] Problem   loading chromeos shared object: Couldn't load libcros from:   /b/slave/chromium-rel-chromeos-valgrind-tests-  2/build/src/sconsbuild/Release/chromeos/libcros.so error:   /b/slave/chromium-rel-chromeos-valgrind-tests-  2/build/src/sconsbuild/Release/chromeos/libcros.so: cannot open shared   object file: No such file or directory  [21549:21549:7606062624157:ERROR:/b/slave/chromium-rel-chromeos-valgrind-  tests-2/build/src/chrome/browser/chromeos/cros/mount_library.cc(58)] Cros   Library has not been loaded  [20783:20783:0318/160521:7606072806036:INFO:/b/slave/chromium-rel-chromeos-  valgrind-tests-2/build/src/net/socket/ssl_test_util.cc(197)] Trying to   launch python ...  [20783:20783:0318/160522:7606073810923:INFO:/b/slave/chromium-rel-chromeos-  valgrind-tests-2/build/src/net/socket/ssl_test_util.cc(213)] Started on   port 1337  /b/slave/chromium-rel-chromeos-valgrind-tests-  2/build/src/chrome/browser/login_prompt_uitest.cc:96: Failure  Value of: tab-&gt;SetAuth(username_digest_  password_)    Actual: false  Expected: true  /b/slave/chromium-rel-chromeos-valgrind-tests-  2/build/src/chrome/browser/login_prompt_uitest.cc:98: Failure  Value of: GetActiveTabTitle()    Actual: L&quot;&quot;  Expected: ExpectedTitleFromAuth(username_digest_  password_)  Which is: L&quot;digestuser/secret&quot;  [20783:20783:0318/160539:7606091049376:INFO:/b/slave/chromium-rel-chromeos-  valgrind-tests-2/build/src/net/socket/ssl_test_util.cc(261)] Stopped.  [  FAILED  ] LoginPromptTest.TestDigestAuth (61833 ms)  [----------] 1 test from LoginPromptTest (61833 ms total)    16:19:20 memcheck_analyze.py [INFO] PASS! No errors found!  16:19:20 valgrind_test.py [ERROR] Test execution failed.  16:19:20 valgrind_test.py [INFO] elapsed time: 00:36:59  program finished with exit code 1  elapsedTime=2219.991442 </pre>