<title>Issue 39320 -   chromium -    Interactive test hangs on Interactive Tests (dbg) - Project Hosting on Google Code</title> <pre> 9 python.exe processes zombie on each run. Killing them manually unhang the   test. Potential culprit leaking zombie:    [----------] Global test environment set-up.  [----------] 1 test from NPAPIVisiblePluginTester  [ RUN      ]   NPAPIVisiblePluginTester.SelfDeletePluginInvokeInSynchronousMouseMove  C:bslavechromium-dbg-builderbuildsrcchrometestuiui_test.cc(180):   error: Value of: assertions.size()    Actual: 2  Expected: expected_errors_  Which is: 0  The following error(s) occurred in the application during this test:    [1800:392:26969828:FATAL:focus_manager.cc(78)] Check failed:   focus_change_listeners_.empty().     [500:1732:26999984:FATAL:focus_manager.cc(78)] Check failed:   focus_change_listeners_.empty().   C:bslavechromium-dbg-builderbuildsrcchrometestuiui_test.cc(199):   error: Value of: actual_crashes    Actual: 1  Expected: expected_crashes_  Which is: 0  Encountered an unexpected crash in the program during this test.  [  FAILED  ]   NPAPIVisiblePluginTester.SelfDeletePluginInvokeInSynchronousMouseMove (2734   ms)  [----------] 1 test from NPAPIVisiblePluginTester (2734 ms total)    [----------] Global test environment tear-down  [==========] 1 test from 1 test case ran. (2734 ms total)  [  PASSED  ] 0 tests.  [  FAILED  ] 1 test  listed below:  [  FAILED  ]   NPAPIVisiblePluginTester.SelfDeletePluginInvokeInSynchronousMouseMove     1 FAILED TEST    YOU HAVE 4 FLAKY TESTS    Note: Google Test filter =   NPAPIVisiblePluginTester.GetURLRequest404Response  [==========] Running 1 test from 1 test case.  [----------] Global test environment set-up.  [----------] 1 test from NPAPIVisiblePluginTester  [ RUN      ] NPAPIVisiblePluginTester.GetURLRequest404Response  C:bslavechromium-dbg-builderbuildsrcchrometestuiui_test.cc(881):   error: Value of: test_result    Actual: false  Expected: true  [  FAILED  ] NPAPIVisiblePluginTester.GetURLRequest404Response (6594 ms)  [----------] 1 test from NPAPIVisiblePluginTester (6594 ms total)    [----------] Global test environment tear-down  [==========] 1 test from 1 test case ran. (6594 ms total)  [  PASSED  ] 0 tests.  [  FAILED  ] 1 test  listed below:  [  FAILED  ] NPAPIVisiblePluginTester.GetURLRequest404Response     1 FAILED TEST    YOU HAVE 4 FLAKY TESTS    <a href="http://build.chromium.org/buildbot/waterfall/builders/Interactive%20Tests%2">http://build.chromium.org/buildbot/waterfall/builders/Interactive%20Tests%2</a>  0(dbg)/builds/22662  <a href="http://build.chromium.org/buildbot/waterfall/waterfall?">http://build.chromium.org/buildbot/waterfall/waterfall?</a>  builder=Interactive%20Tests%20(dbg)&amp;last_time=1269470208&amp;show_events=true  Blamelist:  <a href="http://src.chromium.org/viewvc/chrome?view=rev&amp;revision=42498">http://src.chromium.org/viewvc/chrome?view=rev&amp;revision=42498</a>   </pre>