<title>Issue 40141 -   chromium -    Investigate why ExtensionAPITest.Infobars is flaky on ChromeOS - Project Hosting on Google Code</title> <pre> [26428:26428:0401/124314:610306436174:INFO:chrome/browser/extensions/extension_host.cc(393)] Sending   EXTENSION_HOST_DID_STOP_LOADING  (  FAILED  ) createInfobars  [26428:26428:0401/124314:610306437835:INFO:chrome/browser/extensions/extension_test_api.cc(35)] (  FAILED  ) createInfobars  [26428:26428:0401/124314:610306471872:INFO:CONSOLE(0)] &quot;[FAIL] createInfobars: FAIL (no message)      at chrome/extensionapitest:103:19      at Object.callback (chrome-extension://mmaefohhjfjifamgbokleapbkeeoompa/test.js:54:22)      at Object.&lt;anonymous&gt; (chrome/ExtensionProcessBindings:109:19) &quot; source:  (41)  Got EXTENSION_TEST_FAILED notification.  [26428:26428:0401/124314:610306473096:INFO:CONSOLE(0)] &quot;Uncaught completed &quot; source: chrome/extensionapitest (19)  chrome/browser/extensions/extension_infobar_apitest.cc:22: Failure  Value of: RunExtensionTest(&quot;infobars&quot;)    Actual: false  Expected: true  FAIL (no message)      at chrome/extensionapitest:103:19      at Object.callback (chrome-extension://mmaefohhjfjifamgbokleapbkeeoompa/test.js:54:22)      at Object.&lt;anonymous&gt; (chrome/ExtensionProcessBindings:109:19)    (browser_tests:26428): Gtk-CRITICAL **: gtk_widget_size_allocate: assertion `GTK_IS_WIDGET (widget)' failed    (browser_tests:26428): GLib-GObject-CRITICAL **: g_object_set_data: assertion `G_IS_OBJECT (object)' failed    (browser_tests:26428): Gtk-CRITICAL **: gtk_fixed_move_internal: assertion `GTK_IS_WIDGET (widget)' failed    (browser_tests:26428): Gtk-CRITICAL **: gtk_fixed_move_internal: assertion `GTK_IS_FIXED (fixed)' failed    (browser_tests:26428): Gtk-CRITICAL **: gtk_widget_show: assertion `GTK_IS_WIDGET (widget)' failed </pre>