<title>Issue 40659 -   chromium -    Valgrind Mac leak in extension_file_util::LoadExtension called by CrxInstaller::CompleteInstall - Project Hosting on Google Code</title> <pre> <a href="http://build.chromium.org/buildbot/memory/builders/Chromium%20Mac%20UI%20(valgrind)(1)/">http://build.chromium.org/buildbot/memory/builders/Chromium%20Mac%20UI%20(valgrind)(1)/</a>  builds/2427    09:31:18 memcheck_analyze.py [ERROR] FAIL! There were 1 errors:   09:31:55 memcheck_analyze.py [ERROR] Leak_DefinitelyLost  Command: /b/slave/chromium-rel-mac-valgrind-ui-  1/build/src/xcodebuild/Debug/Chromium.app/Contents/MacOS/Chromium --no-first-run --  no-default-browser-check --test-type=ui --enable-file-cookies --testing-  channel=ChromeTestingInterface:20551.24 --noerrdialogs --homepage=about:blank --  disable-web-resources --user-data-dir=/private/var/folders/yo/yotGBOBoH+ijr5HR-  DAtvk+++TM/-Tmp-/org.chromium.e8iuhl/test_user_data --metrics-recording-only --  enable-logging --test-name=ExtensionProxyUITest.EnableDisable --allow-file-access-from-  files  2 371 (596 direct  1 775 indirect) bytes in 1 blocks are definitely lost in loss record 5 912 of   6 002    operator new(unsigned long) (mp/vg-chr/scripts/valgrind-  source/coregrind/m_replacemalloc/vg_replace_malloc.c:235)    extension_file_util::LoadExtension(FilePath const&amp;  bool  std::basic_string&lt;char    std::char_traits&lt;char&gt;  std::allocator&lt;char&gt; &gt;*) (extension_file_util.cc:145)    CrxInstaller::CompleteInstall() (crx_installer.cc:260)    void DispatchToMethod&lt;CrxInstaller  void (CrxInstaller::*)()&gt;(CrxInstaller*  void   (CrxInstaller::*)()  Tuple0 const&amp;) (tuple.h:412)    RunnableMethod&lt;CrxInstaller  void (CrxInstaller::*)()  Tuple0&gt;::Run() (task.h:296)    MessageLoop::RunTask(Task*) (/b/slave/chromium-rel-mac-valgrind-ui-  1/build/src/base/message_loop.cc:329)    MessageLoop::DeferOrRunPendingTask(MessageLoop::PendingTask const&amp;)   (/b/slave/chromium-rel-mac-valgrind-ui-1/build/src/base/message_loop.cc:337)    MessageLoop::DoWork() (/b/slave/chromium-rel-mac-valgrind-ui-  1/build/src/base/message_loop.cc:444)    base::MessagePumpLibevent::Run(base::MessagePump::Delegate*) (/b/slave/chromium-rel-  mac-valgrind-ui-1/build/src/base/message_pump_libevent.cc:241)    MessageLoop::RunInternal() (/b/slave/chromium-rel-mac-valgrind-ui-  1/build/src/base/message_loop.cc:205)    MessageLoop::RunHandler() (/b/slave/chromium-rel-mac-valgrind-ui-  1/build/src/base/message_loop.cc:177)    MessageLoop::Run() (/b/slave/chromium-rel-mac-valgrind-ui-  1/build/src/base/message_loop.cc:155)    base::Thread::Run(MessageLoop*) (/b/slave/chromium-rel-mac-valgrind-ui-  1/build/src/base/thread.cc:133)    base::Thread::ThreadMain() (/b/slave/chromium-rel-mac-valgrind-ui-  1/build/src/base/thread.cc:155)    ThreadFunc(void*) (/b/slave/chromium-rel-mac-valgrind-ui-  1/build/src/base/platform_thread_posix.cc:26)    _pthread_start    thread_start  Suppression:  {     &lt;insert_a_suppression_name_here&gt;     Memcheck:Leak     fun:_Znw*     fun:_ZN19extension_file_util13LoadExtensionERK8FilePathbPSs     fun:_ZN12CrxInstaller15CompleteInstallEv     fun:_Z16DispatchToMethodI12CrxInstallerMS0_FvvEEvPT_T0_RK6Tuple0     fun:_ZN14RunnableMethodI12CrxInstallerMS0_FvvE6Tuple0E3RunEv     fun:_ZN11MessageLoop7RunTaskEP4Task     fun:_ZN11MessageLoop21DeferOrRunPendingTaskERKNS_11PendingTaskE     fun:_ZN11MessageLoop6DoWorkEv     fun:_ZN4base19MessagePumpLibevent3RunEPNS_11MessagePump8DelegateE     fun:_ZN11MessageLoop11RunInternalEv     fun:_ZN11MessageLoop10RunHandlerEv  }    09:31:55 valgrind_test.py [INFO] Please see <a href="http://dev.chromium.org/developers/how-">http://dev.chromium.org/developers/how-</a>  tos/using-valgrind for the info on Memcheck/Valgrind  09:31:55 valgrind_test.py [ERROR] Analyze failed.  09:31:55 valgrind_test.py [INFO] elapsed time: 01:22:30 </pre>