<title>Issue 42199 -   chromium -    Valgrind leak for WidgetGtk::focus_manager_ - Project Hosting on Google Code</title> <pre>   (original logs at  <a href="http://build.chromium.org/buildbot/memory/builders/Chromium%20OS%20UI%20(valgrind)(1)/builds/2537/steps/valgrind%20test:%20unit/logs/stdio">http://build.chromium.org/buildbot/memory/builders/Chromium%20OS%20UI%20(valgrind)(1)/builds/2537/steps/valgrind%20test:%20unit/logs/stdio</a>  )    It seems related to <a href="http://codereview.chromium.org/1661003/show">http://codereview.chromium.org/1661003/show</a>    02:25:48 memcheck_analyze.py [ERROR] Leak_DefinitelyLost  Command: src/sconsbuild/Release/unit_tests --gtest_filter=-  VisitedLinkEventsTest.Coalescense:VisitedLinkRelayTest.Basics:RenderViewTest.ImeComposition:DnsMasterTest.MassiveConcurrentLookupTest:URLFetcherBadHTTPSTest.Ba  dHTTPSTest --gtest_print_time  52 bytes in 1 blocks are definitely lost in loss record 16 715 of 20 227    operator new(unsigned int) (mp/vg_bins/scripts/valgrind-memcheck/coregrind/m_replacemalloc/vg_replace_malloc.c:269)    views::WidgetGtk::WidgetGtk(views::WidgetGtk::Type) (views/widget/widget_gtk.cc:166)    (anonymous namespace)::ViewTest::CreateWidget() (views/view_unittest.cc:59)    ViewTest_HitTestMasks_Test::TestBody() (views/view_unittest.cc:592)    testing::Test::Run() (testing/gtest/src/gtest.cc:2095)    testing::internal::TestInfoImpl::Run() (testing/gtest/src/gtest.cc:2314)    testing::TestCase::Run() (testing/gtest/src/gtest.cc:2420)    testing::internal::UnitTestImpl::RunAllTests() (testing/gtest/src/gtest.cc:4024)    testing::UnitTest::Run() (testing/gtest/src/gtest.cc:3687)    TestSuite::Run() (./base/test/test_suite.h:125)    main (chrome/test/unit/run_all_unittests.cc:8)  Suppression:  {     &lt;insert_a_suppression_name_here&gt;     Memcheck:Leak     fun:_Znw*     fun:_ZN5views9WidgetGtkC1ENS0_4TypeE     fun:_ZN51_GLOBAL__N_views_view_unittest.cc_00000000_29537CA68ViewTest12CreateWidgetEv     fun:_ZN26ViewTest_HitTestMasks_Test8TestBodyEv     fun:_ZN7testing4Test3RunEv     fun:_ZN7testing8internal12TestInfoImpl3RunEv     fun:_ZN7testing8TestCase3RunEv     fun:_ZN7testing8internal12UnitTestImpl11RunAllTestsEv     fun:_ZN7testing8UnitTest3RunEv     fun:_ZN9TestSuite3RunEv     fun:main  }    02:25:48 memcheck_analyze.py [ERROR] Leak_DefinitelyLost  Command: src/sconsbuild/Release/unit_tests --gtest_filter=-  VisitedLinkEventsTest.Coalescense:VisitedLinkRelayTest.Basics:RenderViewTest.ImeComposition:DnsMasterTest.MassiveConcurrentLookupTest:URLFetcherBadHTTPSTest.Ba  dHTTPSTest --gtest_print_time  52 bytes in 1 blocks are definitely lost in loss record 16 713 of 20 227    operator new(unsigned int) (mp/vg_bins/scripts/valgrind-memcheck/coregrind/m_replacemalloc/vg_replace_malloc.c:269)    views::WidgetGtk::WidgetGtk(views::WidgetGtk::Type) (views/widget/widget_gtk.cc:166)    (anonymous namespace)::ViewTest::CreateWidget() (views/view_unittest.cc:59)    ViewTest_MouseEvent_Test::TestBody() (views/view_unittest.cc:325)    testing::Test::Run() (testing/gtest/src/gtest.cc:2095)    testing::internal::TestInfoImpl::Run() (testing/gtest/src/gtest.cc:2314)    testing::TestCase::Run() (testing/gtest/src/gtest.cc:2420)    testing::internal::UnitTestImpl::RunAllTests() (testing/gtest/src/gtest.cc:4024)    testing::UnitTest::Run() (testing/gtest/src/gtest.cc:3687)    TestSuite::Run() (./base/test/test_suite.h:125)    main (chrome/test/unit/run_all_unittests.cc:8)  Suppression:  {     &lt;insert_a_suppression_name_here&gt;     Memcheck:Leak     fun:_Znw*     fun:_ZN5views9WidgetGtkC1ENS0_4TypeE     fun:_ZN51_GLOBAL__N_views_view_unittest.cc_00000000_29537CA68ViewTest12CreateWidgetEv     fun:_ZN24ViewTest_MouseEvent_Test8TestBodyEv     fun:_ZN7testing4Test3RunEv     fun:_ZN7testing8internal12TestInfoImpl3RunEv     fun:_ZN7testing8TestCase3RunEv     fun:_ZN7testing8internal12UnitTestImpl11RunAllTestsEv     fun:_ZN7testing8UnitTest3RunEv     fun:_ZN9TestSuite3RunEv     fun:main  }      02:25:48 memcheck_analyze.py [ERROR] Leak_DefinitelyLost  Command: src/sconsbuild/Release/unit_tests --gtest_filter=-  VisitedLinkEventsTest.Coalescense:VisitedLinkRelayTest.Basics:RenderViewTest.ImeComposition:DnsMasterTest.MassiveConcurrentLookupTest:URLFetcherBadHTTPSTest.Ba  dHTTPSTest --gtest_print_time  52 bytes in 1 blocks are definitely lost in loss record 16 714 of 20 227    operator new(unsigned int) (mp/vg_bins/scripts/valgrind-memcheck/coregrind/m_replacemalloc/vg_replace_malloc.c:269)    views::WidgetGtk::WidgetGtk(views::WidgetGtk::Type) (views/widget/widget_gtk.cc:166)    (anonymous namespace)::ViewTest::CreateWidget() (views/view_unittest.cc:59)    ViewTest_RemoveNotification_Test::TestBody() (views/view_unittest.cc:465)    testing::Test::Run() (testing/gtest/src/gtest.cc:2095)    testing::internal::TestInfoImpl::Run() (testing/gtest/src/gtest.cc:2314)    testing::TestCase::Run() (testing/gtest/src/gtest.cc:2420)    testing::internal::UnitTestImpl::RunAllTests() (testing/gtest/src/gtest.cc:4024)    testing::UnitTest::Run() (testing/gtest/src/gtest.cc:3687)    TestSuite::Run() (./base/test/test_suite.h:125)    main (chrome/test/unit/run_all_unittests.cc:8)  Suppression:  {     &lt;insert_a_suppression_name_here&gt;     Memcheck:Leak     fun:_Znw*     fun:_ZN5views9WidgetGtkC1ENS0_4TypeE     fun:_ZN51_GLOBAL__N_views_view_unittest.cc_00000000_29537CA68ViewTest12CreateWidgetEv     fun:_ZN32ViewTest_RemoveNotification_Test8TestBodyEv     fun:_ZN7testing4Test3RunEv     fun:_ZN7testing8internal12TestInfoImpl3RunEv     fun:_ZN7testing8TestCase3RunEv     fun:_ZN7testing8internal12UnitTestImpl11RunAllTestsEv     fun:_ZN7testing8UnitTest3RunEv     fun:_ZN9TestSuite3RunEv     fun:main  }                         </pre>