<title>Issue 42257 -   chromium -    webkit linux valgrind canary is dead - Project Hosting on Google Code</title> <pre> <a href="http://build.chromium.org/buildbot/waterfall.fyi/builders/Webkit%20Linux%20">http://build.chromium.org/buildbot/waterfall.fyi/builders/Webkit%20Linux%20</a>  (valgrind%20webkit.org)    It's been failing for a little while  no idea why.  Here's the output:    python ../../../scripts/slave/runtest.py --run-shell-script --target   Release --build-dir src/build ../../../src/tools/valgrind/chrome_tests.sh -  -build_dir src/sconsbuild/Release --test test_shell --tool memcheck   in dir /b/slave/webkit-rel-linux-valgrind-webkit-org/build (timeout 1200   secs)   watching logfiles {}   argv: ['python'  '../../../scripts/slave/runtest.py'  '--run-shell-  script'  '--target'  'Release'  '--build-dir'  'src/build'    '../../../src/tools/valgrind/chrome_tests.sh'  '--build_dir'    'src/sconsbuild/Release'  '--test'  'test_shell'  '--tool'  'memcheck']   environment:    CHROME_HEADLESS=1    HOME=/home/chrome-bot    LANG=en_US.UTF-8    LOGNAME=chrome-bot    PATH=/b/depot_tools:/usr/bin:/bin:/usr/sbin:/sbin:/usr/local/bin    PWD=/b/slave/webkit-rel-linux-valgrind-webkit-org/build      PYTHONPATH=/b/scripts/private:/b/scripts/common:/b/scripts/slave:/b/pylibs:  /b/symsrc    SHELL=/bin/bash    USER=chrome-bot   closing stdin   using PTY: True  [Running on builder: &quot;None&quot;]  Verifying Xvfb has started...  ...OK    sh /b/slave/webkit-rel-linux-valgrind-webkit-  org/build/src/build/../sconsbuild/Release/../../../src/tools/valgrind/chrom  e_tests.sh --build_dir src/sconsbuild/Release --test test_shell --tool   memcheck  Using valgrind binaries from /b/slave/webkit-rel-linux-valgrind-webkit-  org/build/src/third_party/valgrind/linux_x86  15:19:48 chrome_tests.py [INFO] running test test_shell  15:19:48 chrome_tests.py [INFO] reading gtest filters from /b/slave/webkit-  rel-linux-valgrind-webkit-  org/build/src/webkit/data/valgrind/test_shell_tests.gtest.txt  15:19:48 valgrind_test.py [INFO] starting execution...  15:19:48 valgrind_test.py [INFO] export G_SLICE=always-malloc  15:19:48 valgrind_test.py [INFO] export NSS_DISABLE_ARENA_FREE_LIST=1  15:19:48 valgrind_test.py [INFO] export GTEST_DEATH_TEST_USE_FORK=1  15:19:48 common.py [INFO] running valgrind --tool=memcheck --num-callers=30   --leak-check=full --gen-suppressions=all --demangle=no --show-possible=no -  -suppressions=/b/slave/webkit-rel-linux-valgrind-webkit-  org/build/src/tools/valgrind/memcheck/suppressions.txt --xml=yes --xml-  file=valgrind.tmp/memcheck.%p src/sconsbuild/Release/test_shell_tests --  gtest_filter=-  BMPImageDecoderTest.ChunkedDecodingSlow:BMPImageDecoderTest.DecodingSlow:Me  diaLeakTest.VideoBear:MediaLeakTest.ManyVideoBear:WebFrameTest.GetFullHtmlO  fPage --gtest_print_time  timeout 10000 sec  15:19:48 common.py [INFO] started subprocess  15:19:52 common.py [INFO] process ended  did not time out  15:19:52 common.py [INFO] flushing stdout  15:19:52 common.py [INFO] collecting result code  15:19:52 common.py [ERROR] valgrind exited with non-zero result code -11  -----------------------------------------------------  Suppressions used:    count name        1 bug_28149a        6 bug_28633      111 dl-hack3-cond-1  -----------------------------------------------------  15:19:52 memcheck_analyze.py [INFO] PASS! No errors found!  15:19:52 valgrind_test.py [ERROR] Test execution failed.  15:19:52 valgrind_test.py [INFO] elapsed time: 00:00:03  program finished with exit code 245  elapsedTime=4.110932 </pre>