<title>Issue 42545 -   chromium -    ExternalTabUITest.HostNetworkStack is flaky - Project Hosting on Google Code</title> <pre> ExternalTabUITest.HostNetworkStack failed a couple of times  marking as flaky.    Original log:  <a href="http://chrome-buildbot.corp.google.com:8010/builders/XP%20Tests/builds/19574/steps/ui_tests/logs/HostNetworkStack">http://chrome-buildbot.corp.google.com:8010/builders/XP%20Tests/builds/19574/steps/ui_tests/logs/HostNetworkStack</a>    ExternalTabUITest.HostNetworkStack:  unknown file: error:   Unexpected mock function call - returning directly.      Function call: OnRequestStart(1  3  @0012F8A0 116-byte object &lt;0000 0000 2079 C401 ECF8 1200 D413 7374 4100 0F00 1D00 0000 1F00 0000 D913 7374 4745 5400 00E0   FD7F 0201 0000 0000 7A01 0300 0000 0F00 0000 60FD 1200 60F9 C301 A6F1 7574 E013 7374 FFFF FFFF 1500 0000 1F00 0000 0000 0000 A025 C401 88F9 1200 0000 0000 28FA   1200 5100 0000 5F00 0000 0000 0000&gt;)  Google Mock tried the following 3 expectations  but none matched:    C:bslavechromium-rel-builderbuildsrcchrometestautomationautomation_proxy_uitest.cc:1026: tried expectation #0: EXPECT_CALL(*mock_  OnRequestStart(1  2    testing::AllOf( testing::Field(&amp;IPC::AutomationURLRequest::url  StrEq(url + &quot;/&quot;))  testing::Field(&amp;IPC::AutomationURLRequest::method  StrEq(&quot;GET&quot;)))))...           Expected: the expectation is active             Actual: it is retired           Expected: to be called once             Actual: called once - saturated and retired  C:bslavechromium-rel-builderbuildsrcchrometestautomationautomation_proxy_uitest.cc:1053: tried expectation #1: EXPECT_CALL(*mock_  OnRequestStart(1  3    testing::AllOf( testing::Field(&amp;IPC::AutomationURLRequest::url  StrEq(url + &quot;/logo.gif&quot;))  testing::Field(&amp;IPC::AutomationURLRequest::method  StrEq(&quot;GET&quot;)))))...           Expected: all pre-requisites are satisfied             Actual: the following immediate pre-requisites are not satisfied:  C:bslavechromium-rel-builderbuildsrcchrometestautomationautomation_proxy_uitest.cc:1047: pre-requisite #0                     (end of pre-requisites)           Expected: to be called once             Actual: never called - unsatisfied and active  C:bslavechromium-rel-builderbuildsrcchrometestautomationautomation_proxy_uitest.cc:1065: tried expectation #2: EXPECT_CALL(*mock_  OnRequestStart(1  4    testing::AllOf( testing::Field(&amp;IPC::AutomationURLRequest::url  StrEq(url + &quot;/favicon.ico&quot;))  testing::Field(&amp;IPC::AutomationURLRequest::method    StrEq(&quot;GET&quot;)))))...    Expected arg #1: is equal to 4             Actual: 3    Expected arg #2: (is an object whose given field is equal to &quot;<a href="http://placetogo.org/favicon.ico&quot;">http://placetogo.org/favicon.ico&quot;</a>) and (is an object whose given field is equal to &quot;GET&quot;)             Actual: 116-byte object &lt;0000 0000 2079 C401 ECF8 1200 D413 7374 4100 0F00 1D00 0000 1F00 0000 D913 7374 4745 5400 00E0 FD7F 0201 0000 0000 7A01 0300   0000 0F00 0000 60FD 1200 60F9 C301 A6F1 7574 E013 7374 FFFF FFFF 1500 0000 1F00 0000 0000 0000 A025 C401 88F9 1200 0000 0000 28FA 1200 5100 0000 5F00 0000 0000   0000&gt;  whose given field is &quot;<a href="http://placetogo.org/logo.gif">http://placetogo.org/logo.gif</a>&quot;           Expected: to be called once             Actual: never called - unsatisfied and active  C:bslavechromium-rel-builderbuildsrcchrome/test/automation/automation_proxy_uitest.h(38): error: Value of: host_window_ == NULL    Actual: false  Expected: true  C:bslavechromium-rel-builderbuildsrcchrometestautomationautomation_proxy_uitest.cc(1073): error: Actual function call count doesn't match   EXPECT_CALL(*mock_  HandleClosed(1))...           Expected: to be called once             Actual: never called - unsatisfied and active  C:bslavechromium-rel-builderbuildsrcchrometestautomationautomation_proxy_uitest.cc(1058): error: Actual function call count doesn't match   EXPECT_CALL(*mock_  OnRequestRead(1  3  testing::Gt(0)))...           Expected: to be called once             Actual: never called - unsatisfied and active  C:bslavechromium-rel-builderbuildsrcchrometestautomationautomation_proxy_uitest.cc(1075): error: Actual function call count doesn't match   EXPECT_CALL(*mock_  OnRequestRead(1  4  testing::Gt(0)))...           Expected: to be called once             Actual: never called - unsatisfied and active  C:bslavechromium-rel-builderbuildsrcchrometestautomationautomation_proxy_uitest.cc(1053): error: Actual function call count doesn't match   EXPECT_CALL(*mock_  OnRequestStart(1  3  testing::AllOf( testing::Field(&amp;IPC::AutomationURLRequest::url  StrEq(url + &quot;/logo.gif&quot;))    testing::Field(&amp;IPC::AutomationURLRequest::method  StrEq(&quot;GET&quot;)))))...           Expected: to be called once             Actual: never called - unsatisfied and active  C:bslavechromium-rel-builderbuildsrcchrometestautomationautomation_proxy_uitest.cc(1065): error: Actual function call count doesn't match   EXPECT_CALL(*mock_  OnRequestStart(1  4  testing::AllOf( testing::Field(&amp;IPC::AutomationURLRequest::url  StrEq(url + &quot;/favicon.ico&quot;))    testing::Field(&amp;IPC::AutomationURLRequest::method  StrEq(&quot;GET&quot;)))))...           Expected: to be called once             Actual: never called - unsatisfied and active </pre>