<title>Issue 42593 -   chromium -    valgrind error in unit_tests in _decodeObject - Project Hosting on Google Code</title> <pre> Starting in the build with update <a href="/p/chromium/source/detail?r=45564">r45564</a>  valgrind reports an error  (Leak_DefinitelyLost) in unit_tests.  The bot happened to go offline  before that build.    Here is the URL of and an excerpt from the test output log.  Mike   should we just suppress this error?    <a href="http://build.chromium.org/buildbot/memory/builders/Chromium%20Mac%20(valgri">http://build.chromium.org/buildbot/memory/builders/Chromium%20Mac%20(valgri</a>  nd)/builds/4423/steps/valgrind%20test:%20unit/logs/stdio    -----------------------------------------------------  21:16:08 memcheck_analyze.py [ERROR] FAIL! There were 1 errors:   21:16:45 memcheck_analyze.py [ERROR] Leak_DefinitelyLost  Command: src/xcodebuild/Debug/unit_tests --gtest_filter=-  VisitedLinkEventsTest.Coalescense:VisitedLinkRelayTest.Basics:RenderViewTes  t.ImeComposition:DnsMasterTest.MassiveConcurrentLookupTest:IPCSyncChannelTe  st.*:WebDropTargetTest.URL:WebDropTargetTest.Data:AutocompleteTextFieldEdit  orTest.CutCopyTest:DownloadUtilTest.AddFileToPasteboardTest:FindPasteboardT  est.ReadingFromPboardUpdatesFindText:FindPasteboardTest.SendsNotificationWh  enTextChanges:RenderViewTest.MacTestCmdUp:ChromeBrowserWindowTest.DoesHideT  itle:ClearBrowsingDataControllerTest.*:NSMenuItemAdditionsTest.TestMOnDiffe  rentLayouts:PrefsControllerTest.GetPrefsViewForPage:PrefsControllerTest.Get  ToolbarItemForPage:PrefsControllerTest.ShowAndClose:PrefsControllerTest.Swi  tchToPage:RenderViewTest.OnPrintPages:RenderViewTest.Print*:TabStripControl  lerTest.AddRemoveTabs:TaskManagerWindowControllerTest.*:BookmarkAllTabsCont  rollerTest.BookmarkAllTabs:BookmarkFolderTargetTest.* --gtest_print_time  560 (28 direct  532 indirect) bytes in 1 blocks are definitely lost in loss   record 14 448 of 15 128    calloc (mp/vg-bins/scripts/valgrind-  memcheck/coregrind/m_replacemalloc/vg_replace_malloc.c:501)    _internal_class_createInstanceFromZone    _internal_class_createInstance    +[NSObject allocWithZone:]    _decodeObjectBinary    _decodeObject    -[NSButtonCell initWithCoder:]    _decodeObjectBinary    _decodeObject    -[NSControl initWithCoder:]    -[NSButton initWithCoder:]    _decodeObjectBinary    _decodeObject    -[NSNibConnector initWithCoder:]    -[NSNibOutletConnector initWithCoder:]    _decodeObjectBinary    -[NSKeyedUnarchiver _decodeArrayOfObjectsForKey:]    -[NSArray(NSArray) initWithCoder:]    _decodeObjectBinary    _decodeObject    -[NSIBObjectData initWithCoder:]    _decodeObjectBinary    _decodeObject    loadNib    +[NSBundle(NSNibLoading) _loadNibFile:nameTable:withZone:ownerBundle:]    +[NSBundle(NSNibLoading) loadNibFile:externalNameTable:withZone:]    -[NSWindowController loadWindow]    -[NSWindowController window]    ExtensionInstallPromptControllerTest_BasicsSkinny_Test::TestBody()   (extension_install_prompt_controller_unittest.mm:270)    testing::Test::Run() (gtest.cc:2095)  Suppression:  {     &lt;insert_a_suppression_name_here&gt;     Memcheck:Leak     fun:calloc     fun:_internal_class_createInstanceFromZone     fun:_internal_class_createInstance     fun:+[NSObject allocWithZone:]     fun:_decodeObjectBinary     fun:_decodeObject     fun:-[NSButtonCell initWithCoder:]     fun:_decodeObjectBinary     fun:_decodeObject     fun:-[NSControl initWithCoder:]     fun:-[NSButton initWithCoder:]     fun:_decodeObjectBinary     fun:_decodeObject     fun:-[NSNibConnector initWithCoder:]     fun:-[NSNibOutletConnector initWithCoder:]     fun:_decodeObjectBinary     fun:-[NSKeyedUnarchiver _decodeArrayOfObjectsForKey:]     fun:-[NSArray(NSArray) initWithCoder:]     fun:_decodeObjectBinary     fun:_decodeObject     fun:-[NSIBObjectData initWithCoder:]     fun:_decodeObjectBinary  } </pre>