<title>Issue 42718 -   chromium -    Marking as flaky: TestEvalOnCallFrame  TestSetBreakpoint - Project Hosting on Google Code</title> <pre> After rolling WebKit 58304:58400 on  <a href="http://src.chromium.org/viewvc/chrome?view=rev&amp;revision=45795">http://src.chromium.org/viewvc/chrome?view=rev&amp;revision=45795</a>    We didn't find any obvious change in:  <a href="http://trac.webkit.org/log/?verbose=on&amp;rev=58400&amp;stop_rev=58304">http://trac.webkit.org/log/?verbose=on&amp;rev=58400&amp;stop_rev=58304</a>    DevToolsSanityTest.TestSetBreakpoint and DevToolsSanityTest.TestEvalOnCallFrame started failing:    Note: Google Test filter = DevToolsSanityTest.TestSetBreakpoint  [==========] Running 1 test from 1 test case.  [----------] Global test environment set-up.  [----------] 1 test from DevToolsSanityTest  [ RUN      ] DevToolsSanityTest.TestSetBreakpoint  C:bslavechromium-dbg-builderbuildsrcchromebrowserdebuggerdevtools_sanity_unittest.cc(113): error: Value of: result    Actual: &quot;[FAILED] Timeout exceeded: 20 sec&quot;  Expected: &quot;[OK]&quot;  [  FAILED  ] DevToolsSanityTest.TestSetBreakpoint (25078 ms)  [----------] 1 test from DevToolsSanityTest (25078 ms total)    [ RUN      ] DevToolsSanityTest.TestEvalOnCallFrame  C:bslavechromium-dbg-builderbuildsrcchromebrowserdebuggerdevtools_sanity_unittest.cc(113): error: Value of: result    Actual: &quot;[FAILED] Timeout exceeded: 20 sec&quot;  Expected: &quot;[OK]&quot;  [  FAILED  ] DevToolsSanityTest.TestEvalOnCallFrame (24344 ms)  [----------] 1 test from DevToolsSanityTest (24344 ms total)    Full log:  <a href="http://build.chromium.org/buildbot/waterfall/builders/Interactive%20Tests%20(dbg)/builds/24276/steps/interactive_ui_tests/logs/stdio">http://build.chromium.org/buildbot/waterfall/builders/Interactive%20Tests%20(dbg)/builds/24276/steps/interactive_ui_tests/logs/stdio</a> </pre>