<title>Issue 43115 -   chromium -    RendererCrashTest.Crash failing on CrOS Valgrind - Project Hosting on Google Code</title> <pre> This started here:   <a href="http://build.chromium.org/buildbot/memory/builders/Chromium%20OS%20UI%20(va">http://build.chromium.org/buildbot/memory/builders/Chromium%20OS%20UI%20(va</a>  lgrind)(4)/builds/2803/steps/valgrind%20test%3A%20ui/logs/stdio    which somewhere between <a href="/p/chromium/source/detail?r=45818">r45818</a> and <a href="/p/chromium/source/detail?r=45831">r45831</a>. Gspencer's CL looks most   suspicious.    Before  we used to get:      [----------] 1 test from RendererCrashTest  [ RUN      ] RendererCrashTest.Crash  [29423:29423:0428/102925:2339717207078:INFO:chrome/test/ui/ui_test.cc(1206)  ] BROWSER_WRAPPER was set  prefixing command_line with /b/slave/chromium-  rel-chromeos-valgrind-tests-4/build/valgrind.tmp/browser_wrapper.Hu5w9C  [29853:29853:2339729700768:ERROR:chrome/browser/chromeos/cros/cros_library_  loader.cc(24)] Problem loading chromeos shared object: Couldn't load   libcros from: /b/slave/chromium-rel-chromeos-valgrind-tests-  4/build/src/out/Release/chromeos/libcros.so error: /b/slave/chromium-rel-  chromeos-valgrind-tests-4/build/src/out/Release/chromeos/libcros.so: cannot   open shared object file: No such file or directory  [29853:29853:2339747059059:ERROR:chrome/browser/chromeos/cros/mount_library  .cc(65)] Cros Library has not been loaded  [       OK ] RendererCrashTest.Crash (145421 ms)  [----------] 1 test from RendererCrashTest (145421 ms total)        When it first started failing  we got:        [----------] 1 test from RendererCrashTest  [ RUN      ] RendererCrashTest.Crash  [26452:26452:0428/114842:2344474426770:INFO:chrome/test/ui/ui_test.cc(1206)  ] BROWSER_WRAPPER was set  prefixing command_line with /b/slave/chromium-  rel-chromeos-valgrind-tests-4/build/valgrind.tmp/browser_wrapper._mrKdA  [26888:26888:2344486063261:ERROR:chrome/browser/chromeos/cros/cros_library_  loader.cc(24)] Problem loading chromeos shared object: Couldn't load   libcros from: /b/slave/chromium-rel-chromeos-valgrind-tests-  4/build/src/out/Release/chromeos/libcros.so error: /b/slave/chromium-rel-  chromeos-valgrind-tests-4/build/src/out/Release/chromeos/libcros.so: cannot   open shared object file: No such file or directory  [26888:26888:2344502203391:ERROR:chrome/browser/chromeos/cros/mount_library  .cc(65)] Cros Library has not been loaded  --26888:0:aspacem  Valgrind: FATAL: VG_N_SEGMENTS is too low.  --26888:0:aspacem    Increase it and rebuild.  Exiting now.  chrome/common/logging_chrome_uitest.cc:183: Failure  Value of: browser.get()    Actual: false  Expected: true  [  FAILED  ] RendererCrashTest.Crash (135152 ms)  [----------] 1 test from RendererCrashTest (135152 ms total)      but even after we fixed Valgrind  we still get this error:        [----------] 1 test from RendererCrashTest  [ RUN      ] RendererCrashTest.Crash  [18397:18397:0503/123808:87453848253:INFO:chrome/test/ui/ui_test.cc(1206)]   BROWSER_WRAPPER was set  prefixing command_line with /b/slave/chromium-rel-  chromeos-valgrind-tests-4/build/valgrind.tmp/browser_wrapper.SBYCKP  [18859:18859:87466351142:ERROR:chrome/browser/chromeos/cros/cros_library_lo  ader.cc(24)] Problem loading chromeos shared object: Couldn't load libcros   from: /b/slave/chromium-rel-chromeos-valgrind-tests-  4/build/src/out/Release/chromeos/libcros.so error: /b/slave/chromium-rel-  chromeos-valgrind-tests-4/build/src/out/Release/chromeos/libcros.so: cannot   open shared object file: No such file or directory  [18859:18859:87483948269:ERROR:chrome/browser/chromeos/cros/mount_library.c  c(65)] Cros Library has not been loaded  Killed  chrome/common/logging_chrome_uitest.cc:183: Failure  Value of: browser.get()    Actual: false  Expected: true  [  FAILED  ] RendererCrashTest.Crash (136873 ms)  [----------] 1 test from RendererCrashTest (136873 ms total)   </pre>