<title>Issue 43479 -   chromium -    DevToolsSanityTest.TestStepIn and DevToolsSanityTest.TestStepOut are flaky on CrOS - Project Hosting on Google Code</title> <pre> DevToolsSanityTest.TestStepIn goes red every so often:      Note: Google Test filter = DevToolsSanityTest.TestStepIn  [==========] Running 1 test from 1 test case.  [----------] Global test environment set-up.  [----------] 1 test from DevToolsSanityTest  [ RUN      ] DevToolsSanityTest.TestStepIn  [11167:11167:0506/153013:3644325228351:WARNING:chrome/installer/util/master  _preferences.cc(167)] Master preferences file not found: /b/slave/chromium-  rel-linux-chromiumos/build/src/out/Release/master_preferences  [11167:11175:0506/153013:3644325229092:INFO:net/base/host_resolver_impl.cc(  1108)] IPv6Probe forced AddressFamily setting to ADDRESS_FAMILY_IPV4  [11167:11167:0506/153013:3644325229800:ERROR:chrome/browser/chromeos/cros/c  ros_library_loader.cc(24)] Problem loading chromeos shared object: Couldn't   load libcros from: /b/slave/chromium-rel-linux-  chromiumos/build/src/out/Release/chromeos/libcros.so error:   /b/slave/chromium-rel-linux-  chromiumos/build/src/out/Release/chromeos/libcros.so: cannot open shared   object file: No such file or directory  [11167:11167:0506/153013:3644325229846:INFO:chrome/browser/chromeos/cros/la  nguage_library.cc(277)] No connection to IBus. # of pending set config   commands: 1  [11167:11167:0506/153013:3644325229869:INFO:chrome/browser/chromeos/prefere  nces.cc(179)] Setting next_engine to 'Shift+Alt_L Alt+Shift_L Alt+grave'  [11167:11167:0506/153013:3644325229895:INFO:chrome/browser/chromeos/cros/la  nguage_library.cc(277)] No connection to IBus. # of pending set config   commands: 2  [11167:11167:0506/153013:3644325229908:INFO:chrome/browser/chromeos/prefere  nces.cc(179)] Setting trigger to ''  [11167:11167:0506/153013:3644325229918:INFO:chrome/browser/chromeos/cros/la  nguage_library.cc(277)] No connection to IBus. # of pending set config   commands: 3  [11167:11167:0506/153013:3644325229930:INFO:chrome/browser/chromeos/prefere  nces.cc(179)] Setting preload_engines to 'xkb:us::eng'  [11167:11167:0506/153013:3644325229942:INFO:chrome/browser/chromeos/cros/la  nguage_library.cc(277)] No connection to IBus. # of pending set config   commands: 4  [11167:11167:0506/153013:3644325229954:INFO:chrome/browser/chromeos/cros/la  nguage_library.cc(277)] No connection to IBus. # of pending set config   commands: 5  [11167:11167:0506/153013:3644325229968:INFO:chrome/browser/chromeos/cros/la  nguage_library.cc(277)] No connection to IBus. # of pending set config   commands: 6  [11167:11167:0506/153013:3644325229980:INFO:chrome/browser/chromeos/cros/la  nguage_library.cc(277)] No connection to IBus. # of pending set config   commands: 7  [11167:11167:0506/153013:3644325229992:INFO:chrome/browser/chromeos/cros/la  nguage_library.cc(277)] No connection to IBus. # of pending set config   commands: 8  [11167:11167:0506/153013:3644325230005:INFO:chrome/browser/chromeos/cros/la  nguage_library.cc(277)] No connection to IBus. # of pending set config   commands: 9  [11167:11167:0506/153013:3644325230016:INFO:chrome/browser/chromeos/cros/la  nguage_library.cc(277)] No connection to IBus. # of pending set config   commands: 10  [11167:11167:0506/153013:3644325230028:INFO:chrome/browser/chromeos/cros/la  nguage_library.cc(277)] No connection to IBus. # of pending set config   commands: 11  [11167:11167:0506/153013:3644325230040:INFO:chrome/browser/chromeos/cros/la  nguage_library.cc(277)] No connection to IBus. # of pending set config   commands: 12  [11167:11167:0506/153013:3644325230052:INFO:chrome/browser/chromeos/cros/la  nguage_library.cc(277)] No connection to IBus. # of pending set config   commands: 13  [11167:11167:0506/153013:3644325230068:INFO:chrome/browser/chromeos/cros/la  nguage_library.cc(277)] No connection to IBus. # of pending set config   commands: 14  [11167:11167:0506/153013:3644325230081:INFO:chrome/browser/chromeos/cros/la  nguage_library.cc(277)] No connection to IBus. # of pending set config   commands: 15  [11167:11167:0506/153013:3644325230094:INFO:chrome/browser/chromeos/cros/la  nguage_library.cc(277)] No connection to IBus. # of pending set config   commands: 16  [11167:11167:0506/153013:3644325230106:INFO:chrome/browser/chromeos/cros/la  nguage_library.cc(277)] No connection to IBus. # of pending set config   commands: 17  [11167:11167:0506/153013:3644325230127:INFO:chrome/browser/chromeos/cros/la  nguage_library.cc(277)] No connection to IBus. # of pending set config   commands: 18  [11167:11167:0506/153013:3644325230141:INFO:chrome/browser/chromeos/cros/la  nguage_library.cc(277)] No connection to IBus. # of pending set config   commands: 19  [11167:11167:0506/153013:3644325230961:INFO:chrome/browser/extensions/exten  sions_service.cc(608)] Sending EXTENSION_LOADED  [11167:11167:0506/153013:3644325331264:INFO:chrome/browser/history/history.  cc(730)] History backend finished loading  [11167:11172:0506/153013:3644325333138:INFO:chrome/browser/important_file_w  riter.cc(71)] successfully saved   /tmp/org.chromium.gQchBY/test_user_data/Default/Bookmarks  [11167:11167:0506/153013:3644325399566:INFO:net/socket/ssl_test_util.cc(205  )] Trying to launch python ...  [11167:11167:0506/153014:3644326401089:INFO:net/socket/ssl_test_util.cc(221  )] Started on port 1337  [11167:11167:0506/153014:3644326406590:INFO:chrome/browser/chromeos/cros/la  nguage_library.cc(277)] No connection to IBus. # of pending set config   commands: 19  [11167:11175:0506/153014:3644326412766:INFO:net/proxy/proxy_service.cc(612)  ] Failed initial proxy configuration fetch.  [11167:11175:0506/153014:3644326417951:INFO:chrome/browser/renderer_host/bu  ffered_resource_handler.cc(208)] To buffer:   http://localhost:1337/files/devtools/debugger_step.html  [11167:11175:0506/153014:3644326418178:INFO:chrome/browser/renderer_host/bu  ffered_resource_handler.cc(140)] Finished buffering   http://localhost:1337/files/devtools/debugger_step.html  [11167:11175:0506/153014:3644326435885:INFO:chrome/browser/renderer_host/bu  ffered_resource_handler.cc(208)] To buffer:   http://localhost:1337/files/devtools/debugger_step.js  [11167:11175:0506/153014:3644326435996:INFO:chrome/browser/renderer_host/bu  ffered_resource_handler.cc(140)] Finished buffering   http://localhost:1337/files/devtools/debugger_step.js  [11167:11175:0506/153014:3644326446272:INFO:chrome/browser/renderer_host/bu  ffered_resource_handler.cc(208)] To buffer:   http://localhost:1337/favicon.ico  [11167:11175:0506/153014:3644326446545:INFO:chrome/browser/renderer_host/bu  ffered_resource_handler.cc(140)] Finished buffering   http://localhost:1337/favicon.ico  [11167:11167:0506/153014:3644326492167:INFO:CONSOLE(0)] &quot;Uncaught   ReferenceError: WebInspector is not defined &quot; source:  (1)  [11167:11167:0506/153015:3644327408560:INFO:chrome/browser/chromeos/cros/la  nguage_library.cc(277)] No connection to IBus. # of pending set config   commands: 19  [11167:11167:0506/153016:3644328412537:INFO:chrome/browser/chromeos/cros/la  nguage_library.cc(277)] No connection to IBus. # of pending set config   commands: 19  [11167:11167:0506/153017:3644329416599:INFO:chrome/browser/chromeos/cros/la  nguage_library.cc(277)] No connection to IBus. # of pending set config   commands: 19  [11167:11167:0506/153018:3644330420082:INFO:chrome/browser/chromeos/cros/la  nguage_library.cc(277)] No connection to IBus. # of pending set config   commands: 19  [11167:11167:0506/153019:3644331424544:INFO:chrome/browser/chromeos/cros/la  nguage_library.cc(277)] No connection to IBus. # of pending set config   commands: 19  [11167:11167:0506/153020:3644332428091:INFO:chrome/browser/chromeos/cros/la  nguage_library.cc(277)] No connection to IBus. # of pending set config   commands: 19  [11167:11167:0506/153021:3644333432547:INFO:chrome/browser/chromeos/cros/la  nguage_library.cc(277)] No connection to IBus. # of pending set config   commands: 19  [11167:11167:0506/153022:3644334436562:INFO:chrome/browser/chromeos/cros/la  nguage_library.cc(277)] No connection to IBus. # of pending set config   commands: 19  [11167:11172:0506/153023:3644335232284:INFO:chrome/browser/important_file_w  riter.cc(71)] successfully saved   /tmp/org.chromium.gQchBY/test_user_data/Default/Preferences  [11167:11167:0506/153023:3644335440075:INFO:chrome/browser/chromeos/cros/la  nguage_library.cc(277)] No connection to IBus. # of pending set config   commands: 19  [11167:11167:0506/153024:3644336440548:INFO:chrome/browser/chromeos/cros/la  nguage_library.cc(277)] No connection to IBus. # of pending set config   commands: 19  [11167:11167:0506/153025:3644337444589:INFO:chrome/browser/chromeos/cros/la  nguage_library.cc(277)] No connection to IBus. # of pending set config   commands: 19  [11167:11167:0506/153026:3644338448541:INFO:chrome/browser/chromeos/cros/la  nguage_library.cc(277)] No connection to IBus. # of pending set config   commands: 19  [11167:11167:0506/153027:3644339452540:INFO:chrome/browser/chromeos/cros/la  nguage_library.cc(277)] No connection to IBus. # of pending set config   commands: 19  [11167:11167:0506/153028:3644340456583:INFO:chrome/browser/chromeos/cros/la  nguage_library.cc(277)] No connection to IBus. # of pending set config   commands: 19  [11167:11167:0506/153029:3644341460565:INFO:chrome/browser/chromeos/cros/la  nguage_library.cc(277)] No connection to IBus. # of pending set config   commands: 19  [11167:11167:0506/153030:3644342464551:INFO:chrome/browser/chromeos/cros/la  nguage_library.cc(277)] No connection to IBus. # of pending set config   commands: 19  [11167:11167:0506/153031:3644343468553:INFO:chrome/browser/chromeos/cros/la  nguage_library.cc(277)] No connection to IBus. # of pending set config   commands: 19  [11167:11167:0506/153032:3644344476548:INFO:chrome/browser/chromeos/cros/la  nguage_library.cc(277)] No connection to IBus. # of pending set config   commands: 19  [11167:11167:0506/153033:3644345480062:INFO:chrome/browser/chromeos/cros/la  nguage_library.cc(277)] No connection to IBus. # of pending set config   commands: 19  [11167:11167:0506/153034:3644346484570:INFO:chrome/browser/chromeos/cros/la  nguage_library.cc(277)] No connection to IBus. # of pending set config   commands: 19  chrome/browser/debugger/devtools_sanity_unittest.cc:113: Failure  Value of: result    Actual: &quot;[FAILED] Timeout exceeded: 20 sec&quot;  Expected: &quot;[OK]&quot;  [11167:11167:0506/153035:3644346834622:INFO:net/socket/ssl_test_util.cc(269  )] Stopped.  [11167:11172:0506/153035:3644346834908:INFO:chrome/browser/important_file_w  riter.cc(71)] successfully saved   /tmp/org.chromium.gQchBY/test_user_data/Local State  [11167:11172:0506/153035:3644346836314:INFO:chrome/browser/important_file_w  riter.cc(71)] successfully saved   /tmp/org.chromium.gQchBY/test_user_data/Default/Preferences  [  FAILED  ] DevToolsSanityTest.TestStepIn (21624 ms)  [----------] 1 test from DevToolsSanityTest (21624 ms total)   </pre>