<title>Issue 43733 -   chromium -    Chrome fails to build (failure on libjingle) - Project Hosting on Google Code</title> <pre> Chrome Version       : any      1. Compile with gcc-4.4.3  2. Config: GYP_DEFINES='werror='' no_strict_aliasing='1' target_arch='x64'  gcc_version='44' javascript_engine='v8' fastbuild='1'  target_name='browser'' GYP_GENERATORS='make' BUILDTYPE='Release'  ./build/gyp_chromium -f make build/all.gyp --depth=. &amp;&amp; make -j3 chrome      Here's a short log:      CXX(target)  out/Release/obj.target/libjingle/third_party/libjingle/files/talk/xmllite/xmlbuilder.o    CXX(target)  out/Release/obj.target/libjingle/third_party/libjingle/files/talk/xmllite/xmlconstants.o  In file included from third_party/libjingle/files/talk/xmllite/xmlparser.h:34                    from third_party/libjingle/files/talk/xmllite/xmlbuilder.h:34                    from  third_party/libjingle/files/talk/xmllite/xmlbuilder.cc:34:  third_party/libjingle/files/talk/xmllite/xmlnsstack.h:57: error: wrong  number of template arguments (2  should be 1)  ./base/scoped_ptr.h:59: error: provided for ��_��_��_template&lt;class C&gt; class  scoped_ptr��_��_��_  third_party/libjingle/files/talk/xmllite/xmlnsstack.h:57: error: expected  unqualified-id before ��_��_��_&gt;��_��_��_ token  third_party/libjingle/files/talk/xmllite/xmlnsstack.h:58: error: wrong  number of template arguments (2  should be 1)  ./base/scoped_ptr.h:59: error: provided for ��_��_��_template&lt;class C&gt; class  scoped_ptr��_��_��_  third_party/libjingle/files/talk/xmllite/xmlnsstack.h:58: error: expected  unqualified-id before ��_��_��_&gt;��_��_��_ token  In file included from  third_party/libjingle/files/talk/xmllite/xmlbuilder.cc:34:  third_party/libjingle/files/talk/xmllite/xmlbuilder.h:69: error: wrong  number of template arguments (2  should be 1)  ./base/scoped_ptr.h:59: error: provided for ��_��_��_template&lt;class C&gt; class  scoped_ptr��_��_��_  third_party/libjingle/files/talk/xmllite/xmlbuilder.h:69: error: expected  unqualified-id before ��_��_��_&gt;��_��_��_ token  third_party/libjingle/files/talk/xmllite/xmlbuilder.cc: In constructor  ��_��_��_buzz::XmlBuilder::XmlBuilder()��_��_��_:  third_party/libjingle/files/talk/xmllite/xmlbuilder.cc:41: error: class  ��_��_��_buzz::XmlBuilder��_��_��_ does not have any field named ��_��_��_pvParents_��_��_��_  third_party/libjingle/files/talk/xmllite/xmlbuilder.cc:41: error: expected  type-specifier  third_party/libjingle/files/talk/xmllite/xmlbuilder.cc:41: error: expected ��_��_��_)��_��_��_  third_party/libjingle/files/talk/xmllite/xmlbuilder.cc: In member function  ��_��_��_void buzz::XmlBuilder::Reset()��_��_��_:  third_party/libjingle/files/talk/xmllite/xmlbuilder.cc:48: error:  ��_��_��_pvParents_��_��_��_ was not declared in this scope  third_party/libjingle/files/talk/xmllite/xmlbuilder.cc: In static member  function ��_��_��_static buzz::XmlElement*  buzz::XmlBuilder::BuildElement(buzz::XmlParseContext*  const char*  const  char**)��_��_��_:  third_party/libjingle/files/talk/xmllite/xmlbuilder.cc:63: error: reference  to ��_��_��_set��_��_��_ is ambiguous  third_party/libjingle/files/talk/base/stl_decl.h:52: error: candidates are:  template&lt;class Key  class Compare  class Alloc&gt; struct std::set  /usr/lib/gcc/x86_64-pc-linux-gnu/4.4.3/include/g++-v4/bits/stl_set.h:87:  error:                 template&lt;class _Key  class _Compare  class _Alloc&gt;  class std::__cxx1998::set  third_party/libjingle/files/talk/xmllite/xmlbuilder.cc:63: error: expected  primary-expression before ��_��_��_&gt;��_��_��_ token  third_party/libjingle/files/talk/xmllite/xmlbuilder.cc:63: error:  ��_��_��_seenNonlocalAtts��_��_��_ was not declared in this scope  third_party/libjingle/files/talk/xmllite/xmlbuilder.cc: In member function  ��_��_��_virtual void buzz::XmlBuilder::StartElement(buzz::XmlParseContext*  const  char*  const char**)��_��_��_:  third_party/libjingle/files/talk/xmllite/xmlbuilder.cc:100: error:  ��_��_��_pvParents_��_��_��_ was not declared in this scope  third_party/libjingle/files/talk/xmllite/xmlbuilder.cc:103: error:  ��_��_��_pvParents_��_��_��_ was not declared in this scope  third_party/libjingle/files/talk/xmllite/xmlbuilder.cc: In member function  ��_��_��_virtual void buzz::XmlBuilder::EndElement(buzz::XmlParseContext*  const  char*)��_��_��_:  third_party/libjingle/files/talk/xmllite/xmlbuilder.cc:112: error:  ��_��_��_pvParents_��_��_��_ was not declared in this scope  third_party/libjingle/files/talk/xmllite/xmlbuilder.cc: In member function  ��_��_��_virtual void buzz::XmlBuilder::Error(buzz::XmlParseContext*  XML_Error)��_��_��_:  third_party/libjingle/files/talk/xmllite/xmlbuilder.cc:131: error:  ��_��_��_pvParents_��_��_��_ was not declared in this scope  make: ***  [out/Release/obj.target/libjingle/third_party/libjingle/files/talk/xmllite/xmlbuilder.o]  Error 1  make: *** Waiting for unfinished jobs....     </pre>