<title>Issue 44090 -   chromium -    Mac sandbox valgrind failures - Project Hosting on Google Code</title> <pre> New valgrind failures after <a href="/p/chromium/source/detail?r=47127">r47127</a>    <a href="http://build.chromium.org/buildbot/memory/builders/Chromium%20Mac%20(valgrind)/builds/4777/steps/valgrind%20test:%20unit/log">http://build.chromium.org/buildbot/memory/builders/Chromium%20Mac%20(valgrind)/builds/4777/steps/valgrind%20test:%20unit/log</a>  s/stdio    02:21:28 memcheck_analyze.py [ERROR] FAIL! There were 2 errors:   02:22:35 memcheck_analyze.py [ERROR] Leak_DefinitelyLost  Command: src/xcodebuild/Debug/unit_tests --gtest_filter=-  VisitedLinkEventsTest.Coalescense:VisitedLinkRelayTest.Basics:RenderViewTest.ImeComposition:DnsMasterTest.MassiveConcurrentL  ookupTest:IPCSyncChannelTest.*:WebDropTargetTest.URL:WebDropTargetTest.Data:AutocompleteTextFieldEditorTest.CutCopyTest:Down  loadUtilTest.AddFileToPasteboardTest:FindPasteboardTest.ReadingFromPboardUpdatesFindText:FindPasteboardTest.SendsNotificatio  nWhenTextChanges:RenderViewTest.MacTestCmdUp:ChromeBrowserWindowTest.DoesHideTitle:ClearBrowsingDataControllerTest.*:NSMenuI  temAdditionsTest.TestMOnDifferentLayouts:PrefsControllerTest.GetPrefsViewForPage:PrefsControllerTest.GetToolbarItemForPage:P  refsControllerTest.ShowAndClose:PrefsControllerTest.SwitchToPage:RenderViewTest.OnPrintPages:RenderViewTest.Print*:TabStripC  ontrollerTest.AddRemoveTabs:TaskManagerWindowControllerTest.*:BookmarkAllTabsControllerTest.BookmarkAllTabs:BookmarkFolderTa  rgetTest.* --gtest_print_time  8 bytes in 1 blocks are definitely lost in loss record 671 of 15 291    operator new(unsigned long) (mp/vg-bins/scripts/valgrind-memcheck/coregrind/m_replacemalloc/vg_replace_malloc.c:276)    sandboxtest::internal::RegisterSandboxTest&lt;(anonymous namespace)::MacSandboxedClipboardTestCase&gt;::RegisterSandboxTest(char   const*) (sandbox_mac_unittest_helper.h:99)    sandboxtest::internal::RegisterSandboxTest&lt;(anonymous namespace)::MacSandboxedClipboardTestCase&gt;::RegisterSandboxTest(char   const*) (sandbox_mac_unittest_helper.h:99)    __static_initialization_and_destruction_0(int  int) (sandbox_mac_system_access_unittest.mm:31)    global constructors keyed to _ZNSt3tr112_GLOBAL__N_16ignoreE (sandbox_mac_system_access_unittest.mm:96)    ImageLoaderMachO::doModInitFunctions(ImageLoader::LinkContext const&amp;)    ImageLoader::recursiveInitialization(ImageLoader::LinkContext const&amp;  unsigned int)    ImageLoader::runInitializers(ImageLoader::LinkContext const&amp;)    dyld::initializeMainExecutable()    dyld::_main(mach_header const*  unsigned long  int  char const**  char const**  char const**)    dyldbootstrap::start(mach_header const*  int  char const**  long)    _dyld_start    0xFFF  Suppression:  {     &lt;insert_a_suppression_name_here&gt;     Memcheck:Leak     fun:_Znw*     fun:_ZN11sandboxtest8internal19RegisterSandboxTestIN12_GLOBAL__N_129MacSandboxedClipboardTestCaseEEC2EPKc     fun:_ZN11sandboxtest8internal19RegisterSandboxTestIN12_GLOBAL__N_129MacSandboxedClipboardTestCaseEEC1EPKc     fun:_Z41__static_initialization_and_destruction_0ii     fun:_GLOBAL__I__ZNSt3tr112_GLOBAL__N_16ignoreE     fun:_ZN16ImageLoaderMachO18doModInitFunctionsERKN11ImageLoader11LinkContextE     fun:_ZN11ImageLoader23recursiveInitializationERKNS_11LinkContextEj     fun:_ZN11ImageLoader15runInitializersERKNS_11LinkContextE     fun:_ZN4dyld24initializeMainExecutableEv     fun:_ZN4dyld5_mainEPK11mach_headermiPPKcS5_S5_     fun:_ZN13dyldbootstrap5startEPK11mach_headeriPPKcl     fun:_dyld_start     obj:*  }      02:22:35 memcheck_analyze.py [ERROR] Leak_DefinitelyLost  Command: src/xcodebuild/Debug/unit_tests --gtest_filter=-  VisitedLinkEventsTest.Coalescense:VisitedLinkRelayTest.Basics:RenderViewTest.ImeComposition:DnsMasterTest.MassiveConcurrentL  ookupTest:IPCSyncChannelTest.*:WebDropTargetTest.URL:WebDropTargetTest.Data:AutocompleteTextFieldEditorTest.CutCopyTest:Down  loadUtilTest.AddFileToPasteboardTest:FindPasteboardTest.ReadingFromPboardUpdatesFindText:FindPasteboardTest.SendsNotificatio  nWhenTextChanges:RenderViewTest.MacTestCmdUp:ChromeBrowserWindowTest.DoesHideTitle:ClearBrowsingDataControllerTest.*:NSMenuI  temAdditionsTest.TestMOnDifferentLayouts:PrefsControllerTest.GetPrefsViewForPage:PrefsControllerTest.GetToolbarItemForPage:P  refsControllerTest.ShowAndClose:PrefsControllerTest.SwitchToPage:RenderViewTest.OnPrintPages:RenderViewTest.Print*:TabStripC  ontrollerTest.AddRemoveTabs:TaskManagerWindowControllerTest.*:BookmarkAllTabsControllerTest.BookmarkAllTabs:BookmarkFolderTa  rgetTest.* --gtest_print_time  4 bytes in 1 blocks are definitely lost in loss record 146 of 15 291    operator new(unsigned long) (mp/vg-bins/scripts/valgrind-memcheck/coregrind/m_replacemalloc/vg_replace_malloc.c:276)    sandboxtest::internal::RegisterSandboxTest&lt;(anonymous   namespace)::MacSandboxedFileAccessTestCase&gt;::RegisterSandboxTest(char const*) (sandbox_mac_unittest_helper.h:99)    sandboxtest::internal::RegisterSandboxTest&lt;(anonymous   namespace)::MacSandboxedFileAccessTestCase&gt;::RegisterSandboxTest(char const*) (sandbox_mac_unittest_helper.h:99)    __static_initialization_and_destruction_0(int  int) (sandbox_mac_system_access_unittest.mm:86)    global constructors keyed to _ZNSt3tr112_GLOBAL__N_16ignoreE (sandbox_mac_system_access_unittest.mm:96)    ImageLoaderMachO::doModInitFunctions(ImageLoader::LinkContext const&amp;)    ImageLoader::recursiveInitialization(ImageLoader::LinkContext const&amp;  unsigned int)    ImageLoader::runInitializers(ImageLoader::LinkContext const&amp;)    dyld::initializeMainExecutable()    dyld::_main(mach_header const*  unsigned long  int  char const**  char const**  char const**)    dyldbootstrap::start(mach_header const*  int  char const**  long)    _dyld_start    0xFFF  Suppression:  {     &lt;insert_a_suppression_name_here&gt;     Memcheck:Leak     fun:_Znw*     fun:_ZN11sandboxtest8internal19RegisterSandboxTestIN12_GLOBAL__N_130MacSandboxedFileAccessTestCaseEEC2EPKc     fun:_ZN11sandboxtest8internal19RegisterSandboxTestIN12_GLOBAL__N_130MacSandboxedFileAccessTestCaseEEC1EPKc     fun:_Z41__static_initialization_and_destruction_0ii     fun:_GLOBAL__I__ZNSt3tr112_GLOBAL__N_16ignoreE     fun:_ZN16ImageLoaderMachO18doModInitFunctionsERKN11ImageLoader11LinkContextE     fun:_ZN11ImageLoader23recursiveInitializationERKNS_11LinkContextEj     fun:_ZN11ImageLoader15runInitializersERKNS_11LinkContextE     fun:_ZN4dyld24initializeMainExecutableEv     fun:_ZN4dyld5_mainEPK11mach_headermiPPKcS5_S5_     fun:_ZN13dyldbootstrap5startEPK11mach_headeriPPKcl     fun:_dyld_start     obj:*  } </pre>