<title>Issue 44617 -   chromium -    ExternalTabUITest.TabPostMessage is flaky. - Project Hosting on Google Code</title> <pre> Log link:   <a href="http://build.chromium.org/buildbot/waterfall/builders/Chromium%20Linux/buil">http://build.chromium.org/buildbot/waterfall/builders/Chromium%20Linux/buil</a>  ds/12283/steps/browser_tests/logs/stdio    Error message:  [ RUN      ] ExternalTabUITest.TabPostMessage  unknown file: error:   Unexpected mock function call - returning directly.      Function call: HandleClosed(2)  Google Mock tried the following 1 expectation  but it didn't match:    C:bslavechromium-dbg-  builderbuildsrcchrometestautomationautomation_proxy_uitest.cc:966:   EXPECT_CALL(*mock_  HandleClosed(1))...    Expected arg #0: is equal to 1             Actual: 2           Expected: to be called once             Actual: called once - saturated and active  [  FAILED  ] ExternalTabUITest.TabPostMessage (1152 ms) </pre>