<title>Issue 44665 -   chromium -    BrowserEncodingTest.TestEncodingAutoDetect is FLAKY - Project Hosting on Google Code</title> <pre> Test Log:    [----------] 1 test from BrowserEncodingTest  [ RUN      ] BrowserEncodingTest.TestEncodingAutoDetect  C:bslavechromium-dbg-  builderbuildsrcchromebrowserbrowser_encoding_uitest.cc(254): error:   Value of: tab-&gt;Reload()    Actual: false  Expected: true  C:bslavechromium-dbg-  builderbuildsrcchromebrowserbrowser_encoding_uitest.cc(259): error:   Value of: tab-&gt;GetPageCurrentEncoding(&amp;encoding)    Actual: false  Expected: true  C:bslavechromium-dbg-  builderbuildsrcchromebrowserbrowser_encoding_uitest.cc(260): error:   Value of: &quot;ISO-8859-4&quot;  Expected: encoding  Which is: &quot;&quot;  C:bslavechromium-dbg-  builderbuildsrcchromebrowserbrowser_encoding_uitest.cc(264): error:   Value of: browser-&gt;SetBooleanPreference(   prefs::kWebKitUsesUniversalDetector  true)    Actual: false  Expected: true  C:bslavechromium-dbg-  builderbuildsrcchromebrowserbrowser_encoding_uitest.cc(265): error:   Value of: tab-&gt;Reload()    Actual: false  Expected: true  C:bslavechromium-dbg-  builderbuildsrcchromebrowserbrowser_encoding_uitest.cc(271): error:   Value of: browser-  &gt;GetBooleanPreference(prefs::kWebKitUsesUniversalDetector    &amp;encoding_auto_detect)    Actual: false  Expected: true  C:bslavechromium-dbg-  builderbuildsrcchromebrowserbrowser_encoding_uitest.cc(272): error:   Value of: encoding_auto_detect    Actual: false  Expected: true  C:bslavechromium-dbg-  builderbuildsrcchromebrowserbrowser_encoding_uitest.cc(273): error:   Value of: tab-&gt;GetPageCurrentEncoding(&amp;encoding)    Actual: false  Expected: true  C:bslavechromium-dbg-  builderbuildsrcchromebrowserbrowser_encoding_uitest.cc(274): error:   Value of: kTestDatas[i].expected_encoding    Actual: &quot;ISO-8859-5&quot;  Expected: encoding  Which is: &quot;&quot;  C:bslavechromium-dbg-  builderbuildsrcchromebrowserbrowser_encoding_uitest.cc(286): error:   Value of: tab-&gt;SavePage(full_saved_file_name  temp_sub_resource_dir_    SavePackage::SAVE_AS_COMPLETE_HTML)    Actual: false  Expected: true  C:bslavechromium-dbg-  builderbuildsrcchromebrowserbrowser_encoding_uitest.cc(287): error:   Value of: WaitForDownloadShelfVisible(browser.get())    Actual: false  Expected: true  C:bslavechromium-dbg-builderbuildsrcchrometestuiui_test.cc(1067):   error: Value of: exist    Actual: false  Expected: true  C:bslavechromium-dbg-builderbuildsrcchrometestuiui_test.cc(1075):   error: Value of: file_util::GetFileSize(generated_file    &amp;generated_file_size)    Actual: false  Expected: true  C:bslavechromium-dbg-builderbuildsrcchrometestuiui_test.cc(1078):   error: Value of: original_file_size    Actual: 772  Expected: generated_file_size  Which is: 0  C:bslavechromium-dbg-builderbuildsrcchrometestuiui_test.cc(1079):   error: Value of: file_util::ContentsEqual(generated_file  original_file)    Actual: false  Expected: true  C:bslavechromium-dbg-  builderbuildsrcchromebrowserbrowser_encoding_uitest.cc(248): error:   Value of: tab-&gt;NavigateToURL(url)    Actual: false  Expected: true  C:bslavechromium-dbg-builderbuildsrcchrometestuiui_test.cc(200):   error: Value of: assertions.size()    Actual: 1  Expected: expected_errors_  Which is: 0  The following error(s) occurred in the application during this test:    [2640:2168:1625943000:FATAL:translate_infobars_delegates.cc(159)] Check   failed: false. Invalid no. of placeholders in label.  C:bslavechromium-dbg-builderbuildsrcchrometestuiui_test.cc(219):   error: Value of: actual_crashes    Actual: 1  Expected: expected_crashes_  Which is: 0  Encountered an unexpected crash in the program during this test.  [  FAILED  ] BrowserEncodingTest.TestEncodingAutoDetect (17156 ms)      Build log link:  <a href="http://build.chromium.org/buildbot/waterfall/builders/XP%20Tests%20(dbg)(2)">http://build.chromium.org/buildbot/waterfall/builders/XP%20Tests%20(dbg)(2)</a>  /builds/18420/steps/ui_tests/logs/stdio </pre>