<title>Issue 45015 -   chromium -    TreeViewTests fail on vista - Project Hosting on Google Code</title> <pre> This failed consistently on vista starting with <a href="/p/chromium/source/detail?r=48060">r48060</a>. <a href="/p/chromium/source/detail?r=48061">r48061</a> was reverted   in <a href="/p/chromium/source/detail?r=48068">r48068</a>  but the tests continued failing.      [----------] 11 tests from TableViewTest  [ RUN      ] TableViewTest.Sort  C:bslavechromium-rel-  builderbuildsrcviewscontrolstabletable_view_unittest.cc(177): error:   Value of: table_-&gt;view_to_model(index)    Actual: 65945712  Expected: value  Which is: 2  [  FAILED  ] TableViewTest.Sort (12 ms)  [ RUN      ] TableViewTest.SortThenChange  C:bslavechromium-rel-  builderbuildsrcviewscontrolstabletable_view_unittest.cc(177): error:   Value of: table_-&gt;view_to_model(index)    Actual: 65437480  Expected: value  Which is: 2  [  FAILED  ] TableViewTest.SortThenChange (11 ms)  [ RUN      ] TableViewTest.AddToSorted  C:bslavechromium-rel-  builderbuildsrcviewscontrolstabletable_view_unittest.cc(177): error:   Value of: table_-&gt;view_to_model(index)    Actual: 65945712  Expected: value  Which is: 2  [  FAILED  ] TableViewTest.AddToSorted (22 ms)  [ RUN      ] TableViewTest.PersistSelectionOnSort  C:bslavechromium-rel-  builderbuildsrcviewscontrolstabletable_view_unittest.cc(177): error:   Value of: table_-&gt;view_to_model(index)    Actual: 65437480  Expected: value  Which is: 2  [  FAILED  ] TableViewTest.PersistSelectionOnSort (15 ms)  [ RUN      ] TableViewTest.PersistMultiSelectionOnSort  C:bslavechromium-rel-  builderbuildsrcviewscontrolstabletable_view_unittest.cc(190): error:   Value of: selection_iterator != table_-&gt;SelectionEnd()    Actual: false  Expected: true  [  FAILED  ] TableViewTest.PersistMultiSelectionOnSort (7 ms)  [ RUN      ] TableViewTest.PersistMultiSelectionOnChangeWithSort  C:bslavechromium-rel-  builderbuildsrcviewscontrolstabletable_view_unittest.cc(190): error:   Value of: selection_iterator != table_-&gt;SelectionEnd()    Actual: false  Expected: true  [  FAILED  ] TableViewTest.PersistMultiSelectionOnChangeWithSort (9 ms)  [ RUN      ] TableViewTest.PersistMultiSelectionOnRemoveWithSort  C:bslavechromium-rel-  builderbuildsrcviewscontrolstabletable_view_unittest.cc(190): error:   Value of: selection_iterator != table_-&gt;SelectionEnd()    Actual: false  Expected: true  [  FAILED  ] TableViewTest.PersistMultiSelectionOnRemoveWithSort (10 ms)  [ RUN      ] TableViewTest.PersistMultiSelectionOnAddWithSort  C:bslavechromium-rel-  builderbuildsrcviewscontrolstabletable_view_unittest.cc(190): error:   Value of: selection_iterator != table_-&gt;SelectionEnd()    Actual: false  Expected: true  [  FAILED  ] TableViewTest.PersistMultiSelectionOnAddWithSort (11 ms)  [ RUN      ] TableViewTest.PersistMultiSelectionOnChange  C:bslavechromium-rel-  builderbuildsrcviewscontrolstabletable_view_unittest.cc(190): error:   Value of: selection_iterator != table_-&gt;SelectionEnd()    Actual: false  Expected: true  [  FAILED  ] TableViewTest.PersistMultiSelectionOnChange (10 ms)  [ RUN      ] TableViewTest.PersistMultiSelectionOnRemove  C:bslavechromium-rel-  builderbuildsrcviewscontrolstabletable_view_unittest.cc(190): error:   Value of: selection_iterator != table_-&gt;SelectionEnd()    Actual: false  Expected: true  [  FAILED  ] TableViewTest.PersistMultiSelectionOnRemove (7 ms)  [ RUN      ] TableViewTest.PersistMultiSelectionOnAdd  C:bslavechromium-rel-  builderbuildsrcviewscontrolstabletable_view_unittest.cc(190): error:   Value of: selection_iterator != table_-&gt;SelectionEnd()    Actual: false  Expected: true  [  FAILED  ] TableViewTest.PersistMultiSelectionOnAdd (8 ms)  [----------] 11 tests from TableViewTest (123 ms total)     </pre>