AccessControlException when running AssertFailureTest from Ant    Seen when running 'ant junit-all': &#91;junit&#93; Running org.apache.derbyTesting.unitTests.junit._Suite &#91;junit&#93; Exception in thread 'main' java.security.AccessControlException: access denied (java.io.FilePermission /code/derby/trunk0/junit_20101222_2349/junitvmwatcher3394322945027170783.properties write) &#91;junit&#93; at java.security.AccessControlContext.checkPermission(AccessControlContext.java:323) &#91;junit&#93; at java.security.AccessController.checkPermission(AccessController.java:546) &#91;junit&#93; at java.lang.SecurityManager.checkPermission(SecurityManager.java:532) &#91;junit&#93; at java.lang.SecurityManager.checkWrite(SecurityManager.java:962) &#91;junit&#93; at java.io.FileOutputStream.&lt;init&gt;(FileOutputStream.java:169) &#91;junit&#93; at java.io.FileOutputStream.&lt;init&gt;(FileOutputStream.java:70) &#91;junit&#93; at java.io.FileWriter.&lt;init&gt;(FileWriter.java:46) &#91;junit&#93; at org.apache.tools.ant.taskdefs.optional.junit.JUnitTestRunner.registerTestCase(JUnitTestRunner.java:939) &#91;junit&#93; at org.apache.tools.ant.taskdefs.optional.junit.JUnitTestRunner.access$000(JUnitTestRunner.java:68) &#91;junit&#93; at org.apache.tools.ant.taskdefs.optional.junit.JUnitTestRunner$2.startTest(JUnitTestRunner.java:808) &#91;junit&#93; at org.apache.tools.ant.taskdefs.optional.junit.JUnitTestRunner$3.startTest(JUnitTestRunner.java:1004) &#91;junit&#93; at junit.framework.TestResult.startTest(TestResult.java:151) &#91;junit&#93; at junit.framework.TestResult.run(TestResult.java:103) &#91;junit&#93; at junit.framework.TestCase.run(TestCase.java:120) &#91;junit&#93; at junit.framework.TestSuite.runTest(TestSuite.java:230) &#91;junit&#93; at junit.framework.TestSuite.run(TestSuite.java:225) &#91;junit&#93; at junit.framework.TestSuite.runTest(TestSuite.java:230) &#91;junit&#93; at junit.framework.TestSuite.run(TestSuite.java:225) &#91;junit&#93; at org.apache.tools.ant.taskdefs.optional.junit.JUnitTestRunner.run(JUnitTestRunner.java:420) &#91;junit&#93; at org.apache.tools.ant.taskdefs.optional.junit.JUnitTestRunner.launch(JUnitTestRunner.java:911) &#91;junit&#93; at org.apache.tools.ant.taskdefs.optional.junit.JUnitTestRunner.main(JUnitTestRunner.java:768) &#91;junit&#93; Running org.apache.derbyTesting.unitTests.junit._Suite &#91;junit&#93; Tests run: 1  Failures: 0  Errors: 1  Time elapsed: 0 sec &#91;junit&#93; Test org.apache.derbyTesting.unitTests.junit._Suite FAILED (crashed)   