java.security.AccessControlException in i18n.LocalizedDisplayScriptTest    Seeing more test failures because of an intentional security change in TimeZone.setDefault(). Therefore need to wrap Timezone.setDefault in a priv block in the test. 5) LocalizedDisplay(org.apache.derbyTesting.functionTests.tests.i18n.LocalizedDisplayScriptTest)java.security.AccessControlException: Access denied ('java.util.PropertyPermission' 'user.timezone' 'write') at java.security.AccessController.throwACE(AccessController.java:100) at java.security.AccessController.checkPermission(AccessController.java:174) at java.lang.SecurityManager.checkPermission(SecurityManager.java:549) at java.util.TimeZone.hasPermission(TimeZone.java:756) at java.util.TimeZone.setDefault(TimeZone.java:778) at org.apache.derbyTesting.functionTests.tests.i18n.LocalizedDisplayScriptTest.setUp(LocalizedDisplayScriptTest.java:140) at org.apache.derbyTesting.junit.BaseTestCase.runBare(BaseTestCase.java:117) at org.apache.derbyTesting.junit.BaseJDBCTestCase.runBareOverridable(BaseJDBCTestCase.java:439) at org.apache.derbyTesting.junit.BaseJDBCTestCase.runBare(BaseJDBCTestCase.java:456) at junit.extensions.TestDecorator.basicRun(TestDecorator.java:24) at junit.extensions.TestSetup$1.protect(TestSetup.java:21) at junit.extensions.TestSetup.run(TestSetup.java:25) at junit.extensions.TestDecorator.basicRun(TestDecorator.java:24) at junit.extensions.TestSetup$1.protect(TestSetup.java:21) at junit.extensions.TestSetup.run(TestSetup.java:25) at org.apache.derbyTesting.junit.BaseTestSetup.run(BaseTestSetup.java:57) at junit.extensions.TestDecorator.basicRun(TestDecorator.java:24) at junit.extensions.TestSetup$1.protect(TestSetup.java:21) at junit.extensions.TestSetup.run(TestSetup.java:25)and:6) LocalizedDisplay(org.apache.derbyTesting.functionTests.tests.i18n.LocalizedDisplayScriptTest)java.security.AccessControlException: Access denied ('java.util.PropertyPermission' 'user.timezone' 'write') at java.security.AccessController.throwACE(AccessController.java:100) at java.security.AccessController.checkPermission(AccessController.java:174) at java.lang.SecurityManager.checkPermission(SecurityManager.java:549) at java.util.TimeZone.hasPermission(TimeZone.java:756) at java.util.TimeZone.setDefault(TimeZone.java:778) at org.apache.derbyTesting.functionTests.tests.i18n.LocalizedDisplayScriptTest.setUp(LocalizedDisplayScriptTest.java:140) at org.apache.derbyTesting.junit.BaseTestCase.runBare(BaseTestCase.java:117) at org.apache.derbyTesting.junit.BaseJDBCTestCase.runBareOverridable(BaseJDBCTestCase.java:439) at org.apache.derbyTesting.junit.BaseJDBCTestCase.runBare(BaseJDBCTestCase.java:456) at junit.extensions.TestDecorator.basicRun(TestDecorator.java:24) at junit.extensions.TestSetup$1.protect(TestSetup.java:21) at junit.extensions.TestSetup.run(TestSetup.java:25) at junit.extensions.TestDecorator.basicRun(TestDecorator.java:24) at junit.extensions.TestSetup$1.protect(TestSetup.java:21) at junit.extensions.TestSetup.run(TestSetup.java:25) at org.apache.derbyTesting.junit.BaseTestSetup.run(BaseTestSetup.java:57) at junit.extensions.TestDecorator.basicRun(TestDecorator.java:24) at junit.extensions.TestSetup$1.protect(TestSetup.java:21) at junit.extensions.TestSetup.run(TestSetup.java:25) at junit.extensions.TestDecorator.basicRun(TestDecorator.java:24) at junit.extensions.TestSetup$1.protect(TestSetup.java:21) at junit.extensions.TestSetup.run(TestSetup.java:25) at org.apache.derbyTesting.junit.BaseTestSetup.run(BaseTestSetup.java:57) at junit.extensions.TestDecorator.basicRun(TestDecorator.java:24) at junit.extensions.TestSetup$1.protect(TestSetup.java:21) at junit.extensions.TestSetup.run(TestSetup.java:25)   