<title>Issue 1035 -   chromium -    Building for Linux - Project Hosting on Google Code</title> <pre> TrCompiling Hammer/webkit/V8Bindings/DerivedSources/CSSGrammar.o ...  Building bindings in  Hammer/webkit/V8Bindings/DerivedSources/V8XSLTProcessor.cpp ...  In file included from  /home/lsigarev/bin/google_chrome/src/third_party/WebKit/WebCore/css/CSSGrammar.y:52:  Hammer/webkit/V8Bindings/DerivedSources/CSSPropertyNames.c:253: error:  'CSSPropertyID' was not declared in this scope  Hammer/webkit/V8Bindings/DerivedSources/CSSPropertyNames.c:254: error:  expected ' ' or ';' before '{' token  In file included from  /home/lsigarev/bin/google_chrome/src/third_party/WebKit/WebCore/css/CSSGrammar.y:53:  Hammer/webkit/V8Bindings/DerivedSources/CSSValueKeywords.c: In function  'WebCore::String getValueName(short unsigned int)':  Hammer/webkit/V8Bindings/DerivedSources/CSSValueKeywords.c:539: error:  'CSS_VAL_TOTAL' was not declared in this scope  /home/lsigarev/bin/google_chrome/src/third_party/WebKit/WebCore/css/CSSGrammar.y:  In function 'int WebCore::getPropertyID(const char*  int)':  /home/lsigarev/bin/google_chrome/src/third_party/WebKit/WebCore/css/CSSGrammar.y:81:  error: 'findProp' was not declared in this scope  /home/lsigarev/bin/google_chrome/src/third_party/WebKit/WebCore/css/CSSGrammar.y:85:  error: invalid use of incomplete type 'const struct WebCore::props'  /home/lsigarev/bin/google_chrome/src/third_party/WebKit/WebCore/css/CSSGrammar.y:81:  error: forward declaration of 'const struct WebCore::props'  /home/lsigarev/bin/google_chrome/src/third_party/WebKit/WebCore/css/CSSGrammar.y:  In function 'int getValueID(const char*  int)':  /home/lsigarev/bin/google_chrome/src/third_party/WebKit/WebCore/css/CSSGrammar.y:106:  error: 'findValue' was not declared in this scope  /home/lsigarev/bin/google_chrome/src/third_party/WebKit/WebCore/css/CSSGrammar.y:110:  error: invalid use of incomplete type 'const struct css_value'  /home/lsigarev/bin/google_chrome/src/third_party/WebKit/WebCore/css/CSSGrammar.y:106:  error: forward declaration of 'const struct css_value'  Copy(&quot;Hammer/third_party/libxml/scons/include/libxml/xmlversion.h&quot;   &quot;/home/lsigarev/bin/google_chrome/src/third_party/libxml/linux/include/libxml/xmlversion.h&quot;)  scons: *** [Hammer/webkit/V8Bindings/DerivedSources/CSSGrammar.o] Error 1  scons: building terminated because of errors.oubleshooting  ??????????????????????????????????????????????????????????    Leonid  Sigarev : Lsigarev@gmail.com </pre>