<title>Issue 10575 -   chromium -    chrome and pending tests need bug IDs - Project Hosting on Google Code</title> <pre> Here's the output from the linter. Would be good to get these added soon so the linter is happy.    FAILURES FOR PLATFORM: MAC  BUILD_TYPE: DEBUG  090415 15:38:45 test_expectations.py:329 ERROR Line:1177 Test lacks BUG modifier.  chrome/plugins/call-as-function.html = FAIL  090415 15:38:45 test_expectations.py:329 ERROR Line:1205 Test lacks BUG modifier.  chrome/plugins/get-file-url.html = CRASH TIMEOUT  090415 15:38:45 test_expectations.py:329 ERROR Line:1207 Test lacks BUG modifier.  chrome/plugins/get-url-with-blank-target.html = FAIL  090415 15:38:45 test_expectations.py:329 ERROR Line:1208 Test lacks BUG modifier.  chrome/plugins/multiple-plugins.html = FAIL  090415 15:38:45 test_expectations.py:329 ERROR Line:1209 Test lacks BUG modifier.  chrome/plugins/nested-plugin-objects.html = FAIL  090415 15:38:45 test_expectations.py:329 ERROR Line:1210 Test lacks BUG modifier.  chrome/plugins/refcount-leaks.html = FAIL  090415 15:38:45 test_expectations.py:329 ERROR Line:1211 Test lacks BUG modifier.  chrome/plugins/return-npobject.html = FAIL  090415 15:38:45 test_expectations.py:329 ERROR Line:1212 Test lacks BUG modifier.  chrome/plugins/script-object-invoke.html = FAIL  090415 15:38:45 test_expectations.py:329 ERROR Line:1213 Test lacks BUG modifier.  pending/plugins/iframe-shims.html = FAIL CRASH  090415 15:38:45 test_expectations.py:329 ERROR Line:1416 Test lacks BUG modifier.  chrome/fast/forms/basic-buttons.html = FAIL  090415 15:38:45 test_expectations.py:329 ERROR Line:1417 Test lacks BUG modifier.  chrome/fast/forms/basic-inputs.html = FAIL  090415 15:38:45 test_expectations.py:329 ERROR Line:1418 Test lacks BUG modifier.  chrome/fast/forms/basic-selects.html = FAIL  090415 15:38:45 test_expectations.py:329 ERROR Line:1419 Test lacks BUG modifier.  chrome/fast/forms/textarea-metrics.html = FAIL  090415 15:38:45 test_expectations.py:329 ERROR Line:1593 Test lacks BUG modifier.  chrome/http = PASS CRASH TIMEOUT  090415 15:38:45 test_expectations.py:329 ERROR Line:1606 Test lacks BUG modifier.  chrome/http/tests/misc/set-window-opener-to-null.html = PASS TIMEOUT FAIL  090415 15:38:45 test_expectations.py:329 ERROR Line:2010 Test lacks BUG modifier.  chrome/fast/forms/basic-textareas-quirks.html = FAIL  090415 15:38:45 test_expectations.py:329 ERROR Line:2011 Test lacks BUG modifier.  chrome/fast/forms/basic-textareas.html = FAIL    FAILURES FOR PLATFORM: MAC  BUILD_TYPE: RELEASE  090415 15:38:45 test_expectations.py:329 ERROR Line:1177 Test lacks BUG modifier.  chrome/plugins/call-as-function.html = FAIL  090415 15:38:45 test_expectations.py:329 ERROR Line:1205 Test lacks BUG modifier.  chrome/plugins/get-file-url.html = CRASH TIMEOUT  090415 15:38:45 test_expectations.py:329 ERROR Line:1207 Test lacks BUG modifier.  chrome/plugins/get-url-with-blank-target.html = FAIL  090415 15:38:45 test_expectations.py:329 ERROR Line:1208 Test lacks BUG modifier.  chrome/plugins/multiple-plugins.html = FAIL  090415 15:38:45 test_expectations.py:329 ERROR Line:1209 Test lacks BUG modifier.  chrome/plugins/nested-plugin-objects.html = FAIL  090415 15:38:45 test_expectations.py:329 ERROR Line:1210 Test lacks BUG modifier.  chrome/plugins/refcount-leaks.html = FAIL  090415 15:38:45 test_expectations.py:329 ERROR Line:1211 Test lacks BUG modifier.  chrome/plugins/return-npobject.html = FAIL  090415 15:38:45 test_expectations.py:329 ERROR Line:1212 Test lacks BUG modifier.  chrome/plugins/script-object-invoke.html = FAIL  090415 15:38:45 test_expectations.py:329 ERROR Line:1213 Test lacks BUG modifier.  pending/plugins/iframe-shims.html = FAIL CRASH  090415 15:38:45 test_expectations.py:329 ERROR Line:1416 Test lacks BUG modifier.  chrome/fast/forms/basic-buttons.html = FAIL  090415 15:38:45 test_expectations.py:329 ERROR Line:1417 Test lacks BUG modifier.  chrome/fast/forms/basic-inputs.html = FAIL  090415 15:38:45 test_expectations.py:329 ERROR Line:1418 Test lacks BUG modifier.  chrome/fast/forms/basic-selects.html = FAIL  090415 15:38:45 test_expectations.py:329 ERROR Line:1419 Test lacks BUG modifier.  chrome/fast/forms/textarea-metrics.html = FAIL  090415 15:38:45 test_expectations.py:329 ERROR Line:1593 Test lacks BUG modifier.  chrome/http = PASS CRASH TIMEOUT  090415 15:38:45 test_expectations.py:329 ERROR Line:1606 Test lacks BUG modifier.  chrome/http/tests/misc/set-window-opener-to-null.html = PASS TIMEOUT FAIL  090415 15:38:45 test_expectations.py:329 ERROR Line:2010 Test lacks BUG modifier.  chrome/fast/forms/basic-textareas-quirks.html = FAIL  090415 15:38:45 test_expectations.py:329 ERROR Line:2011 Test lacks BUG modifier.  chrome/fast/forms/basic-textareas.html = FAIL    FAILURES FOR PLATFORM: LINUX  BUILD_TYPE: DEBUG  090415 15:38:45 test_expectations.py:329 ERROR Line:1169 Test lacks BUG modifier.  chrome/fast/forms/basic-selects.html = FAIL  090415 15:38:45 test_expectations.py:329 ERROR Line:1176 Test lacks BUG modifier.  chrome/plugins/call-as-function.html = CRASH FAIL  090415 15:38:45 test_expectations.py:329 ERROR Line:1205 Test lacks BUG modifier.  chrome/plugins/get-file-url.html = CRASH TIMEOUT  090415 15:38:45 test_expectations.py:329 ERROR Line:1207 Test lacks BUG modifier.  chrome/plugins/get-url-with-blank-target.html = FAIL  090415 15:38:45 test_expectations.py:329 ERROR Line:1208 Test lacks BUG modifier.  chrome/plugins/multiple-plugins.html = FAIL  090415 15:38:45 test_expectations.py:329 ERROR Line:1209 Test lacks BUG modifier.  chrome/plugins/nested-plugin-objects.html = FAIL  090415 15:38:45 test_expectations.py:329 ERROR Line:1210 Test lacks BUG modifier.  chrome/plugins/refcount-leaks.html = FAIL  090415 15:38:45 test_expectations.py:329 ERROR Line:1211 Test lacks BUG modifier.  chrome/plugins/return-npobject.html = FAIL  090415 15:38:45 test_expectations.py:329 ERROR Line:1212 Test lacks BUG modifier.  chrome/plugins/script-object-invoke.html = FAIL  090415 15:38:45 test_expectations.py:329 ERROR Line:2080 Test lacks BUG modifier.  chrome/fast/forms/basic-textareas-quirks.html = FAIL  090415 15:38:45 test_expectations.py:329 ERROR Line:2081 Test lacks BUG modifier.  chrome/fast/forms/basic-textareas.html = FAIL    FAILURES FOR PLATFORM: LINUX  BUILD_TYPE: RELEASE  090415 15:38:45 test_expectations.py:329 ERROR Line:1169 Test lacks BUG modifier.  chrome/fast/forms/basic-selects.html = FAIL  090415 15:38:45 test_expectations.py:329 ERROR Line:1176 Test lacks BUG modifier.  chrome/plugins/call-as-function.html = CRASH FAIL  090415 15:38:45 test_expectations.py:329 ERROR Line:1205 Test lacks BUG modifier.  chrome/plugins/get-file-url.html = CRASH TIMEOUT  090415 15:38:45 test_expectations.py:329 ERROR Line:1207 Test lacks BUG modifier.  chrome/plugins/get-url-with-blank-target.html = FAIL  090415 15:38:45 test_expectations.py:329 ERROR Line:1208 Test lacks BUG modifier.  chrome/plugins/multiple-plugins.html = FAIL  090415 15:38:45 test_expectations.py:329 ERROR Line:1209 Test lacks BUG modifier.  chrome/plugins/nested-plugin-objects.html = FAIL  090415 15:38:45 test_expectations.py:329 ERROR Line:1210 Test lacks BUG modifier.  chrome/plugins/refcount-leaks.html = FAIL  090415 15:38:45 test_expectations.py:329 ERROR Line:1211 Test lacks BUG modifier.  chrome/plugins/return-npobject.html = FAIL  090415 15:38:45 test_expectations.py:329 ERROR Line:1212 Test lacks BUG modifier.  chrome/plugins/script-object-invoke.html = FAIL  090415 15:38:45 test_expectations.py:329 ERROR Line:2080 Test lacks BUG modifier.  chrome/fast/forms/basic-textareas-quirks.html = FAIL  090415 15:38:45 test_expectations.py:329 ERROR Line:2081 Test lacks BUG modifier.  chrome/fast/forms/basic-textareas.html = FAIL </pre>