<title>Issue 11142 -   chromium -    Enable unit test ImporterTest.Firefox2Importer - Project Hosting on Google Code</title> <pre> [ RUN      ] ImporterTest.Firefox2Importer  e:srcchrome2srcchromebrowserimporterimporter_unittest.cc(501): error:   Value of: bookmark_count_    Actual: 6  Expected: (sizeof(ArraySizeHelper(kFirefox2Bookmarks)))  Which is: 7  [  FAILED  ] ImporterTest.Firefox2Importer </pre>