<title>Issue 11220 -   chromium -    DnsHostInfo.StateChangeTest failed for unrelated change - Project Hosting on Google Code</title> <pre> I've seen this on the trybot:    <a href="http://build.chromium.org/buildbot/try-server/builders/win/builds/1188/steps/unit_tests/logs/StateChangeTest">http://build.chromium.org/buildbot/try-server/builders/win/builds/1188/steps/unit_tests/logs/StateChangeTest</a>    DnsHostInfoTest.StateChangeTest:  ....browsernetdns_host_info_unittest.cc(77): error: Value of:  info.NeedsDnsUpdate(hostname1)    Actual: true  Expected: false  expiration time not honored  ....browsernetdns_host_info_unittest.cc(80): error: Value of:  info.NeedsDnsUpdate(hostname1)    Actual: true  Expected: false  expiration time not honored </pre>