<title>Issue 1180 -   chromium -    build fails at amd64 debian gnu/linux - Project Hosting on Google Code</title> <pre> tetrahydrocannabinol:/home/boris/chromium/src/chrome# uname -a  Linux tetrahydrocannabinol 2.6.26-1-amd64 #1 SMP Thu Aug 28 11:13:42 UTC  2008 x86_64 GNU/Linux        running ../third_party/scons/scons.py Hammer at src/chrome      Clean build.      src/third_party/WebKit/JavaScriptCore/pcre/pcre_compile.cpp:44:  /usr/include/gnu/stubs.h:7:27: error: gnu/stubs-32.h    You must have libc6-dev-i386 so you must run apt-get install libc6-dev-i386   as root    But then i get:   /usr/bin/ld: skipping incompatible  /usr/lib/gcc/x86_64-linux-gnu/4.3.1/../../../libnss3.so when searching for  -lnss3  /usr/bin/ld: skipping incompatible /usr/bin/../lib/libnss3.so when  searching for -lnss3  /usr/bin/ld: skipping incompatible /usr/lib/libnss3.so when searching for  -lnss3  /usr/bin/ld: cannot find -lnss3  collect2: ld returned 1 exit status  scons: *** [Hammer/base/base_unittests] Error 1  scons: building terminated because of errors.  cause library is 64bit so we must install 32bit versions of libraries. </pre>