<title>Issue 12571 -   chromium -    Memory leak in TestShell::Initialize() - Project Hosting on Google Code</title> <pre> This started showing up today with <a href="/p/chromium/source/detail?r=16739">r16739</a>. Please take a look:    20:53:53 valgrind_analyze.py [ERROR] Leak_DefinitelyLost  13 900 (1 700 direct  12 200 indirect) bytes in 25 blocks are definitely  lost in loss record 632 of 664    malloc_zone_calloc  (algrind-darwin/coregrind/m_replacemalloc/vg_replace_malloc.c:418)    _internal_class_createInstanceFromZone (/usr/lib/libobjc.A.dylib)    +[NSObject allocWithZone:]  (/System/Library/Frameworks/CoreFoundation.framework/Versions/A/CoreFoundation)    -[NSControl initWithFrame:]  (/System/Library/Frameworks/AppKit.framework/Versions/C/AppKit)    -[NSButton initWithFrame:]  (/System/Library/Frameworks/AppKit.framework/Versions/C/AppKit)    MakeTestButton(_NSRect*  NSString*  NSView*)  (src/xcodebuild/Debug/test_shell_tests)    TestShell::Initialize(std::basic_string&lt;wchar_t   std::char_traits&lt;wchar_t&gt;  std::allocator&lt;wchar_t&gt; &gt; const&amp;)  (src/xcodebuild/Debug/test_shell_tests)    TestShell::CreateNewWindow(std::basic_string&lt;wchar_t   std::char_traits&lt;wchar_t&gt;  std::allocator&lt;wchar_t&gt; &gt; const&amp;  TestShell**)  (src/xcodebuild/Debug/test_shell_tests)    TestShellTest::CreateEmptyWindow() (src/xcodebuild/Debug/test_shell_tests)    TestShellTest::SetUp() (src/xcodebuild/Debug/test_shell_tests)    (anonymous namespace)::DomSerializerTests::SetUp()  (src/xcodebuild/Debug/test_shell_tests)    testing::Test::Run() (src/xcodebuild/Debug/test_shell_tests)    20:53:53 valgrind_analyze.py [ERROR] Leak_DefinitelyLost  94 036 (15 732 direct  78 304 indirect) bytes in 171 blocks are definitely  lost in loss record 659 of 664    calloc (algrind-darwin/coregrind/m_replacemalloc/vg_replace_malloc.c:414)    _internal_class_createInstanceFromZone (/usr/lib/libobjc.A.dylib)    _internal_class_createInstance (/usr/lib/libobjc.A.dylib)    +[NSObject allocWithZone:]  (/System/Library/Frameworks/CoreFoundation.framework/Versions/A/CoreFoundation)    +[NSObject alloc]  (/System/Library/Frameworks/CoreFoundation.framework/Versions/A/CoreFoundation)    MakeTestButton(_NSRect*  NSString*  NSView*)  (src/xcodebuild/Debug/test_shell_tests)    TestShell::Initialize(std::basic_string&lt;wchar_t   std::char_traits&lt;wchar_t&gt;  std::allocator&lt;wchar_t&gt; &gt; const&amp;)  (src/xcodebuild/Debug/test_shell_tests)    TestShell::CreateNewWindow(std::basic_string&lt;wchar_t   std::char_traits&lt;wchar_t&gt;  std::allocator&lt;wchar_t&gt; &gt; const&amp;  TestShell**)  (src/xcodebuild/Debug/test_shell_tests)    TestShellTest::CreateEmptyWindow() (src/xcodebuild/Debug/test_shell_tests)    TestShellTest::SetUp() (src/xcodebuild/Debug/test_shell_tests)    testing::Test::Run() (src/xcodebuild/Debug/test_shell_tests)   </pre>