<title>Issue 12668 -   chromium -    The &quot;Chromium isn't your default browser&quot; infobar breaks three tests from LoginPromptTest in ui_tests.exe - Project Hosting on Google Code</title> <pre> Jay  I'm assigning this bug to you tentatively because you implemented  the  &quot;Chromium isn't your default browser&quot; infobar.  Please help me  reassign it to the right person.    I'm running ui_tests.exe on 64-bit Windows 7 Beta.  Three tests  (TestBasicAuth  TestDigestAuth  TestTwoAuths) from LoginPromptTest  are failing:    D:chrome1srcchromeDebug&gt;.ui_tests.exe --gtest_filter=LoginPromptTest.*  Started crash_service.exe so you know if a test crashes!  Note: Google Test filter = LoginPromptTest.*  [==========] Running 4 tests from 1 test case.  [----------] Global test environment set-up.  [----------] 4 tests from LoginPromptTest  [ RUN      ] LoginPromptTest.TestBasicAuth  .ui_test.cc(171): error: Value of: actual_crashes    Actual: 1  Expected: expected_crashes_  Which is: 0  Encountered an unexpected crash in the program during this test.  [  FAILED  ] LoginPromptTest.TestBasicAuth (2640 ms)  [ RUN      ] LoginPromptTest.TestDigestAuth  .ui_test.cc(171): error: Value of: actual_crashes    Actual: 1  Expected: expected_crashes_  Which is: 0  Encountered an unexpected crash in the program during this test.  [  FAILED  ] LoginPromptTest.TestDigestAuth (2530 ms)  [ RUN      ] LoginPromptTest.TestTwoAuths  .ui_test.cc(171): error: Value of: actual_crashes    Actual: 1  Expected: expected_crashes_  Which is: 0  Encountered an unexpected crash in the program during this test.  [  FAILED  ] LoginPromptTest.TestTwoAuths (3899 ms)  [ RUN      ] LoginPromptTest.TestCancelAuth  [       OK ] LoginPromptTest.TestCancelAuth (3336 ms)  [----------] 4 tests from LoginPromptTest (12409 ms total)    [----------] Global test environment tear-down  [==========] 4 tests from 1 test case ran. (12410 ms total)  [  PASSED  ] 1 test.  [  FAILED  ] 3 tests  listed below:  [  FAILED  ] LoginPromptTest.TestBasicAuth  [  FAILED  ] LoginPromptTest.TestDigestAuth  [  FAILED  ] LoginPromptTest.TestTwoAuths     3 FAILED TESTS    YOU HAVE 29 DISABLED TESTS    I noticed the &quot;Chromium isn't your default browser&quot; infobar.  If I click the &quot;Set as default&quot; button and rerun ui_tests.exe   these tests pass.  If I change my default browser to something  else  these tests fail again. </pre>