<title>Issue 13624 -   chromium -    ViewTest.TextfieldCutCopyPaste broken under gyp-generated build (and disabled) - Project Hosting on Google Code</title> <pre> The gyp-generated build of unit_tests.exe gets the following errors from   ViewTest.TextfieldCutCopyPaste:    [ RUN      ] ViewTest.TextfieldCutCopyPaste  ..viewsview_unittest.cc(637): error: Value of: result    Actual: L&quot;ViewTest.TextfieldCutCopyPaste&quot;  Expected: kNormalText  Which is: L&quot;Normal&quot;  ..viewsview_unittest.cc(646): error: Value of: result    Actual: L&quot;ViewTest.TextfieldCutCopyPaste&quot;  Expected: kNormalText  Which is: L&quot;Normal&quot;  ..viewsview_unittest.cc(654): error: Value of: result    Actual: L&quot;ViewTest.TextfieldCutCopyPaste&quot;  Expected: kNormalText  Which is: L&quot;Normal&quot;  ..viewsview_unittest.cc(666): error: Value of: result    Actual: L&quot;ViewTest.TextfieldCutCopyPaste&quot;  Expected: kReadOnlyText  Which is: L&quot;Read only&quot;  ..viewsview_unittest.cc(672): error: Value of: result    Actual: L&quot;ViewTest.TextfieldCutCopyPaste&quot;  Expected: kNormalText  Which is: L&quot;Normal&quot;  ..viewsview_unittest.cc(680): error: Value of: result    Actual: L&quot;ViewTest.TextfieldCutCopyPaste&quot;  Expected: kNormalText  Which is: L&quot;Normal&quot;  ..viewsview_unittest.cc(699): error: Value of: std::wstring(buffer)    Actual: L&quot;Password! ** Secret stuff **&quot;  Expected: kNormalText  Which is: L&quot;Normal&quot;  ..viewsview_unittest.cc(708): error: Value of: std::wstring(buffer)    Actual: L&quot;Normal&quot;  Expected: kReadOnlyText  Which is: L&quot;Read only&quot;  [  FAILED  ] ViewTest.TextfieldCutCopyPaste (203 ms)    I've disabled to test in order to land the gyp changes. </pre>