<title>Issue 13653 -   chromium -    webframe_impl.cc compilation error - Project Hosting on Google Code</title> <pre> Chromium    3.0.184.0 (Developer Build 0)  WebKit	    531.0  V8	    1.2.6.1  User Agent  Mozilla/5.0 (X11; U; Linux i686; en-US) AppleWebKit/531.0   (KHTML  like Gecko) Chrome/3.0.184.0 Safari/531.0      1. compile from current svn source (since a week or so)      successful compilation      I get this error:    Compiling /var/tmp/portage/www-client/chromium-9999/work/chromium-  9999/src/src/sconsbuild/Release/obj/webkit/glue/webframeloaderclient_impl.o  /var/tmp/portage/www-client/chromium-9999/work/chromium-  9999/src/src/webkit/glue/webframe_impl.cc: In member function 'void   WebFrameImpl::CreateFrameView()':  /var/tmp/portage/www-client/chromium-9999/work/chromium-  9999/src/src/webkit/glue/webframe_impl.cc:1461: error: 'create' is not a   member of 'WebCore::FrameView'  /var/tmp/portage/www-client/chromium-9999/work/chromium-  9999/src/src/webkit/glue/webframe_impl.cc:1463: error: 'create' is not a   member of 'WebCore::FrameView'  /var/tmp/portage/www-client/chromium-9999/work/chromium-  9999/src/src/webkit/glue/webframe_impl.cc:1466: error: no matching function   for call to 'WebCore::Frame::setView(WTF::RefPtr&lt;WebCore::FrameView&gt;&amp;)'  /var/tmp/portage/www-client/chromium-9999/work/chromium-  9999/src/src/third_party/WebKit/WebCore/page/Frame.h:94: note: candidates   are: void WebCore::Frame::setView(WebCore::FrameView*)  scons: *** [/var/tmp/portage/www-client/chromium-9999/work/chromium-  9999/src/src/sconsbuild/Release/obj/webkit/glue/webframe_impl.o] Error 1  scons: building terminated because of errors      I've tried with gcc4.4 and gcc4.3.2   </pre>