<title>Issue 14639 -   chromium -    devtools_sanity_unittest.cc disabled in gyp-generated unit_tests.exe - Project Hosting on Google Code</title> <pre> I've left out devtools_sanity_unittest.cc from the gyp-generated build of   unit_tests.exe in order to land the gyp conversion.  Error output below   from my system when I run the gyp-generated unit_tests.exe.  It's possible   that this is an artifact of something on my local system.    [----------] 4 tests from DevToolsSanityTest  [ RUN      ] DevToolsSanityTest.TestHostIsPresent  [3228:4916:0618/125415:272377265:ERROR:sqlite_utils.cc(204)]   SQLStatement.prepar  e_v2 failed: no such table: meta  [3228:6048:0618/125436:272398218:FATAL:bookmark_bar_view.cc(957)] Check   failed:  false.  c:srctrunksrcbase/test_suite.h(78): error: Failed  [3228:6048:0618/125436:272398218:FATAL:bookmark_bar_view.cc(957)] Check   failed:  false.  Error initializing symbols (0).  Dumping unresolved backtrace:          014742A6          0140C4C1          01AB1211          01A95F0D          01A95E56          00502DB9          019840F0          01983AC6          0197BF63          0197BE76          01E7371A          01E71A92          01E71A06          01CE83A8          01CD9263          00713F1C          01794F33          01795C88          01796442          0179EEA6          017963AA          01799EFB          0179D6A6          01799E34          017990C6          0219360B          021934FD          01FDDB13          01FDD8DD          7C816FE7    [  FAILED  ] DevToolsSanityTest.TestHostIsPresent (22516 ms)  [ RUN      ] DevToolsSanityTest.TestElementsTreeRoot  .testin_process_browser_test.cc(69): error: Value of:   DieFileDie(user_data_dir    true)    Actual: false  Expected: true  Assertion failed: ptr_ != NULL  file c:srctrunksrcbase/scoped_ptr.h    line 89   </pre>