<title>Issue 15265 -   chromium -    Regression: test failures from (possibly) thumbnail patch - Project Hosting on Google Code</title> <pre> These two tests started failing for unknown reasons:    [ RUN      ] BrowserFocusTest.BackgroundBrowserDontStealFocus  C:bslavechromium-dbg-builderbuildsrcbase/test_suite.h(84): error:   Failed  [2884:2776:0624/154935:1484341734:FATAL:notification_service.cc(63)] Check   failed: HasKey(observers_[type.value]  source).  Error initializing symbols (0).  Dumping unresolved backtrace:      [ RUN      ] BrowserFocusTest.TabInitialFocus  C:bslavechromium-dbg-builderbuildsrcbase/test_suite.h(84): error:   Failed  [2884:272:0624/155032:1484399265:FATAL:notification_service.cc(63)] Check   failed: HasKey(observers_[type.value]  source).  Error initializing symbols (0).  Dumping unresolved backtrace: </pre>