<title>Issue 15927 -   chromium -    VisitedLinkTest.Listener is flaky - Project Hosting on Google Code</title> <pre> See <a href="http://build.chromium.org/buildbot/waterfall/builders/Chromium%20XP/builds/">http://build.chromium.org/buildbot/waterfall/builders/Chromium%20XP/builds/</a>  5725/steps/unit_tests/logs/stdio    [----------] 7 tests from VisitedLinkTest  [ RUN      ] VisitedLinkTest.DatabaseIO  [       OK ] VisitedLinkTest.DatabaseIO (31 ms)  [ RUN      ] VisitedLinkTest.Delete  [       OK ] VisitedLinkTest.Delete (31 ms)  [ RUN      ] VisitedLinkTest.BigDelete  [       OK ] VisitedLinkTest.BigDelete (32 ms)  [ RUN      ] VisitedLinkTest.DeleteAll  [       OK ] VisitedLinkTest.DeleteAll (47 ms)  [ RUN      ] VisitedLinkTest.Resizing  [       OK ] VisitedLinkTest.Resizing (31 ms)  [ RUN      ] VisitedLinkTest.Rebuild  [       OK ] VisitedLinkTest.Rebuild (78 ms)  [ RUN      ] VisitedLinkTest.Listener  C:bslavechromium-rel-  xpbuildsrcchromebrowservisitedlink_unittest.cc(420): error: Value of:   listener_.add_count()    Actual: 1001  Expected: g_test_count  Which is: 1000  [  FAILED  ] VisitedLinkTest.Listener (16 ms)  [----------] 7 tests from VisitedLinkTest (266 ms total)    This test was added in  src.chromium.org/viewvc/chrome?view=rev&amp;revision=19910   </pre>