<title>Issue 16106 -   chromium -    ExtensionBrowserTest.Incognito is flaky - Project Hosting on Google Code</title> <pre> ExtensionBrowserTest.Incognito has been flaky for a while now    [ RUN      ] ExtensionBrowserTest.Incognito  C:bslavechromium-rel-  builderbuildsrcchromebrowserextensionsextension_browsertests_misc.cc(85  ): error: Value of: InstallExtension(test_data_dir_.AppendASCII(&quot;good.crx&quot;))    Actual: false  Expected: true  [  FAILED  ] ExtensionBrowserTest.Incognito (579 ms)    I'm disabling it. </pre>