<title>Issue 17451 -   chromium -    Intermittent memory leak  RenderView::OnDownloadFavIcon - Project Hosting on Google Code</title> <pre> 09:28:45 memcheck_analyze.py [ERROR] FAIL! There were 1 errors:   09:28:45 memcheck_analyze.py [ERROR] Leak_DefinitelyLost  687 (120 direct  567 indirect) bytes in 1 blocks are definitely lost in   loss record 338 of 393    operator new(unsigned int) (ome/chrome-bot/valgrind-10414-vex-1906-  forkfix/coregrind/m_replacemalloc/vg_replace_malloc.c:213)    webkit_glue::WebURLLoaderImpl::WebURLLoaderImpl()   (webkit/glue/weburlloader_impl.cc:508)    webkit_glue::WebKitClientImpl::createURLLoader()   (webkit/glue/webkitclient_impl.cc:95)    webkit_glue::ResourceFetcher::Start(WebFrame*)   (webkit/glue/resource_fetcher.cc:51)    webkit_glue::ResourceFetcher::ResourceFetcher(GURL const&amp;  WebFrame*    CallbackRunner&lt;Tuple2&lt;WebKit::WebURLResponse const&amp;    std::basic_string&lt;char  std::char_traits&lt;char&gt;  std::allocator&lt;char&gt; &gt;   const&amp;&gt; &gt;*) (webkit/glue/resource_fetcher.cc:32)    webkit_glue::ImageResourceFetcher::ImageResourceFetcher(GURL const&amp;    WebFrame*  int  int    CallbackRunner&lt;Tuple2&lt;webkit_glue::ImageResourceFetcher*  SkBitmap const&amp;&gt;   &gt;*) (webkit/glue/image_resource_fetcher.cc:26)    WebViewImpl::DownloadImage(int  GURL const&amp;  int)   (webkit/glue/webview_impl.cc:1372)    RenderView::OnDownloadFavIcon(int  GURL const&amp;  int)   (chrome/renderer/render_view.cc:2042)    RenderView::OnMessageReceived(IPC::Message const&amp;) (base/tuple.h:435)    MessageRouter::RouteMessage(IPC::Message const&amp;)   (chrome/common/message_router.cc:41)    MessageRouter::OnMessageReceived(IPC::Message const&amp;)   (chrome/common/message_router.cc:32)    ChildThread::OnMessageReceived(IPC::Message const&amp;)   (chrome/common/child_thread.cc:86)    IPC::ChannelProxy::Context::OnDispatchMessage(IPC::Message const&amp;)   (chrome/common/ipc_channel_proxy.cc:182)    RunnableMethod&lt;IPC::ChannelProxy::Context  void   (IPC::ChannelProxy::Context::*)(IPC::Message const&amp;)  Tuple1&lt;IPC::Message&gt;   &gt;::Run() (base/tuple.h:422)    MessageLoop::RunTask(Task*) (base/message_loop.cc:313)    MessageLoop::DeferOrRunPendingTask(MessageLoop::PendingTask const&amp;)   (base/message_loop.cc:321)    MessageLoop::DoWork() (base/message_loop.cc:427)    base::MessagePumpDefault::Run(base::MessagePump::Delegate*)   (base/message_pump_default.cc:23)    MessageLoop::RunInternal() (base/message_loop.cc:198)    MessageLoop::RunHandler() (base/message_loop.cc:181)    MessageLoop::Run() (base/message_loop.cc:155)    base::Thread::ThreadMain() (base/thread.cc:156)    ThreadFunc(void*) (base/platform_thread_posix.cc:26)    start_thread (/lib/tls/i686/cmov/libpthread-2.7.so)  Suppression:    fun:_Znwj    fun:_ZN11webkit_glue16WebURLLoaderImplC1Ev    fun:_ZN11webkit_glue16WebKitClientImpl15createURLLoaderEv    fun:_ZN11webkit_glue15ResourceFetcher5StartEP8WebFrame      fun:_ZN11webkit_glue15ResourceFetcherC1ERK4GURLP8WebFrameP14CallbackRunnerI  6Tuple2IRKN6WebKit14WebURLResponseERKSsEE      fun:_ZN11webkit_glue20ImageResourceFetcherC1ERK4GURLP8WebFrameiiP14Callback  RunnerI6Tuple2IPS0_RK8SkBitmapEE    fun:_ZN11WebViewImpl13DownloadImageEiRK4GURLi    fun:_ZN10RenderView17OnDownloadFavIconEiRK4GURLi    fun:_ZN10RenderView17OnMessageReceivedERKN3IPC7MessageE    fun:_ZN13MessageRouter12RouteMessageERKN3IPC7MessageE    fun:_ZN13MessageRouter17OnMessageReceivedERKN3IPC7MessageE    fun:_ZN11ChildThread17OnMessageReceivedERKN3IPC7MessageE    fun:_ZN3IPC12ChannelProxy7Context17OnDispatchMessageERKNS_7MessageE      fun:_ZN14RunnableMethodIN3IPC12ChannelProxy7ContextEMS2_FvRKNS0_7MessageEE6  Tuple1IS3_EE3RunEv    fun:_ZN11MessageLoop7RunTaskEP4Task    fun:_ZN11MessageLoop21DeferOrRunPendingTaskERKNS_11PendingTaskE    fun:_ZN11MessageLoop6DoWorkEv    fun:_ZN4base18MessagePumpDefault3RunEPNS_11MessagePump8DelegateE    fun:_ZN11MessageLoop11RunInternalEv    fun:_ZN11MessageLoop10RunHandlerEv    fun:_ZN11MessageLoop3RunEv    fun:_ZN4base6Thread10ThreadMainEv    fun:_Z10ThreadFuncPv    fun:start_thread    09:28:45 valgrind_test.py [ERROR] Analyze failed.  09:28:45 valgrind_test.py [INFO] elapsed time: 00:23:48  program finished with exit code 255    Failed once  and then &quot;magically&quot; disappeared. Might be similar to issue   16964. </pre>