<title>Issue 17839 -   chromium -    Intermittent failures in WatchdogTest.AlarmPriorTimeTest - Project Hosting on Google Code</title> <pre> .watchdog_unittest.cc(87): error: Expected: ((base::Time::Now() -   start).InMilliseconds()) &lt;= (kTimeout.InMilliseconds())  actual: 300002 vs   300000  Timed out  .watchdog_unittest.cc(89): error: Value of: watchdog.alarm_counter()    Actual: 0  Expected: 1    I'm going to add some code help get more information what's really happening   on the bots. </pre>