<title>Issue 18072 -   chromium -    SVN build errors on linux - Project Hosting on Google Code</title> <pre> Chrome Version       : 3.0.197.0 (Developer Build 22048)      In current svn  there are two compile errors because of -Werror:      ...  Compiling   /home/mimox/code/svn/chromium/src/sconsbuild/Release/obj/chrome/browser/gtk  /sad_tab_gtk.o  cc1plus: warnings being treated as errors  /home/mimox/code/svn/chromium/src/chrome/browser/gtk/options/passwords_page  _gtk.cc: In static member function 'static void   PasswordsPageGtk::OnRemoveAllButtonClicked(GtkButton*  PasswordsPageGtk*)':  /home/mimox/code/svn/chromium/src/chrome/browser/gtk/options/passwords_page  _gtk.cc:207: error: format not a string literal and no format arguments  scons: ***   [/home/mimox/code/svn/chromium/src/sconsbuild/Release/obj/chrome/browser/gt  k/options/passwords_page_gtk.o] Error 1  scons: building terminated because of errors.        ...  Compiling   /home/mimox/code/svn/chromium/src/sconsbuild/Release/obj/net/base/registry_  controlled_domain.o  cc1plus: warnings being treated as errors  /home/mimox/code/svn/chromium/src/net/base/net_util.cc: In function   'bool&lt;unnamed&gt;::IsIDNComponentSafe(const char16*  int  const   std::wstring&amp;)':  /home/mimox/code/svn/chromium/src/net/base/net_util.cc:641: error: suggest   parentheses around assignment used as truth value  scons: ***   [/home/mimox/code/svn/chromium/src/sconsbuild/Release/obj/net/base/net_util  .o] Error 1  scons: building terminated because of errors.      My g++ is 4.3.3 (Ubuntu 4.3.3-5ubuntu4) </pre>