<title>Issue 19120 -   chromium -    seccomp sandbox fails to build with gcc-4.4 - Project Hosting on Google Code</title> <pre> sandbox/linux/seccomp/debug.cc: In static member function ��_��_��_static void   playground::Debug::syscall(int  const char*  int)��_��_��_:  sandbox/linux/seccomp/debug.cc:151: error: invalid conversion from ��_��_��_const   char*��_��_��_ to ��_��_��_char*��_��_��_  sandbox/linux/seccomp/debug.cc:151: error:   initializing argument 1 of   ��_��_��_static char* playground::Debug::itoa(char*  int)��_��_��_    sandbox/linux/seccomp/sandbox.cc: In static member function ��_��_��_static void   playground::Sandbox::startSandbox()��_��_��_:  sandbox/linux/seccomp/sandbox.cc:399: error: invalid conversion from ��_��_��_const   char*��_��_��_ to ��_��_��_char*��_��_��_     </pre>