<title>Issue 19221 -   chromium -    ASSERTION FAILED: !root-&gt;needsLayout() - Project Hosting on Google Code</title>   1. Go to listed URL  2. Scroll down to bottom with downarrow key      Nothing special.      Render process crash frowny face  with:  ASSERTION FAILED: !root-&gt;needsLayout()  (/ZZZZZZZZZZZZZZZZZZ/chrome/home/chrome-  svn/tarball/chromium/src/third_party/WebKit/WebCore/page/FrameView.cpp:674   void WebCore::FrameView::layout(bool))  [7860:7860:1096925680663:ERROR:/ZZZZZZZZZZZZZZZZZZZZZZZ/chrome/home/chrome-  svn/tarball/chromium/src/chrome/common/temp_scaffolding_stubs.h(73)] Not   implemented reached in bool   printing::PrintViewManager::OnRenderViewGone(RenderViewHost*)  [7860:7860:1096926704263:ERROR:/ZZZZZZZZZZZZZZZZZZZZZZZ/chrome/home/chrome-  svn/tarball/chromium/src/chrome/browser/autocomplete/autocomplete_popup_vie  w_gtk.cc(319)] Not implemented reached in virtual void   AutocompletePopupViewGtk::OnHoverEnabledOrDisabled(bool)  [7860:7860:1096926749366:ERROR:/ZZZZZZZZZZZZZZZZZZZZZZZ/chrome/home/chrome-  svn/tarball/chromium/src/chrome/browser/autocomplete/autocomplete_popup_vie  w_gtk.cc(319)] Not implemented reached in virtual void   AutocompletePopupViewGtk::OnHoverEnabledOrDisabled(bool)    [Leading parts of pathnames redacted with ZZZZZZZZZZZZZ for public report]  Reload displays page again  but downarrow to the bottom will crash renderer   again.  (Same messages.)    <b>Please provide