<title>Issue 19657 -   chromium -    File URL test failing in Googleurl on Windows - Project Hosting on Google Code</title> <pre> [ RUN      ] URLCanonTest.CanonicalizeFileURL  ....googleurlsrcurl_canon_unittest.cc(1517): error: Value of: out_str    Actual: &quot;file://7:////foo/bar.html&quot;  Expected: cases[i].expected  Which is: &quot;file://7%3A////foo/bar.html&quot;  ....googleurlsrcurl_canon_unittest.cc(1525): error: Value of:   out_parsed.hos  t.len    Actual: 2  Expected: cases[i].expected_host.len  Which is: 4  ....googleurlsrcurl_canon_unittest.cc(1527): error: Value of:   out_parsed.pat  h.begin    Actual: 9  Expected: cases[i].expected_path.begin  Which is: 11  [  FAILED  ] URLCanonTest.CanonicalizeFileURL (7 ms) </pre>