<title>Issue 19866 -   chromium -    ExtensionAPITest.Bookmarks is failing consistently - Project Hosting on Google Code</title> <pre> This test has been failing on and off all day.    [ RUN      ] ExtensionApiTest.Bookmarks  Got EXTENSION_LOADED notification.  Got EXTENSION_TEST_FAILED notification.  C:bslavechromium-dbg-  builderbuildsrcchromebrowserextensionsextension_bookmarks_apitest.cc(  9): error: Value of: RunExtensionTest(&quot;bookmarks&quot;)    Actual: false  Expected: true  title mismatch: Edit Bookmark != Bookmarks bar  getTree() result != expected      at expectTrue (chrome-  extension://aaaaaaaaaaaaaaaaaaaaaaaaaaaaaaaa/api_test.js:74:4)      at Array.0 (chrome-  extension://aaaaaaaaaaaaaaaaaaaaaaaaaaaaaaaa/test.js:53:17)      at Object.&lt;anonymous&gt; (chrome/ExtensionProcessBindings:78:29)  [  FAILED  ] ExtensionApiTest.Bookmarks (1391 ms) </pre>