<title>Issue 2029 -   chromium -    build fail early on pure 64 bit linux - Project Hosting on Google Code</title> <pre> Product Version      : <a href="/p/chromium/source/detail?r=1983">revision 1983</a>  URLs (if applicable) : None  Other browsers tested: None        cd $CHROMIUM_ROOT  ../third_party/scons/scons.py Hammer        Some fun looking code compile        It fail early because of a missing &quot;gnu/stubs-32.h&quot; that file is included  if __WORDSIZE == 32  otherwise gnu/stubs-64.h is chosen.    Build output follow      vivo@home ~/tmp/chromium/src/chrome $ ../third_party/scons/scons.py Hammer  scons: Reading SConscript files ...  scons: done reading SConscript files.  scons: Building targets ...  cd /home/vivo/tmp/chromium/src/webkit/build/JSConfig &amp;&amp; /bin/bash -x  create-config.sh  /home/vivo/tmp/chromium/src/chrome/Hammer/webkit/build/JSConfig v8  /usr/bin/python /home/vivo/tmp/chromium/src/webkit/build/webkit_version.py  /home/vivo/tmp/chromium/src/third_party/WebKit/WebCore/Configurations/Version.xcconfig  Hammer/webkit/build/WebCore  + set -ex  + [[ '' != Windows_NT ]]  +  WebCoreObjDir=/home/vivo/tmp/chromium/src/chrome/Hammer/webkit/build/JSConfig/WebCore  +  JSHeadersDir=/home/vivo/tmp/chromium/src/chrome/Hammer/webkit/build/JSConfig/WebCore/JavaScriptHeaders  + CP='cp -p'  + mkdir -p  /home/vivo/tmp/chromium/src/chrome/Hammer/webkit/build/JSConfig/WebCore  + rm -f  /home/vivo/tmp/chromium/src/chrome/Hammer/webkit/build/JSConfig/WebCore/definitions.h  + [[ v8 = kjs ]]  + SubDir=/v8  + cat  + [[ '' = Windows_NT ]]  + mkdir -p  /home/vivo/tmp/chromium/src/chrome/Hammer/webkit/build/JSConfig/WebCore/v8  + pwd  /home/vivo/tmp/chromium/src/webkit/build/JSConfig  + cat ../../config.h.in  /home/vivo/tmp/chromium/src/chrome/Hammer/webkit/build/JSConfig/WebCore/definitions.h  + [[ '' = Windows_NT ]]  + diff -q  /home/vivo/tmp/chromium/src/chrome/Hammer/webkit/build/JSConfig/WebCore/v8/config.h.new  /home/vivo/tmp/chromium/src/chrome/Hammer/webkit/build/JSConfig/WebCore/v8/config.h  + mv  /home/vivo/tmp/chromium/src/chrome/Hammer/webkit/build/JSConfig/WebCore/v8/config.h.new  /home/vivo/tmp/chromium/src/chrome/Hammer/webkit/build/JSConfig/WebCore/v8/config.h  + rm -f  /home/vivo/tmp/chromium/src/chrome/Hammer/webkit/build/JSConfig/WebCore/definitions.h  +  JSHeadersDir=/home/vivo/tmp/chromium/src/chrome/Hammer/webkit/build/JSConfig/WebCore/JavaScriptHeaders/v8  + mkdir -p  /home/vivo/tmp/chromium/src/chrome/Hammer/webkit/build/JSConfig/WebCore/JavaScriptHeaders/v8  + JavaScriptCoreSrcDir=../../../third_party/WebKit/JavaScriptCore  + [[ v8 = kjs ]]  + cp -p ../../../third_party/WebKit/JavaScriptCore/bindings/npapi.h  /home/vivo/tmp/chromium/src/chrome/Hammer/webkit/build/JSConfig/WebCore/JavaScriptHeaders/v8  + cp -p ../../../third_party/WebKit/JavaScriptCore/bindings/npruntime.h  /home/vivo/tmp/chromium/src/chrome/Hammer/webkit/build/JSConfig/WebCore/JavaScriptHeaders/v8  + cp -p ../../../webkit/port/bindings/v8/npruntime_priv.h  /home/vivo/tmp/chromium/src/chrome/Hammer/webkit/build/JSConfig/WebCore/JavaScriptHeaders/v8  + [[ '' = Windows_NT ]]  bison -d -p xpathyy  /home/vivo/tmp/chromium/src/third_party/WebKit/WebCore/xml/XPathGrammar.y  -o Hammer/webkit/V8Bindings/DerivedSources/XPathGrammar.cpp  bison -d -p cssyy  /home/vivo/tmp/chromium/src/third_party/WebKit/WebCore/css/CSSGrammar.y -o  Hammer/webkit/V8Bindings/DerivedSources/CSSGrammar.cpp  /home/vivo/tmp/chromium/src/third_party/WebKit/WebCore/css/CSSGrammar.y:  conflicts: 37 shift/reduce  /usr/bin/perl  /home/vivo/tmp/chromium/src/third_party/WebKit/WebCore/dom/make_names.pl  --attrs  /home/vivo/tmp/chromium/src/third_party/WebKit/WebCore/xml/xmlattrs.in  --namespace XML --cppNamespace WebCore --namespaceURI  &quot;<a href="http://www.w3.org/XML/1998/namespace">http://www.w3.org/XML/1998/namespace</a>&quot; --output  Hammer/webkit/V8Bindings/DerivedSources  create_h_wrapper([&quot;Hammer/webkit/V8Bindings/DerivedSources/XPathGrammar.cpp&quot;   &quot;Hammer/webkit/V8Bindings/DerivedSources/XPathGrammar.h&quot;]   [&quot;Hammer/webkit/port/xml/XPathGrammar.y&quot;])  Delete(&quot;Hammer/webkit/V8Bindings/DerivedSources/XPathGrammar.hpp&quot;)  create_h_wrapper([&quot;Hammer/webkit/V8Bindings/DerivedSources/CSSGrammar.cpp&quot;   &quot;Hammer/webkit/V8Bindings/DerivedSources/CSSGrammar.h&quot;]   [&quot;Hammer/webkit/port/css/CSSGrammar.y&quot;])  Compiling Hammer/webkit/V8Bindings/SharedSources/PausedTimeouts.o ...  Delete(&quot;Hammer/webkit/V8Bindings/DerivedSources/CSSGrammar.hpp&quot;)  Compiling Hammer/webkit/port/JavaScriptCore/pcre/pcre_xclass.o ...  In file included from /usr/include/features.h:354                    from /usr/include/stdlib.h:25                    from  /home/vivo/tmp/chromium/src/webkit/pending/wtf/FastMalloc.h:27                    from Hammer/webkit/build/JSConfig/WebCore/v8/config.h:66                    from  Hammer/webkit/V8Bindings/SharedSources/PausedTimeouts.cpp:23:  /usr/include/gnu/stubs.h:7:27: error: gnu/stubs-32.h: No such file or directory  In file included from /usr/include/features.h:354                    from /usr/include/inttypes.h:26                    from  /home/vivo/tmp/chromium/src/third_party/WebKit/JavaScriptCore/wtf/Assertions.h:51                    from  /home/vivo/tmp/chromium/src/third_party/WebKit/JavaScriptCore/pcre/pcre_internal.h:72                    from  /home/vivo/tmp/chromium/src/third_party/WebKit/JavaScriptCore/pcre/pcre_xclass.cpp:43:  /usr/include/gnu/stubs.h:7:27: error: gnu/stubs-32.h: No such file or directory  cd Hammer/webkit/port &amp;&amp; /usr/bin/perl  /home/vivo/tmp/chromium/src/webkit/pending/makeprop.pl  cd Hammer/webkit/port &amp;&amp; /usr/bin/perl  /home/vivo/tmp/chromium/src/webkit/pending/makevalues.pl  scons: *** [Hammer/webkit/port/JavaScriptCore/pcre/pcre_xclass.o] Error 1  scons: *** [Hammer/webkit/V8Bindings/SharedSources/PausedTimeouts.o] Error 1  Move(&quot;Hammer/webkit/V8Bindings/DerivedSources/CSSPropertyNames.c&quot;   &quot;Hammer/webkit/port/CSSPropertyNames.c&quot;)  Move(&quot;Hammer/webkit/V8Bindings/DerivedSources/CSSPropertyNames.h&quot;   &quot;Hammer/webkit/port/CSSPropertyNames.h&quot;)  Move(&quot;Hammer/webkit/V8Bindings/DerivedSources/CSSValueKeywords.c&quot;   &quot;Hammer/webkit/port/CSSValueKeywords.c&quot;)  Move(&quot;Hammer/webkit/V8Bindings/DerivedSources/CSSValueKeywords.h&quot;   &quot;Hammer/webkit/port/CSSValueKeywords.h&quot;)  scons: building terminated because of errors.    </pre>