<title>Issue 20497 -   chromium -    Two memory leaks ( &gt; 300 kB)  reported by valgrind : media test - Project Hosting on Google Code</title> <pre>   06:17:06 memcheck_analyze.py [ERROR] Leak_DefinitelyLost  345 600 bytes in 1 blocks are definitely lost in loss record 730 of 733    operator new[](unsigned int) (ome/chrome-bot/valgrind-  20090715/coregrind/m_replacemalloc/vg_replace_malloc.c:257)    YuvScaleTest_YV12_Test::TestBody() (media/base/yuv_convert_unittest.cc:142)    testing::Test::Run() (testing/gtest/src/gtest.cc:2056)    testing::internal::TestInfoImpl::Run() (testing/gtest/src/gtest.cc:2287)    testing::internal::TestInfoImpl::RunTest(testing::TestInfo*) (testing/gtest/src/gtest-internal-inl.h:655)    testing::TestCase::Run() (testing/gtest/src/gtest-internal-inl.h:397)    testing::TestCase::RunTestCase(testing::TestCase*) (testing/gtest/src/gtest-internal-inl.h:776)    testing::internal::UnitTestImpl::RunAllTests() (testing/gtest/src/gtest-internal-inl.h:397)    testing::UnitTest::Run() (testing/gtest/src/gtest.cc:3404)    main (base/test_suite.h:70)    The second one is almost identical to the first:    06:17:06 memcheck_analyze.py [ERROR] Leak_DefinitelyLost  460 800 bytes in 1 blocks are definitely lost in loss record 731 of 733    operator new[](unsigned int) (ome/chrome-bot/valgrind-  20090715/coregrind/m_replacemalloc/vg_replace_malloc.c:257)    YuvScaleTest_YV16_Test::TestBody() (media/base/yuv_convert_unittest.cc:186)    testing::Test::Run() (testing/gtest/src/gtest.cc:2056)    testing::internal::TestInfoImpl::Run() (testing/gtest/src/gtest.cc:2287)    testing::internal::TestInfoImpl::RunTest(testing::TestInfo*) (testing/gtest/src/gtest-internal-inl.h:655)    testing::TestCase::Run() (testing/gtest/src/gtest-internal-inl.h:397)    testing::TestCase::RunTestCase(testing::TestCase*) (testing/gtest/src/gtest-internal-inl.h:776)    testing::internal::UnitTestImpl::RunAllTests() (testing/gtest/src/gtest-internal-inl.h:397)    testing::UnitTest::Run() (testing/gtest/src/gtest.cc:3404)    main (base/test_suite.h:70)    -------------    There are new[] without matching delete[]. It's very strange that these leaks  showed up only  after my totally unrelated   checkins. After my check-in  it keeps showing up.    </pre>