<title>Issue 21110 -   chromium -    DiskCacheBackendTest.NewEvictionDisableSuccess4 is flaky - Project Hosting on Google Code</title> <pre> Fails like this:    DiskCacheBackendTest.NewEvictionDisableSuccess4:  .disk_cachebackend_unittest.cc(1406): error: Value of: cache_-  &gt;GetEntryCount()    Actual: 4  Expected: 0  .disk_cachedisk_cache_test_base.cc(97): error: Value of:   CheckCacheIntegrity(path  new_eviction_)    Actual: false  Expected: true </pre>