<title>Issue 21321 -   chromium -    DomCheckerTest.Http disabled due to flakiness - Project Hosting on Google Code</title> <pre> DomCheckerTest.Http fails intermittently.    [ RUN      ] DomCheckerTest.Http  C:bslavechromium-rel-xpbuildsrcchrometestuiui_test.cc(695): error: Value of:   browser_survived    Actual: false  Expected: true  C:bslavechromium-rel-xpbuildsrcchrometestuidom_checker_uitest.cc(207): error: Value of:   WaitUntilTestCompletes(tab.get())    Actual: false  Expected: true    Tests run: 0  new tests passing:    (blank).document.location write (readback)    (blank).document.open() call    (blank).document.write('hi mom') call    (blank).history.forward(0) call    (blank).length read [value: 0]    (blank).location write (readback)    (blank).location.assign('about:blank') call    (blank).location.replace('about:blank') call    (blank).postMessage read [value: function () { [native code] }]    (third-party).frames.length read [value: 2]    (third-party).frames[0] probe [value: [object global]]    (third-party).history.forward(0) call    (third-party).length read [value: 2]    (third-party).postMessage read [value: function () { [native code] }]    (third-party).window.length read [value: 2]    (third-party).window[0] probe [value: [object global]]    open() frame name lookup    C:bslavechromium-rel-xpbuildsrcchrometestuiui_test.cc(165): error: Value of: actual_crashes    Actual: 1  Expected: expected_crashes_  Which is: 0  Encountered an unexpected crash in the program during this test.  [  FAILED  ] DomCheckerTest.Http (16235 ms)    I'm disabling the test    Is this a dupe of <a href="http://crbug.com/9386">http://crbug.com/9386</a> ? </pre>