<title>Issue 22171 -   chromium -    Build failure due to warnings in debug_util_posix.cc - Project Hosting on Google Code</title> <pre> Chrome Version       : svn <a href="/p/chromium/source/detail?r=26415">revision 26415</a>    cc1plus: warnings being treated as errors  /tmp/c/src/chromium/src/base/debug_util_posix.cc: In constructor   'StackTrace::StackTrace()':  /tmp/c/src/chromium/src/base/debug_util_posix.cc:119: error: the address of   'int backtrace(void**  int)' will never be NULL  /tmp/c/src/chromium/src/base/debug_util_posix.cc: In member function 'void   StackTrace::PrintBacktrace()':  /tmp/c/src/chromium/src/base/debug_util_posix.cc:129: error: the address of   'void backtrace_symbols_fd(void* const*  int  int)' will never be NULL  /tmp/c/src/chromium/src/base/debug_util_posix.cc: In member function 'void   StackTrace::OutputToStream(std::ostream*)':  /tmp/c/src/chromium/src/base/debug_util_posix.cc:136: error: the address of   'char** backtrace_symbols(void* const*  int)' will never be NULL  scons: ***   [/tmp/c/src/chromium/src/sconsbuild/Release/obj/base/base/debug_util_posix.  o] Error 1    I had to remove the NULL checks to get this going (wasn't able to find   where -Werror is coming from). Not sure if this is a good idea  not sure if   -Werror building is necessary here. </pre>