<title>Issue 22666 -   chromium -    PluginTest.Silverlight is flaky - Project Hosting on Google Code</title> <pre> This has shown up several times recently  flakily  on the XP Perf (dbg) bot:    [ RUN      ] PluginTest.Silverlight  C:bslavechromium-dbg-  builderbuildsrcchrometestuiui_test.cc(157): error: Value of:   assertions.size()    Actual: 1  Expected: expected_errors_  Which is: 0  The following error(s) occurred in the application during this test:    [3188:2224:106761296:FATAL:plugin_host.cc(704)] Check failed: false.  C:bslavechromium-dbg-  builderbuildsrcchrometestuiui_test.cc(171): error: Value of:   actual_crashes    Actual: 1  Expected: expected_crashes_  Which is: 0  Encountered an unexpected crash in the program during this test.  [  FAILED  ] PluginTest.Silverlight (1875 ms) </pre>