<title>Issue 289 -   chromium -    error: gnu/stubs-32.h: No such file or directory - Project Hosting on Google Code</title>   1. ../third_party/scons/scons.py Hammer    Compile failure because header file &quot;stubs-32.h&quot; is included but does not  exist.      Successful compile      Compiling Hammer/webkit/port/JavaScriptCore/pcre/pcre_tables.o ...  In file included from /usr/include/features.h:354                    from /usr/include/inttypes.h:26                    from  /home/me/chromium/src/third_party/WebKit/JavaScriptCore/wtf/Assertions.h:51                    from  /home/me/chromium/src/third_party/WebKit/JavaScriptCore/pcre/pcre_internal.h:72                    from  /home/me/chromium/src/third_party/WebKit/JavaScriptCore/pcre/pcre_ucp_searchfuncs.cpp:44:  /usr/include/gnu/stubs.h:7:27: error: gnu/stubs-32.h: No such file or directory  In file included from /usr/include/features.h:354                    from /usr/include/inttypes.h:26                    from  /home/me/chromium/src/third_party/WebKit/JavaScriptCore/wtf/Assertions.h:51                    from  /home/me/chromium/src/third_party/WebKit/JavaScriptCore/pcre/pcre_internal.h:72                    from  /home/me/chromium/src/third_party/WebKit/JavaScriptCore/pcre/pcre_tables.cpp:43:  /usr/include/gnu/stubs.h:7:27: error: gnu/stubs-32.h: No such file or directory    Please provide