<title>Issue 2988 -   chromium -    sdch/open-vcdiff breaks build on Linux - Project Hosting on Google Code</title> <pre> I get this error with gcc 4.3.1 on Linux:    scons: Reading SConscript files ...  scons: done reading SConscript files.  scons: Building targets ...  /usr/bin/python /home/ph/chromium-root/src/webkit/build/webkit_version.py   /home/ph/chromium-  root/src/third_party/WebKit/WebCore/Configurations/Version.xcconfig   Hammer/webkit/build/WebCore  Compiling Hammer/sdch/open-vcdiff/src/blockhash.o ...  Compiling Hammer/sdch/open-vcdiff/src/logging.o ...  Compiling Hammer/sdch/open-vcdiff/src/varint_bigendian.o ...  /home/ph/chromium-root/src/sdch/open-vcdiff/src/logging.cc: In function   'void open_vcdiff::DefaultExitFatal()':  /home/ph/chromium-root/src/sdch/open-vcdiff/src/logging.cc:23: error:   'exit' was not declared in this scope  scons: *** [Hammer/sdch/open-vcdiff/src/logging.o] Error 1  /home/ph/chromium-root/src/sdch/open-vcdiff/src/blockhash.cc: In function   'bool open_vcdiff::CompareWholeWordValues(const char*  const char*) [with   int number_of_words = 1]':  /home/ph/chromium-root/src/sdch/open-vcdiff/src/blockhash.cc:253: error:   'memcpy' was not declared in this scope  /home/ph/chromium-root/src/sdch/open-vcdiff/src/blockhash.cc: In function   'bool open_vcdiff::BlockContentsMatchInline(const char*  const char*)':  /home/ph/chromium-root/src/sdch/open-vcdiff/src/blockhash.cc:288: error:   'memcmp' was not declared in this scope  scons: *** [Hammer/sdch/open-vcdiff/src/blockhash.o] Error 1  /home/ph/chromium-root/src/sdch/open-vcdiff/src/varint_bigendian.cc: In   static member function 'static int   open_vcdiff::VarintBE&lt;SignedIntegerType&gt;::Encode(SignedIntegerType  char*)   [with SignedIntegerType = int]':  /home/ph/chromium-root/src/sdch/open-vcdiff/src/varint_bigendian.cc:184:     instantiated from here  /home/ph/chromium-root/src/sdch/open-vcdiff/src/varint_bigendian.cc:146:   error: 'memcpy' was not declared in this scope  /home/ph/chromium-root/src/sdch/open-vcdiff/src/varint_bigendian.cc: In   static member function 'static int   open_vcdiff::VarintBE&lt;SignedIntegerType&gt;::Encode(SignedIntegerType  char*)   [with SignedIntegerType = long long int]':  /home/ph/chromium-root/src/sdch/open-vcdiff/src/varint_bigendian.cc:185:     instantiated from here  /home/ph/chromium-root/src/sdch/open-vcdiff/src/varint_bigendian.cc:146:   error: 'memcpy' was not declared in this scope  scons: *** [Hammer/sdch/open-vcdiff/src/varint_bigendian.o] Error 1  scons: building terminated because of errors.    It can be easily solved by #including:  &lt;string.h&gt; in blockhash.cc and varint_bigendian.cc  &lt;stdlib.h&gt; in logging.cc </pre>