<title>Issue 3143 -   chromium -    error compiling chrome - Project Hosting on Google Code</title> <pre> hello  got problem on compiling chrome on debian/lenny    scons: Reading SConscript files ...  Mkdir(&quot;/root/chrome/src/chrome/Hammer&quot;)  scons: done reading SConscript files.  scons: Building targets ...  Install file: &quot;Hammer/chrome/third_party/hunspell/dictionaries/en-US.aff&quot;  as &quot;Hammer/Dictionaries/en-US.aff&quot;  Install file: &quot;Hammer/chrome/third_party/hunspell/dictionaries/en-US.bdic&quot;  as &quot;Hammer/Dictionaries/en-US.bdic&quot;  Install file: &quot;Hammer/chrome/third_party/hunspell/dictionaries/en-US.dic&quot;  as &quot;Hammer/Dictionaries/en-US.dic&quot;  CopyConfigH([&quot;Hammer/webkit/build/JSConfig/WebCore/config.h&quot;]   [&quot;Hammer/webkit/config.h.in&quot;])  /usr/bin/perl ../third_party/WebKit/JavaScriptCore/pcre/dftables  Hammer/webkit/port/JavaScriptCore/chartables.c  Compiling Hammer/webkit/port/JavaScriptCore/pcre/pcre_ucp_searchfuncs.o ...  In file included from  /root/chrome/src/third_party/WebKit/JavaScriptCore/pcre/pcre_internal.h:72                    from  /root/chrome/src/third_party/WebKit/JavaScriptCore/pcre/pcre_ucp_searchfuncs.cpp:44:  /root/chrome/src/third_party/WebKit/JavaScriptCore/wtf/Assertions.h:46:22:  error: Platform.h: No such file or directory  /root/chrome/src/third_party/WebKit/JavaScriptCore/wtf/Assertions.h:48:13:  error: missing binary operator before token &quot;(&quot;  /root/chrome/src/third_party/WebKit/JavaScriptCore/wtf/Assertions.h:80:13:  error: missing binary operator before token &quot;(&quot;  /root/chrome/src/third_party/WebKit/JavaScriptCore/wtf/Assertions.h:89:13:  error: missing binary operator before token &quot;(&quot;  /root/chrome/src/third_party/WebKit/JavaScriptCore/wtf/Assertions.h:129:13:  error: missing binary operator before token &quot;(&quot;  /root/chrome/src/third_party/WebKit/JavaScriptCore/wtf/Assertions.h:148:13:  error: missing binary operator before token &quot;(&quot;  /root/chrome/src/third_party/WebKit/JavaScriptCore/wtf/Assertions.h:191:15:  error: missing binary operator before token &quot;(&quot;  /root/chrome/src/third_party/WebKit/JavaScriptCore/wtf/Assertions.h:204:15:  error: missing binary operator before token &quot;(&quot;  /root/chrome/src/third_party/WebKit/JavaScriptCore/wtf/Assertions.h:214:15:  error: missing binary operator before token &quot;(&quot;  /root/chrome/src/third_party/WebKit/JavaScriptCore/wtf/Assertions.h:226:15:  error: missing binary operator before token &quot;(&quot;  In file included from  /root/chrome/src/third_party/WebKit/JavaScriptCore/pcre/pcre_ucp_searchfuncs.cpp:44:  /root/chrome/src/third_party/WebKit/JavaScriptCore/pcre/pcre_internal.h:74:13:  error: missing binary operator before token &quot;(&quot;  In file included from  /root/chrome/src/third_party/WebKit/JavaScriptCore/pcre/pcre.h:45                    from  /root/chrome/src/third_party/WebKit/JavaScriptCore/pcre/pcre_internal.h:79                    from  /root/chrome/src/third_party/WebKit/JavaScriptCore/pcre/pcre_ucp_searchfuncs.cpp:44:  /root/chrome/src/third_party/WebKit/JavaScriptCore/wtf/unicode/Unicode.h:26:26:  error: wtf/Platform.h: No such file or directory  /root/chrome/src/third_party/WebKit/JavaScriptCore/wtf/unicode/Unicode.h:28:8:  error: missing binary operator before token &quot;(&quot;  /root/chrome/src/third_party/WebKit/JavaScriptCore/wtf/unicode/Unicode.h:30:10:  error: missing binary operator before token &quot;(&quot;  /root/chrome/src/third_party/WebKit/JavaScriptCore/wtf/unicode/Unicode.h:33:2:  error: #error &quot;Unknown Unicode implementation&quot;  In file included from  /root/chrome/src/third_party/WebKit/JavaScriptCore/pcre/pcre_internal.h:79                    from  /root/chrome/src/third_party/WebKit/JavaScriptCore/pcre/pcre_ucp_searchfuncs.cpp:44:  /root/chrome/src/third_party/WebKit/JavaScriptCore/pcre/pcre.h:58: error:  expected unqualified-id before '*' token  /root/chrome/src/third_party/WebKit/JavaScriptCore/pcre/pcre.h:58: error:  expected ' ' or '...' before '*' token  /root/chrome/src/third_party/WebKit/JavaScriptCore/pcre/pcre.h:63: error:  expected unqualified-id before '*' token  /root/chrome/src/third_party/WebKit/JavaScriptCore/pcre/pcre.h:63: error:  expected ' ' or '...' before '*' token  In file included from  /root/chrome/src/third_party/WebKit/JavaScriptCore/pcre/pcre_ucp_searchfuncs.cpp:44:  /root/chrome/src/third_party/WebKit/JavaScriptCore/pcre/pcre_internal.h:372: error:  'isWordChar' declared as an 'inline' variable  /root/chrome/src/third_party/WebKit/JavaScriptCore/pcre/pcre_internal.h:372: error:  'UChar' was not declared in this scope  /root/chrome/src/third_party/WebKit/JavaScriptCore/pcre/pcre_internal.h:373: error:  expected ' ' or ';' before '{' token  /root/chrome/src/third_party/WebKit/JavaScriptCore/pcre/pcre_internal.h:377: error:  'isSpaceChar' declared as an 'inline' variable  /root/chrome/src/third_party/WebKit/JavaScriptCore/pcre/pcre_internal.h:377: error:  'UChar' was not declared in this scope  /root/chrome/src/third_party/WebKit/JavaScriptCore/pcre/pcre_internal.h:378: error:  expected ' ' or ';' before '{' token  /root/chrome/src/third_party/WebKit/JavaScriptCore/pcre/pcre_internal.h:382: error:  'isNewline' declared as an 'inline' variable  /root/chrome/src/third_party/WebKit/JavaScriptCore/pcre/pcre_internal.h:382: error:  'UChar' was not declared in this scope  /root/chrome/src/third_party/WebKit/JavaScriptCore/pcre/pcre_internal.h:383: error:  expected ' ' or ';' before '{' token  cc1plus: warnings being treated as errors  /root/chrome/src/third_party/WebKit/JavaScriptCore/pcre/pcre_internal.h:372: error:  'isWordChar' defined but not used  /root/chrome/src/third_party/WebKit/JavaScriptCore/pcre/pcre_internal.h:377: error:  'isSpaceChar' defined but not used  /root/chrome/src/third_party/WebKit/JavaScriptCore/pcre/pcre_internal.h:382: error:  'isNewline' defined but not used  Compiling Hammer/webkit/port/JavaScriptCore/pcre/pcre_xclass.o ...  scons: *** [Hammer/webkit/port/JavaScriptCore/pcre/pcre_ucp_searchfuncs.o]  Error 1  In file included from  /root/chrome/src/third_party/WebKit/JavaScriptCore/pcre/pcre_internal.h:72                    from  /root/chrome/src/third_party/WebKit/JavaScriptCore/pcre/pcre_xclass.cpp:43:  /root/chrome/src/third_party/WebKit/JavaScriptCore/wtf/Assertions.h:46:22:  error: Platform.h: No such file or directory  /root/chrome/src/third_party/WebKit/JavaScriptCore/wtf/Assertions.h:48:13:  error: missing binary operator before token &quot;(&quot;  /root/chrome/src/third_party/WebKit/JavaScriptCore/wtf/Assertions.h:80:13:  error: missing binary operator before token &quot;(&quot;  /root/chrome/src/third_party/WebKit/JavaScriptCore/wtf/Assertions.h:89:13:  error: missing binary operator before token &quot;(&quot;  /root/chrome/src/third_party/WebKit/JavaScriptCore/wtf/Assertions.h:129:13:  error: missing binary operator before token &quot;(&quot;  /root/chrome/src/third_party/WebKit/JavaScriptCore/wtf/Assertions.h:148:13:  error: missing binary operator before token &quot;(&quot;  /root/chrome/src/third_party/WebKit/JavaScriptCore/wtf/Assertions.h:191:15:  error: missing binary operator before token &quot;(&quot;  /root/chrome/src/third_party/WebKit/JavaScriptCore/wtf/Assertions.h:204:15:  error: missing binary operator before token &quot;(&quot;  /root/chrome/src/third_party/WebKit/JavaScriptCore/wtf/Assertions.h:214:15:  error: missing binary operator before token &quot;(&quot;  /root/chrome/src/third_party/WebKit/JavaScriptCore/wtf/Assertions.h:226:15:  error: missing binary operator before token &quot;(&quot;  In file included from  /root/chrome/src/third_party/WebKit/JavaScriptCore/pcre/pcre_xclass.cpp:43:  /root/chrome/src/third_party/WebKit/JavaScriptCore/pcre/pcre_internal.h:74:13:  error: missing binary operator before token &quot;(&quot;  In file included from  /root/chrome/src/third_party/WebKit/JavaScriptCore/pcre/pcre.h:45                    from  /root/chrome/src/third_party/WebKit/JavaScriptCore/pcre/pcre_internal.h:79                    from  /root/chrome/src/third_party/WebKit/JavaScriptCore/pcre/pcre_xclass.cpp:43:  /root/chrome/src/third_party/WebKit/JavaScriptCore/wtf/unicode/Unicode.h:26:26:  error: wtf/Platform.h: No such file or directory  /root/chrome/src/third_party/WebKit/JavaScriptCore/wtf/unicode/Unicode.h:28:8:  error: missing binary operator before token &quot;(&quot;  /root/chrome/src/third_party/WebKit/JavaScriptCore/wtf/unicode/Unicode.h:30:10:  error: missing binary operator before token &quot;(&quot;  /root/chrome/src/third_party/WebKit/JavaScriptCore/wtf/unicode/Unicode.h:33:2:  error: #error &quot;Unknown Unicode implementation&quot;  In file included from  /root/chrome/src/third_party/WebKit/JavaScriptCore/pcre/pcre_internal.h:79                    from  /root/chrome/src/third_party/WebKit/JavaScriptCore/pcre/pcre_xclass.cpp:43:  /root/chrome/src/third_party/WebKit/JavaScriptCore/pcre/pcre.h:58: error:  expected unqualified-id before '*' token  /root/chrome/src/third_party/WebKit/JavaScriptCore/pcre/pcre.h:58: error:  expected ' ' or '...' before '*' token  /root/chrome/src/third_party/WebKit/JavaScriptCore/pcre/pcre.h:63: error:  expected unqualified-id before '*' token  /root/chrome/src/third_party/WebKit/JavaScriptCore/pcre/pcre.h:63: error:  expected ' ' or '...' before '*' token  In file included from  /root/chrome/src/third_party/WebKit/JavaScriptCore/pcre/pcre_xclass.cpp:43:  /root/chrome/src/third_party/WebKit/JavaScriptCore/pcre/pcre_internal.h:372: error:  'isWordChar' declared as an 'inline' variable  /root/chrome/src/third_party/WebKit/JavaScriptCore/pcre/pcre_internal.h:372: error:  'UChar' was not declared in this scope  /root/chrome/src/third_party/WebKit/JavaScriptCore/pcre/pcre_internal.h:373: error:  expected ' ' or ';' before '{' token  /root/chrome/src/third_party/WebKit/JavaScriptCore/pcre/pcre_internal.h:377: error:  'isSpaceChar' declared as an 'inline' variable  /root/chrome/src/third_party/WebKit/JavaScriptCore/pcre/pcre_internal.h:377: error:  'UChar' was not declared in this scope  /root/chrome/src/third_party/WebKit/JavaScriptCore/pcre/pcre_internal.h:378: error:  expected ' ' or ';' before '{' token  /root/chrome/src/third_party/WebKit/JavaScriptCore/pcre/pcre_internal.h:382: error:  'isNewline' declared as an 'inline' variable  /root/chrome/src/third_party/WebKit/JavaScriptCore/pcre/pcre_internal.h:382: error:  'UChar' was not declared in this scope  /root/chrome/src/third_party/WebKit/JavaScriptCore/pcre/pcre_internal.h:383: error:  expected ' ' or ';' before '{' token  cc1plus: warnings being treated as errors  /root/chrome/src/third_party/WebKit/JavaScriptCore/pcre/pcre_internal.h:372: error:  'isWordChar' defined but not used  /root/chrome/src/third_party/WebKit/JavaScriptCore/pcre/pcre_internal.h:377: error:  'isSpaceChar' defined but not used  /root/chrome/src/third_party/WebKit/JavaScriptCore/pcre/pcre_internal.h:382: error:  'isNewline' defined but not used  scons: *** [Hammer/webkit/port/JavaScriptCore/pcre/pcre_xclass.o] Error 1  scons: building terminated because of errors.   </pre>