<title>Issue 3216 -   chromium -    SharedMemoryTest.OpenClose failed to pass - Project Hosting on Google Code</title> <pre> hello    compiling chrome on linux debian/lenny works fine  but following error  while testing (./Hammer/base_unittests) appears    [----------] 1 test from SharedMemoryTest  [ RUN      ] SharedMemoryTest.OpenClose  /root/chrome/src/base/shared_memory_unittest.cc:111: Failure  Value of: rv    Actual: false  Expected: true  /root/chrome/src/base/shared_memory_unittest.cc:113: Failure  Value of: rv    Actual: false  Expected: true  /root/chrome/src/base/shared_memory_unittest.cc:116: Failure  Value of: rv    Actual: false  Expected: true  /root/chrome/src/base/shared_memory_unittest.cc:118: Failure  Value of: rv    Actual: false  Expected: true  /root/chrome/src/base/shared_memory_unittest.cc:119: Failure  Expected: (memory1.memory()) != (memory2.memory())  actual: (null) vs (null)  /root/chrome/src/base/shared_memory_unittest.cc:122: Failure  Expected: (memory1.memory()) != (static_cast&lt;void*&gt;(__null))  actual:  (null) vs (null)  [  FAILED  ] SharedMemoryTest.OpenClose    ...    [----------] Global test environment tear-down  [==========] 228 tests from 49 test cases ran.  [  PASSED  ] 227 tests.  [  FAILED  ] 1 test  listed below:  [  FAILED  ] SharedMemoryTest.OpenClose     1 FAILED TEST   </pre>