<title>Issue 3349 -   chromium -    Rev 3285 doesn't build on Ubuntu 8.04 - Project Hosting on Google Code</title> <pre> sebastian@bnibws02:/home/project/OSS.Chromium$ ./build.sh     ________ running 'svn update' in '/home/project/OSS.Chromium/src'  At <a href="/p/chromium/source/detail?r=3285">revision 3285</a>.  scons: Reading SConscript files ...  scons: done reading SConscript files.  scons: Building targets ...  Compiling Hammer/webkit/V8Bindings/DerivedSources/CSSGrammar.o ...  In file included from  /home/project/OSS.Chromium/src/third_party/WebKit/WebCore/dom/Node.h:29                    from  /home/project/OSS.Chromium/src/third_party/WebKit/WebCore/dom/EventTargetNode.h:29                    from  /home/project/OSS.Chromium/src/third_party/WebKit/WebCore/dom/ContainerNode.h:27                    from  /home/project/OSS.Chromium/src/third_party/WebKit/WebCore/dom/Attr.h:28                    from  /home/project/OSS.Chromium/src/third_party/WebKit/WebCore/dom/Document.h:28                    from  /home/project/OSS.Chromium/src/third_party/WebKit/WebCore/css/CSSGrammar.y:33:  /home/project/OSS.Chromium/src/webkit/pending/TreeShared.h:209:2: error:  #error &quot;You must include config.h before TreeShared.h&quot;  In file included from  /home/project/OSS.Chromium/src/third_party/WebKit/WebCore/dom/EventTargetNode.h:29                    from  /home/project/OSS.Chromium/src/third_party/WebKit/WebCore/dom/ContainerNode.h:27                    from  /home/project/OSS.Chromium/src/third_party/WebKit/WebCore/dom/Attr.h:28                    from  /home/project/OSS.Chromium/src/third_party/WebKit/WebCore/dom/Document.h:28                    from  /home/project/OSS.Chromium/src/third_party/WebKit/WebCore/css/CSSGrammar.y:33:  /home/project/OSS.Chromium/src/third_party/WebKit/WebCore/dom/Node.h:76:  error: expected template-name before '&lt;' token  /home/project/OSS.Chromium/src/third_party/WebKit/WebCore/dom/Node.h:76:  error: expected `{' before '&lt;' token  /home/project/OSS.Chromium/src/third_party/WebKit/WebCore/dom/Node.h:76:  error: expected unqualified-id before '&lt;' token  Hammer/webkit/V8Bindings/DerivedSources/CSSGrammar.cpp:4045: error:  expected `}' at end of input  Compiling Hammer/webkit/V8Bindings/DerivedSources/XLinkNames.o ...  scons: *** [Hammer/webkit/V8Bindings/DerivedSources/CSSGrammar.o] Error 1  scons: building terminated because of errors.   </pre>