<title>Issue 4535 -   chromium -    Outstanding VS2008 build issues - Project Hosting on Google Code</title> <pre>   ------ Build started: Project: chrome_exe  Configuration: Debug Win32 ------  Generating version template file  'svn.exe' n'est pas reconnu en tant que commande interne  ou externe  un programme ex��_��_cutable ou un fichier de commandes.  Project : error PRJ0002 : Error result 255 returned from 'C:WindowsSysWow64cmd.exe'.  Build Time 0:00    This one is maybe related to Vista x64.      Plus a lot of errors like that:  ------ Build started: Project: test_shell_tests  Configuration: Debug Win32 ------  password_autocomplete_listener_unittest.cc  C:Program Files (x86)Microsoft Visual Studio 9.0VCincludexrefwrap(62) : error C2143: syntax error :   missing ')' before 'constant'          C:Program Files (x86)Microsoft Visual Studio 9.0VCincludexrefwrap(87) : see reference to class   template instantiation 'std::tr1::_Pmd_caller&lt;_Ret _Arg0&gt;' being compiled  C:Program Files (x86)Microsoft Visual Studio 9.0VCincludexrefwrap(62) : error C2143: syntax error :   missing ';' before 'constant'  (...)     </pre>