<title>Issue 573 -   chromium -    Missing gperf leads to error in CSSGrammar.y - Project Hosting on Google Code</title>   1. downloading source  2. installing bison  3. trying ../third_party/scons/scons.py Hammer      get Hammer compiled      scons: Reading SConscript files ...  scons: done reading SConscript files.  scons: Building targets ...  Compiling Hammer/webkit/V8Bindings/DerivedSources/CSSGrammar.o ...  In file included from  /home/akae/Desktop/chrome/chromium/src/third_party/WebKit/WebCore/css/CSSGrammar.y:52:  Hammer/webkit/V8Bindings/DerivedSources/CSSPropertyNames.c:253: error:  'CSSPropertyID' was not declared in this scope  Hammer/webkit/V8Bindings/DerivedSources/CSSPropertyNames.c:254: error:  expected ' ' or ';' before '{' token  In file included from  /home/akae/Desktop/chrome/chromium/src/third_party/WebKit/WebCore/css/CSSGrammar.y:53:  Hammer/webkit/V8Bindings/DerivedSources/CSSValueKeywords.c: In function  'WebCore::String getValueName(short unsigned int)':  Hammer/webkit/V8Bindings/DerivedSources/CSSValueKeywords.c:539: error:  'CSS_VAL_TOTAL' was not declared in this scope  /home/akae/Desktop/chrome/chromium/src/third_party/WebKit/WebCore/css/CSSGrammar.y:  In function 'int WebCore::getPropertyID(const char*  int)':  /home/akae/Desktop/chrome/chromium/src/third_party/WebKit/WebCore/css/CSSGrammar.y:81:  error: 'findProp' was not declared in this scope  /home/akae/Desktop/chrome/chromium/src/third_party/WebKit/WebCore/css/CSSGrammar.y:85:  error: invalid use of incomplete type 'const struct WebCore::props'  /home/akae/Desktop/chrome/chromium/src/third_party/WebKit/WebCore/css/CSSGrammar.y:81:  error: forward declaration of 'const struct WebCore::props'  /home/akae/Desktop/chrome/chromium/src/third_party/WebKit/WebCore/css/CSSGrammar.y:  In function 'int getValueID(const char*  int)':  /home/akae/Desktop/chrome/chromium/src/third_party/WebKit/WebCore/css/CSSGrammar.y:106:  error: 'findValue' was not declared in this scope  /home/akae/Desktop/chrome/chromium/src/third_party/WebKit/WebCore/css/CSSGrammar.y:110:  error: invalid use of incomplete type 'const struct css_value'  /home/akae/Desktop/chrome/chromium/src/third_party/WebKit/WebCore/css/CSSGrammar.y:106:  error: forward declaration of 'const struct css_value'  Compiling Hammer/webkit/V8Bindings/DerivedSources/V8XSLTProcessor.o ...  scons: *** [Hammer/webkit/V8Bindings/DerivedSources/CSSGrammar.o] Error 1  Building bindings in  Hammer/webkit/V8Bindings/DerivedSources/V8XPathResult.cpp ...  scons: building terminated because of errors.    Please provide