<title>Issue 7191 -   chromium -    DownloadTest.UnknownSize is flaky and must be reenabled - Project Hosting on Google Code</title> <pre> The test is now disabled.    (May I add that the tests are quite slow)    <a href="http://build.chromium.org/buildbot/waterfall/builders/Vista%20Tests/builds/">http://build.chromium.org/buildbot/waterfall/builders/Vista%20Tests/builds/</a>  2935/steps/ui_tests_singleproc/logs/stdio    [----------] 4 tests from DownloadTest  [ RUN      ] DownloadTest.DownloadMimeType  [       OK ] DownloadTest.DownloadMimeType (2627 ms)  [ RUN      ] DownloadTest.NoDownload  [       OK ] DownloadTest.NoDownload (12595 ms)  [ RUN      ] DownloadTest.ContentDisposition  [       OK ] DownloadTest.ContentDisposition (2613 ms)  [ RUN      ] DownloadTest.UnknownSize  ....browserdownloaddownload_uitest.cc(132): error: Value of:   WaitForDownloadShelfVisible(dl_tab.get())    Actual: false  Expected: true  [  FAILED  ] DownloadTest.UnknownSize (10728 ms)  [----------] 4 tests from DownloadTest (28565 ms total)     </pre>