<title>Issue 7586 -   chromium -    SkInterpolator.cpp:83: error: 'endTime' may be used uninitialized in this function - Project Hosting on Google Code</title>   1. export LANG=C  2. ./depot_tools/gclient sync  3. cd src/chrome  4. ../../depot_tools/hammer -j 5 --mode=opt        Compiles        ________Creating library Hammer/opt/obj/net/libnet.a  ________Indexing Hammer/opt/obj/net/libnet.a  ________Compiling Hammer/opt/obj/skia/corecg/SkInterpolator.o  cc1plus: warnings being treated as errors  /home/project/OSS.Chromium/src/skia/corecg/SkInterpolator.cpp: In member  function 'SkInterpolatorBase::Result SkInterpolatorBase::timeToT(SkMSec   SkScalar*  int*  SkBool*) const':  /home/project/OSS.Chromium/src/skia/corecg/SkInterpolator.cpp:83: error:  'endTime' may be used uninitialized in this function  /home/project/OSS.Chromium/src/skia/corecg/SkInterpolator.cpp:83: error:  'startTime' may be used uninitialized in this function  ________Compiling Hammer/opt/obj/skia/sgl/SkMask.o  ________Compiling Hammer/opt/obj/skia/sgl/SkMaskFilter.o  scons: *** [Hammer/opt/obj/skia/corecg/SkInterpolator.o] Error 1  scons: building terminated because of errors.    Please provide