<title>Issue 7954 -   chromium -    warn_unused_result build failure - Project Hosting on Google Code</title> <pre> gcc 4.3.3    ________Compiling Hammer/opt/obj/chrome/browser/download/download_file.o  cc1plus: warnings being treated as errors  browser/download/download_file.cc: In member function 'bool  DownloadFile::AppendDataToFile(const char*  int)':  browser/download/download_file.cc:78: error: ignoring return value of  'size_t fwrite(const void*  size_t  size_t  FILE*)'  declared with  attribute warn_unused_result  scons: *** [Hammer/opt/obj/chrome/browser/download/download_file.o] Error 1  scons: building terminated because of errors. </pre>