<title>Issue 7960 -   chromium -    browser/download/download_file.cc:78: error: ignoring return value of 'size_t fwrite(const void*  size_t  size_t  FILE*)'  declared with attribute warn_unused_result - Project Hosting on Google Code</title>   !/bin/bash  export LANG=C  ./depot_tools/gclient sync  cd src/chrome  ../../depot_tools/hammer -j 5 --mode=opt        Compiles        ________ running 'svn update /home/project/OSS.Chromium/src' in  '/home/project/OSS.Chromium'  At <a href="/p/chromium/source/detail?r=10179">revision 10179</a>.    WARNING: &quot;src/third_party/WebKit/WebKit&quot; is no longer part of this client.   It is recommended that you manually remove it.    scons: Reading SConscript files ...  Skipping Gears build: no perforce tree checked out.  scons: done reading SConscript files.  scons: Building targets ...  /usr/bin/python /home/project/OSS.Chromium/src/third_party/scons/scons.py  -Q -C /home/project/OSS.Chromium/src/chrome/Hammer/opt/obj/v8 -Y  /home/project/OSS.Chromium/src/v8 --warn=no-deprecated  --warn=no-no-parallel-support mode=release snapshot=off sample=shell  scons: `sample' is up to date.  /usr/bin/python /home/project/OSS.Chromium/src/third_party/scons/scons.py  -Q -C /home/project/OSS.Chromium/src/chrome/Hammer/opt/obj/v8 -Y  /home/project/OSS.Chromium/src/v8 --warn=no-deprecated  --warn=no-no-parallel-support mode=release snapshot=on  /home/project/OSS.Chromium/src/chrome/Hammer/opt/obj/v8/obj/release/libraries-empty.o  /home/project/OSS.Chromium/src/chrome/Hammer/opt/obj/v8/obj/release/snapshot.o  scons: `obj/release/libraries-empty.o' is up to date.  scons: `obj/release/snapshot.o' is up to date.  /usr/bin/python  /home/project/OSS.Chromium/src/webkit/build/webkit_version.py  /home/project/OSS.Chromium/src/third_party/WebKit/WebCore/Configurations/Version.xcconfig  Hammer/opt/obj/webkit/build/WebCore  ________Compiling Hammer/opt/obj/chrome/browser/download/download_file.o  ________Compiling Hammer/opt/obj/chrome/browser/download/save_file.o  ________Compiling Hammer/opt/obj/chrome/browser/download/save_file_manager.o  ________Compiling Hammer/opt/obj/chrome/browser/download/save_item.o  ________Compiling Hammer/opt/obj/chrome/browser/download/save_package.o  ________Compiling Hammer/opt/obj/chrome/browser/autofill_manager.o  ________Compiling Hammer/opt/obj/chrome/browser/extensions/extension.o  cc1plus: warnings being treated as errors  browser/download/download_file.cc: In member function 'bool  DownloadFile::AppendDataToFile(const char*  int)':  browser/download/download_file.cc:78: error: ignoring return value of  'size_t fwrite(const void*  size_t  size_t  FILE*)'  declared with  attribute warn_unused_result  scons: *** [Hammer/opt/obj/chrome/browser/download/download_file.o] Error 1  scons: building terminated because of errors.      Please provide