<title>Issue 8231 -   chromium -    src/v8/src/log.cc:389: error: ignoring return value of 'size_t fwrite(const void*  size_t  size_t  FILE*)'  declared with attribute warn_unused_result - Project Hosting on Google Code</title> <pre> Chrome Version       : SVN        Ubuntu 8.10:    export LANG=C  ./depot_tools/gclient sync  cd src/chrome  ../../depot_tools/hammer -j 5 --mode=opt        ________ running 'svn update /home/project/OSS.Chromium/src' in  '/home/project/OSS.Chromium'  At <a href="/p/chromium/source/detail?r=10678">revision 10678</a>.    ________ running 'svn update /home/project/OSS.Chromium/src/tools/gyp' in  '/home/project/OSS.Chromium'  At <a href="/p/chromium/source/detail?r=331">revision 331</a>.  scons: Reading SConscript files ...  Skipping Gears build: no perforce tree checked out.  scons: done reading SConscript files.  scons: Building targets ...  /usr/bin/python /home/project/OSS.Chromium/src/third_party/scons/scons.py  -Q -C /home/project/OSS.Chromium/src/chrome/Hammer/opt/obj/v8 -Y  /home/project/OSS.Chromium/src/v8 --warn=no-deprecated  --warn=no-no-parallel-support mode=release snapshot=off sample=shell  g++ -o obj/release/log.o -c -pedantic -Wall -Werror -W  -Wno-unused-parameter -O3 -fomit-frame-pointer -fdata-sections  -ffunction-sections -ansi -fno-rtti -fno-exceptions -pedantic -Wall -Werror  -W -Wno-unused-parameter -O3 -fomit-frame-pointer -fdata-sections  -ffunction-sections -ansi -DENABLE_LOGGING_AND_PROFILING  /home/project/OSS.Chromium/src/v8/src/log.cc  cc1plus: warnings being treated as errors  /home/project/OSS.Chromium/src/v8/src/log.cc: In member function 'void  v8::internal::LogMessageBuilder::WriteToLogFile()':  /home/project/OSS.Chromium/src/v8/src/log.cc:389: error: ignoring return  value of 'size_t fwrite(const void*  size_t  size_t  FILE*)'  declared with  attribute warn_unused_result  scons: *** [obj/release/log.o] Error 1  scons: ***  [Hammer/opt/obj/third_party/WebKit/WebKit/chromium/src/ChromiumBridge.o]  Source  `Hammer/opt/obj/third_party/WebKit/WebKit/chromium/src/ChromiumBridge.cpp'  not found  needed by target  `Hammer/opt/obj/third_party/WebKit/WebKit/chromium/src/ChromiumBridge.o'.  scons: *** [Hammer/opt/obj/v8/shell] Error 2  scons: building terminated because of errors.   </pre>