<title>Issue 8667 -   chromium -    Memory tests crash sporadically - Project Hosting on Google Code</title> <pre> The memory tests sometimes crash on Buildbot.  Here's some example output:    [ RUN      ] MemoryTest.TwelveTabTest    RESULT vm_final_browser: 12t_vm_b= 29676 kb  RESULT ws_final_browser: 12t_ws_b= 48340 kb  RESULT vm_final_total: 12t_vm= 371844 kb  *RESULT ws_final_total: 12t_ws= 244288 kb  RESULT processes: 12t_proc= 13  *RESULT commit_charge: 12t_cc= 349444 kb  C:bslavechromium-rel-xpbuildsrcchrometestuiui_test.cc(177): error: Value of: actual_crashes    Actual: 1  Expected: expected_crashes_  Which is: 0  Encountered an unexpected crash in the program during this test.  [  FAILED  ] MemoryTest.TwelveTabTest (33016 ms) </pre>