<title>Issue 9637 -   chromium -    BrowserDistribution tests failing on official builder - Project Hosting on Google Code</title> <pre> BrowserDistribution.StringsTest:  .google_chrome_distribution_unittest.cc(279): error: Value of:   name.empty()    Actual: true  Expected: false  .google_chrome_distribution_unittest.cc(281): error: Value of:   desc.empty()    Actual: true  Expected: false  .google_chrome_distribution_unittest.cc(283): error: Value of:   alt_name.empty()    Actual: true  Expected: false    BrowserDistribution.AlternateAndNormalShortcutName:  .google_chrome_distribution_unittest.cc(293): error: Expected:   (normal_name) != (alternate_name)  actual: L&quot;.lnk&quot; vs L&quot;.lnk&quot;    It looks like the name lookup is failing  but I can't figure out why.    The shortcuts that get installed look fine  so it's _possible_ that this is   a build artifact.     I need to rebuild 172.1 anyway  and will close this bug if the tests pass   in that build.   </pre>